 Initialze the atomic densities on each center
 Done
 Iteration            1
  total electronic energy   =      -5503.1349335318
  nuclear repulsion energy  =        167.7652975085
  total energy              =      -5335.3696360233
  maxdiff in density matrix =      0.2504435179E+01 (  21.556%) 
 Iteration            2
  total electronic energy   =      -5563.0177957108
  nuclear repulsion energy  =        167.7652975085
  total energy              =      -5395.2524982023
  maxdiff in density matrix =      0.8427946118E-01 (   0.730%) 
 Iteration            3
  total electronic energy   =      -5563.0225235227
  nuclear repulsion energy  =        167.7652975085
  total energy              =      -5395.2572260142
  maxdiff in density matrix =      0.9691019143E-01 (   0.920%) 
 Iteration            4
  total electronic energy   =      -5563.0237310296
  nuclear repulsion energy  =        167.7652975085
  total energy              =      -5395.2584335212
  maxdiff in density matrix =      0.5110786260E-01 (   0.444%) 
 Iteration            5
  total electronic energy   =      -5563.0241135579
  nuclear repulsion energy  =        167.7652975085
  total energy              =      -5395.2588160494
  maxdiff in density matrix =      0.5048233851E-01 ( 213.741%) 
 Iteration            6
  total electronic energy   =      -5563.0242781668
  nuclear repulsion energy  =        167.7652975085
  total energy              =      -5395.2589806583
  maxdiff in density matrix =      0.1958264423E-01 (   0.170%) 
 Iteration            7
  total electronic energy   =      -5563.0243624931
  nuclear repulsion energy  =        167.7652975085
  total energy              =      -5395.2590649846
  maxdiff in density matrix =      0.1505016426E-01 (   0.168%) 
 Iteration            8
  total electronic energy   =      -5563.0244146006
  nuclear repulsion energy  =        167.7652975085
  total energy              =      -5395.2591170921
  maxdiff in density matrix =      0.1060832602E-01 (   0.119%) 
 Iteration            9
  total electronic energy   =      -5563.0244485984
  nuclear repulsion energy  =        167.7652975085
  total energy              =      -5395.2591510899
  maxdiff in density matrix =      0.8627400084E-02 (   0.096%) 
 Iteration           10
  total electronic energy   =      -5563.0244728404
  nuclear repulsion energy  =        167.7652975085
  total energy              =      -5395.2591753320
  maxdiff in density matrix =      0.7137889125E-02 (  11.085%) 
 Iteration           11
  total electronic energy   =      -5563.0244893172
  nuclear repulsion energy  =        167.7652975085
  total energy              =      -5395.2591918087
  maxdiff in density matrix =      0.5736254976E-02 ( 233.178%) 
 Iteration           12
  total electronic energy   =      -5563.0245028334
  nuclear repulsion energy  =        167.7652975085
  total energy              =      -5395.2592053250
  maxdiff in density matrix =      0.1522421313E-01 (   0.119%) 
 Iteration           13
  total electronic energy   =      -5563.0245106576
  nuclear repulsion energy  =        167.7652975085
  total energy              =      -5395.2592131491
  maxdiff in density matrix =      0.1211750441E-01 (   0.095%) 
 Iteration           14
  total electronic energy   =      -5563.0245167594
  nuclear repulsion energy  =        167.7652975085
  total energy              =      -5395.2592192509
  maxdiff in density matrix =      0.2325148547E-02 (   0.019%) 
 Iteration           15
  total electronic energy   =      -5563.0245210425
  nuclear repulsion energy  =        167.7652975085
  total energy              =      -5395.2592235340
  maxdiff in density matrix =      0.3725030412E-02 (   0.029%) 
 Iteration           16
  total electronic energy   =      -5563.0245241576
  nuclear repulsion energy  =        167.7652975085
  total energy              =      -5395.2592266491
  maxdiff in density matrix =      0.1498283233E-02 (   0.012%) 
 Iteration           17
  total electronic energy   =      -5563.0245264553
  nuclear repulsion energy  =        167.7652975085
  total energy              =      -5395.2592289468
  maxdiff in density matrix =      0.1578918637E-02 ( 128.490%) 
 Iteration           18
  total electronic energy   =      -5563.0245280311
  nuclear repulsion energy  =        167.7652975085
  total energy              =      -5395.2592305226
  maxdiff in density matrix =      0.2411019210E-02 (   0.019%) 
 Iteration           19
  total electronic energy   =      -5563.0245325766
  nuclear repulsion energy  =        167.7652975085
  total energy              =      -5395.2592350681
  maxdiff in density matrix =      0.7437212998E-01 (   0.583%) 
 Iteration           20
  total electronic energy   =      -5563.0245296858
  nuclear repulsion energy  =        167.7652975085
  total energy              =      -5395.2592321773
  maxdiff in density matrix =      0.7159101030E-01 (   0.562%) 
 Iteration           21
  total electronic energy   =      -5563.0245306296
  nuclear repulsion energy  =        167.7652975085
  total energy              =      -5395.2592331211
  maxdiff in density matrix =      0.1129109574E-01 ( 248.470%) 
 Iteration           22
  total electronic energy   =      -5563.0245311100
  nuclear repulsion energy  =        167.7652975085
  total energy              =      -5395.2592336016
  maxdiff in density matrix =      0.5227517469E-03 (   3.424%) 
 Iteration           23
  total electronic energy   =      -5563.0245313945
  nuclear repulsion energy  =        167.7652975085
  total energy              =      -5395.2592338861
  maxdiff in density matrix =      0.3480322757E-03 (  38.460%) 
 Iteration           24
  total electronic energy   =      -5563.0245315945
  nuclear repulsion energy  =        167.7652975085
  total energy              =      -5395.2592340860
  maxdiff in density matrix =      0.3972125786E-03 (   0.003%) 
 Iteration           25
  total electronic energy   =      -5563.0245317325
  nuclear repulsion energy  =        167.7652975085
  total energy              =      -5395.2592342240
  maxdiff in density matrix =      0.2868343325E-03 (   0.002%) 
 Iteration           26
  total electronic energy   =      -5563.0245318321
  nuclear repulsion energy  =        167.7652975085
  total energy              =      -5395.2592343237
  maxdiff in density matrix =      0.2337344767E-03 (   0.002%) 
 Iteration           27
  total electronic energy   =      -5563.0245319007
  nuclear repulsion energy  =        167.7652975085
  total energy              =      -5395.2592343922
  maxdiff in density matrix =      0.1660740837E-03 (   0.001%) 
 Iteration           28
  total electronic energy   =      -5563.0245319526
  nuclear repulsion energy  =        167.7652975085
  total energy              =      -5395.2592344441
Options: 
Namespace(debug=False, deltax=0.2, deltay=0.2, deltaz=0.2, dumpfiles=False, fitcoefffile='fitcoeff.txt', fittfile='fitt2.inp', info_fragA='info_eda_nocv_fragA.json', info_fragB='info_eda_nocv_fragB.json', inputfile='input.inp', lmargin=10.0, npairs=12, ovapfile='ovap.txt', thresh=1e-11, vctfile='vct.txt', verbosity=-1, wrapperso='/home/belp/BERTHA/pybertha/lib/bertha_wrapper.so')


Verbosity       :  -1
Dumpfiles       :  0

Matrix dimension:  1020
            nocc:  60
          nshift:  510
           nopen:  0
     level shift:  -1.0

Totaltime:     494.02954626083374  (CPU time:  718.2163328500001 ) s 
MainRun Time:  493.8821814060211  (CPU time:  717.714434142 ) s 

Final results 
eigenvalue     1        -930.70953176
eigenvalue     2        -930.70953176
eigenvalue     3        -137.21577570
eigenvalue     4        -137.21577570
eigenvalue     5        -127.53797106
eigenvalue     6        -127.53797106
eigenvalue     7        -121.09375941
eigenvalue     8        -121.09375941
eigenvalue     9        -121.09311338
eigenvalue    10        -121.09311338
eigenvalue    11         -25.36490496
eigenvalue    12         -25.36490496
eigenvalue    13         -21.51622695
eigenvalue    14         -21.51622695
eigenvalue    15         -20.38031724
eigenvalue    16         -20.38031724
eigenvalue    17         -20.37800142
eigenvalue    18         -20.37800142
eigenvalue    19         -13.56048006
eigenvalue    20         -13.56048006
eigenvalue    21         -13.55829270
eigenvalue    22         -13.55829270
eigenvalue    23         -13.33210219
eigenvalue    24         -13.33210219
eigenvalue    25         -13.33066690
eigenvalue    26         -13.33066690
eigenvalue    27         -13.32922252
eigenvalue    28         -13.32922252
eigenvalue    29         -10.16229490
eigenvalue    30         -10.16229490
eigenvalue    31         -10.16052575
eigenvalue    32         -10.16052575
eigenvalue    33          -3.75010698
eigenvalue    34          -3.75010698
eigenvalue    35          -2.54052459
eigenvalue    36          -2.54052459
eigenvalue    37          -2.35502369
eigenvalue    38          -2.35502369
eigenvalue    39          -2.35154866
eigenvalue    40          -2.35154866
eigenvalue    41          -0.93291490
eigenvalue    42          -0.93291490
eigenvalue    43          -0.73797475
eigenvalue    44          -0.73797475
eigenvalue    45          -0.67036150
eigenvalue    46          -0.67036150
eigenvalue    47          -0.57065649
eigenvalue    48          -0.57065649
eigenvalue    49          -0.54503578
eigenvalue    50          -0.54503578
eigenvalue    51          -0.54323266
eigenvalue    52          -0.54323266
eigenvalue    53          -0.52878922
eigenvalue    54          -0.52878922
eigenvalue    55          -0.52009162
eigenvalue    56          -0.52009162
eigenvalue    57          -0.49104286
eigenvalue    58          -0.49104286
eigenvalue    59          -0.48166885
eigenvalue    60          -0.48166885
      lumo                -0.33738461
      SUMEIGEN         -3259.48431884

total electronic energy  =       -5563.02453195
nuclear repulsion energy =         167.76529751
total energy             =       -5395.25923444

Compute density matrix 
Trace  
(       60.0000000000,        -0.0000000000i)
etotal fragA: -5317.80671467 
 
exc    fragA: -150.29236489 
 
etotal fragB: -77.39007369 
 
exc    fragB: -11.47173647 
 
Trace of DS: 60.00000000 -0.00000000i

check cmata: OK
check cmatb: OK
check cmat_join: OK
noccab : 60

Enter Loewdin
Compute O
Check Trace of O
(60+5.345694122746154e-16j)
Compute inverse of O : O^-1
Compute trace of O^-1

Trace of O^-1 : 60.16040070100931, -0.00000000000000 i

Compute Z x O^-1 x Z^-1 to check eigenvector

trace of Z x O^-1 x Z^-1 : 60.16040070100932, -0.00000000000000 i

sum of eigs of O^-1: 60.16040070100934 -0.00000000000000

Trace of DmatAB 60.00000000 -0.00000000i

Trace of Dmat0 60.00000000 -0.00000000i

NOCV orthonormal: False

trace of nocv_-1 : 1.00000000

trace of nocv_+1 : 1.00000000

trace of nocv_-2 : 1.00000000

trace of nocv_+2 : 1.00000000

trace of nocv_-3 : 1.00000000

trace of nocv_+3 : 1.00000000

trace of nocv_-4 : 1.00000000

trace of nocv_+4 : 1.00000000

trace of nocv_-5 : 1.00000000

trace of nocv_+5 : 1.00000000

trace of nocv_-6 : 1.00000000

trace of nocv_+6 : 1.00000000

trace of nocv_-7 : 1.00000000

trace of nocv_+7 : 1.00000000

trace of nocv_-8 : 1.00000000

trace of nocv_+8 : 1.00000000

trace of nocv_-9 : 1.00000000

trace of nocv_+9 : 1.00000000

trace of nocv_-10 : 1.00000000

trace of nocv_+10 : 1.00000000

trace of nocv_-11 : 1.00000000

trace of nocv_+11 : 1.00000000

trace of nocv_-12 : 1.00000000

trace of nocv_+12 : 1.00000000

 TEST  Density --> Fock --> energy
total electronic energy  =          -5563.024531972217119
nuclear repulsion energy =            167.765297508479762
total energy             =          -5395.259234463737812
coulomb energy           =           4704.470406012044805
Exc     energy           =           -161.766384838311524
 TEST  Density_0 --> Fock --> energy
total electronic energy  =          -5562.961693482656301
nuclear repulsion energy =            167.765297508479762
total energy             =          -5395.196395974176994
coulomb energy           =           4704.200635908845470
Exc     energy           =           -161.851553428399058
 TEST  Density_A+B --> Fock --> energy
total electronic energy  =          -5563.097691546776332
nuclear repulsion energy =            167.765297508479762
total energy             =          -5395.332394038296115
coulomb energy           =           4702.749666335659640
Exc     energy           =           -161.812680194273042
 TEST  Density --> Fock --> energy
total electronic energy  =          -5563.024531972217119
nuclear repulsion energy =            167.765297508479762
total energy             =          -5395.259234463737812
coulomb energy           =           4704.470406012044805
Exc     energy           =           -161.766384838311524
Total interaction  energy : -0.06244610

trace of DeltaD F^TS Orbital energy : -0.06288260

trace of DeltaD F^TS Ziegler formula Orbital energy : -0.06283532

trace of DeltaD F^TS Pauli energy : 0.13599594

 TEST  Density_A+B --> Fock --> energy
total electronic energy  =          -5563.097691546776332
nuclear repulsion energy =            167.765297508479762
total energy             =          -5395.332394038296115
coulomb energy           =           4702.749666335659640
Exc     energy           =           -161.812680194273042
Delta_Exc = exc - exc_fragA - exc_fragB: -0.04857883

Pauli (DeltaD F^TS Pauli energy + Delta_Exc: 0.08741711

Electrostatic int E_A+B - Delta_Exc:  -0.08702685

trace of nocv_-1 : 1.00000000

trace of nocv_+1 : 1.00000000

trace of DeltaD F^TS1 : -0.01903228

trace of nocv_-2 : 1.00000000

trace of nocv_+2 : 1.00000000

trace of DeltaD F^TS1 : -0.01903228

trace of nocv_-3 : 1.00000000

trace of nocv_+3 : 1.00000000

trace of DeltaD F^TS1 : -0.00557772

trace of nocv_-4 : 1.00000000

trace of nocv_+4 : 1.00000000

trace of DeltaD F^TS1 : -0.00557772

trace of nocv_-5 : 1.00000000

trace of nocv_+5 : 1.00000000

trace of DeltaD F^TS1 : -0.00248424

trace of nocv_-6 : 1.00000000

trace of nocv_+6 : 1.00000000

trace of DeltaD F^TS1 : -0.00248424

trace of nocv_-7 : 1.00000000

trace of nocv_+7 : 1.00000000

trace of DeltaD F^TS1 : -0.00206845

trace of nocv_-8 : 1.00000000

trace of nocv_+8 : 1.00000000

trace of DeltaD F^TS1 : -0.00206845

trace of nocv_-9 : 1.00000000

trace of nocv_+9 : 1.00000000

trace of DeltaD F^TS1 : -0.00091715

trace of nocv_-10 : 1.00000000

trace of nocv_+10 : 1.00000000

trace of DeltaD F^TS1 : -0.00091715

trace of nocv_-11 : 1.00000000

trace of nocv_+11 : 1.00000000

trace of DeltaD F^TS1 : -0.00025321

trace of nocv_-12 : 1.00000000

trace of nocv_+12 : 1.00000000

trace of DeltaD F^TS1 : -0.00025321

