 Initialze the atomic densities on each center
 Done
 Iteration            1
  total electronic energy   =        -75.5494321577
  nuclear repulsion energy  =          8.9871453058
  total energy              =        -66.5622868519
  maxdiff in density matrix =      0.1179417438E+00 ( 201.704%) 
 Iteration            2
  total electronic energy   =        -85.5199981747
  nuclear repulsion energy  =          8.9871453058
  total energy              =        -76.5328528690
  maxdiff in density matrix =      0.7600490449E-01 (  28.151%) 
 Iteration            3
  total electronic energy   =        -85.4981935331
  nuclear repulsion energy  =          8.9871453058
  total energy              =        -76.5110482273
  maxdiff in density matrix =      0.4573055200E-01 (  16.404%) 
 Iteration            4
  total electronic energy   =        -85.4947442616
  nuclear repulsion energy  =          8.9871453058
  total energy              =        -76.5075989559
  maxdiff in density matrix =      0.1187163893E-01 (   4.534%) 
 Iteration            5
  total electronic energy   =        -85.4942608970
  nuclear repulsion energy  =          8.9871453058
  total energy              =        -76.5071155913
  maxdiff in density matrix =      0.8208558752E-02 (   3.044%) 
 Iteration            6
  total electronic energy   =        -85.4942397175
  nuclear repulsion energy  =          8.9871453058
  total energy              =        -76.5070944117
  maxdiff in density matrix =      0.3103660695E-02 (   1.176%) 
 Iteration            7
  total electronic energy   =        -85.4942669806
  nuclear repulsion energy  =          8.9871453058
  total energy              =        -76.5071216748
  maxdiff in density matrix =      0.1659622619E-02 (   0.609%) 
 Iteration            8
  total electronic energy   =        -85.4942859217
  nuclear repulsion energy  =          8.9871453058
  total energy              =        -76.5071406160
  maxdiff in density matrix =      0.7195442029E-03 (   0.271%) 
 Iteration            9
  total electronic energy   =        -85.4942964426
  nuclear repulsion energy  =          8.9871453058
  total energy              =        -76.5071511368
  maxdiff in density matrix =      0.4024559070E-03 (   0.147%) 
 Iteration           10
  total electronic energy   =        -85.4943018917
  nuclear repulsion energy  =          8.9871453058
  total energy              =        -76.5071565860
  maxdiff in density matrix =      0.2624784233E-03 (   0.831%) 
 Iteration           11
  total electronic energy   =        -85.4943050611
  nuclear repulsion energy  =          8.9871453058
  total energy              =        -76.5071597553
  maxdiff in density matrix =      0.1988777977E-03 (   0.625%) 
 Iteration           12
  total electronic energy   =        -85.4943065747
  nuclear repulsion energy  =          8.9871453058
  total energy              =        -76.5071612689
  maxdiff in density matrix =      0.1314414288E-03 (   0.411%) 
 Iteration           13
  total electronic energy   =        -85.4943074016
  nuclear repulsion energy  =          8.9871453058
  total energy              =        -76.5071620958
  maxdiff in density matrix =      0.9689398652E-04 (   0.302%) 
 Iteration           14
  total electronic energy   =        -85.4943079118
  nuclear repulsion energy  =          8.9871453058
  total energy              =        -76.5071626061
  maxdiff in density matrix =      0.7293132164E-04 (   0.227%) 
 Iteration           15
  total electronic energy   =        -85.4943081016
  nuclear repulsion energy  =          8.9871453058
  total energy              =        -76.5071627959
  maxdiff in density matrix =      0.4438324461E-04 (   0.138%) 
 Iteration           16
  total electronic energy   =        -85.4943082093
  nuclear repulsion energy  =          8.9871453058
  total energy              =        -76.5071629035
  maxdiff in density matrix =      0.3052083511E-04 (   0.095%) 
 Iteration           17
  total electronic energy   =        -85.4943082717
  nuclear repulsion energy  =          8.9871453058
  total energy              =        -76.5071629659
  maxdiff in density matrix =      0.2368514315E-04 (   0.073%) 
 Iteration           18
  total electronic energy   =        -85.4943083094
  nuclear repulsion energy  =          8.9871453058
  total energy              =        -76.5071630036
  maxdiff in density matrix =      0.2143719417E-04 (   0.066%) 
 Iteration           19
  total electronic energy   =        -85.4943083368
  nuclear repulsion energy  =          8.9871453058
  total energy              =        -76.5071630310
  maxdiff in density matrix =      0.2083873176E-04 (   0.008%) 
 Iteration           20
  total electronic energy   =        -85.4943083440
  nuclear repulsion energy  =          8.9871453058
  total energy              =        -76.5071630382
  maxdiff in density matrix =      0.1453380810E-04 (   0.028%) 
 Iteration           21
  total electronic energy   =        -85.4943083486
  nuclear repulsion energy  =          8.9871453058
  total energy              =        -76.5071630428
  maxdiff in density matrix =      0.4233077363E-05 (   0.008%) 
 Iteration           22
  total electronic energy   =        -85.4943083510
  nuclear repulsion energy  =          8.9871453058
  total energy              =        -76.5071630452
  maxdiff in density matrix =      0.2767899510E-05 (   0.091%) 
 Iteration           23
  total electronic energy   =        -85.4943083525
  nuclear repulsion energy  =          8.9871453058
  total energy              =        -76.5071630468
  maxdiff in density matrix =      0.2307667250E-05 (   0.001%) 
 Iteration           24
  total electronic energy   =        -85.4943083530
  nuclear repulsion energy  =          8.9871453058
  total energy              =        -76.5071630473
Options: 
Namespace(debug=False, deltax=0.2, deltay=0.2, deltaz=0.2, dumpfiles=False, fitcoefffile='fitcoeff.txt', fittfile='fitt2.inp', info_fragA='info_eda_nocv_fragA.json', info_fragB='info_eda_nocv_fragB.json', inputfile='input.inp', lmargin=10.0, npairs=12, ovapfile='ovap.txt', thresh=1e-11, vctfile='vct.txt', verbosity=-1, wrapperso='/home/belp/BERTHA/pybertha/lib/bertha_wrapper.so')


Verbosity       :  -1
Dumpfiles       :  0

Matrix dimension:  228
            nocc:  10
          nshift:  114
           nopen:  0
     level shift:  -1.0

Totaltime:     20.04577660560608  (CPU time:  49.345430547 ) s 
MainRun Time:  20.03790044784546  (CPU time:  49.327634044 ) s 

Final results 
eigenvalue     1         -18.80794768
eigenvalue     2         -18.80794768
eigenvalue     3          -0.93353334
eigenvalue     4          -0.93353334
eigenvalue     5          -0.48228206
eigenvalue     6          -0.48228206
eigenvalue     7          -0.34943094
eigenvalue     8          -0.34943094
eigenvalue     9          -0.26884250
eigenvalue    10          -0.26884250
      lumo                -0.04365901
      SUMEIGEN           -41.68407303

total electronic energy  =         -85.49430835
nuclear repulsion energy =           8.98714531
total energy             =         -76.50716305

Compute density matrix 
Trace  
(       10.0000000000,         0.0000000000i)
etotal fragA: -76.50727440 
 
exc    fragA: -9.31411734 
 
etotal fragB: -76.50716305 
 
exc    fragB: -9.31056138 
 
Trace of DS: 10.00000000 -0.00000000i

check cmata: OK
check cmatb: OK
check cmat_join : wrong ndimtot
noccab : 20

