 Initialze the atomic densities on each center
 Done
 Iteration            1
  total electronic energy   =      -5502.7267645104
  nuclear repulsion energy  =        167.7652975085
  total energy              =      -5334.9614670019
  maxdiff in density matrix =      0.2218224718E+00 ( 133.285%) 
 Iteration            2
  total electronic energy   =      -5562.6221945713
  nuclear repulsion energy  =        167.7652975085
  total energy              =      -5394.8568970628
  maxdiff in density matrix =      0.1029060915E+00 (  25.203%) 
 Iteration            3
  total electronic energy   =      -5562.6279543147
  nuclear repulsion energy  =        167.7652975085
  total energy              =      -5394.8626568062
  maxdiff in density matrix =      0.1557753203E-01 (   2.098%) 
 Iteration            4
  total electronic energy   =      -5562.6287373826
  nuclear repulsion energy  =        167.7652975085
  total energy              =      -5394.8634398741
  maxdiff in density matrix =      0.8393415745E-02 (   1.125%) 
 Iteration            5
  total electronic energy   =      -5562.6289439805
  nuclear repulsion energy  =        167.7652975085
  total energy              =      -5394.8636464720
  maxdiff in density matrix =      0.9223831098E-02 (   1.236%) 
 Iteration            6
  total electronic energy   =      -5562.6290373260
  nuclear repulsion energy  =        167.7652975085
  total energy              =      -5394.8637398175
  maxdiff in density matrix =      0.4767906642E-02 (   0.637%) 
 Iteration            7
  total electronic energy   =      -5562.6290952400
  nuclear repulsion energy  =        167.7652975085
  total energy              =      -5394.8637977315
  maxdiff in density matrix =      0.5003071467E-02 (   0.668%) 
 Iteration            8
  total electronic energy   =      -5562.6291330931
  nuclear repulsion energy  =        167.7652975085
  total energy              =      -5394.8638355847
  maxdiff in density matrix =      0.2870869321E-02 (   1.802%) 
 Iteration            9
  total electronic energy   =      -5562.6291609673
  nuclear repulsion energy  =        167.7652975085
  total energy              =      -5394.8638634589
  maxdiff in density matrix =      0.2791065898E-02 (   0.372%) 
 Iteration           10
  total electronic energy   =      -5562.6291815173
  nuclear repulsion energy  =        167.7652975085
  total energy              =      -5394.8638840088
  maxdiff in density matrix =      0.1886178779E-02 (   1.148%) 
 Iteration           11
  total electronic energy   =      -5562.6291999075
  nuclear repulsion energy  =        167.7652975085
  total energy              =      -5394.8639023990
  maxdiff in density matrix =      0.1747736028E-02 (   1.052%) 
 Iteration           12
  total electronic energy   =      -5562.6292066867
  nuclear repulsion energy  =        167.7652975085
  total energy              =      -5394.8639091783
  maxdiff in density matrix =      0.1231024691E-02 (   0.735%) 
 Iteration           13
  total electronic energy   =      -5562.6292155152
  nuclear repulsion energy  =        167.7652975085
  total energy              =      -5394.8639180067
  maxdiff in density matrix =      0.1096505555E-02 (   0.650%) 
 Iteration           14
  total electronic energy   =      -5562.6292212905
  nuclear repulsion energy  =        167.7652975085
  total energy              =      -5394.8639237821
  maxdiff in density matrix =      0.8300317009E-03 (   0.489%) 
 Iteration           15
  total electronic energy   =      -5562.6292254093
  nuclear repulsion energy  =        167.7652975085
  total energy              =      -5394.8639279008
  maxdiff in density matrix =      0.7446725351E-03 (   0.437%) 
 Iteration           16
  total electronic energy   =      -5562.6292283223
  nuclear repulsion energy  =        167.7652975085
  total energy              =      -5394.8639308138
  maxdiff in density matrix =      0.5659226534E-03 (   0.331%) 
 Iteration           17
  total electronic energy   =      -5562.6292303862
  nuclear repulsion energy  =        167.7652975085
  total energy              =      -5394.8639328777
  maxdiff in density matrix =      0.5241601642E-03 (   0.305%) 
 Iteration           18
  total electronic energy   =      -5562.6292319228
  nuclear repulsion energy  =        167.7652975085
  total energy              =      -5394.8639344143
  maxdiff in density matrix =      0.3785298690E-03 (   0.220%) 
 Iteration           19
  total electronic energy   =      -5562.6292328886
  nuclear repulsion energy  =        167.7652975085
  total energy              =      -5394.8639353801
  maxdiff in density matrix =      0.3749461360E-03 (   0.217%) 
 Iteration           20
  total electronic energy   =      -5562.6292336181
  nuclear repulsion energy  =        167.7652975085
  total energy              =      -5394.8639361096
  maxdiff in density matrix =      0.2707484583E-03 (   0.157%) 
 Iteration           21
  total electronic energy   =      -5562.6292341345
  nuclear repulsion energy  =        167.7652975085
  total energy              =      -5394.8639366260
  maxdiff in density matrix =      0.2629960765E-03 (   0.152%) 
 Iteration           22
  total electronic energy   =      -5562.6292345307
  nuclear repulsion energy  =        167.7652975085
  total energy              =      -5394.8639370222
  maxdiff in density matrix =      0.1950823645E-03 (   0.113%) 
 Iteration           23
  total electronic energy   =      -5562.6292371864
  nuclear repulsion energy  =        167.7652975085
  total energy              =      -5394.8639396779
  maxdiff in density matrix =      0.8238683067E-03 (  63.750%) 
 Iteration           24
  total electronic energy   =      -5562.6292347223
  nuclear repulsion energy  =        167.7652975085
  total energy              =      -5394.8639372139
  maxdiff in density matrix =      0.7336294424E-03 ( 163.728%) 
 Iteration           25
  total electronic energy   =      -5562.6292351181
  nuclear repulsion energy  =        167.7652975085
  total energy              =      -5394.8639376096
  maxdiff in density matrix =      0.1431859211E-03 (   0.082%) 
 Iteration           26
  total electronic energy   =      -5562.6292352238
  nuclear repulsion energy  =        167.7652975085
  total energy              =      -5394.8639377153
  maxdiff in density matrix =      0.1154823897E-03 (   0.066%) 
 Iteration           27
  total electronic energy   =      -5562.6292353481
  nuclear repulsion energy  =        167.7652975085
  total energy              =      -5394.8639378396
  maxdiff in density matrix =      0.9067885448E-04 (   0.052%) 
 Iteration           28
  total electronic energy   =      -5562.6292354060
  nuclear repulsion energy  =        167.7652975085
  total energy              =      -5394.8639378975
  maxdiff in density matrix =      0.7712705963E-04 (   0.044%) 
 Iteration           29
  total electronic energy   =      -5562.6292354517
  nuclear repulsion energy  =        167.7652975085
  total energy              =      -5394.8639379432
Options: 
Namespace(debug=False, deltax=0.2, deltay=0.2, deltaz=0.2, dumpfiles=False, fitcoefffile='fitcoeff.txt', fittfile='fitt2.inp', info_fragA='info_eda_nocv_fragA.json', info_fragB='info_eda_nocv_fragB.json', inputfile='input.inp', lmargin=10.0, npairs=12, ovapfile='ovap.txt', thresh=1e-11, vctfile='vct.txt', verbosity=-1, wrapperso='/home/belp/BERTHA/pybertha/lib/bertha_wrapper.so')


Verbosity       :  -1
Dumpfiles       :  0

Matrix dimension:  716
            nocc:  60
          nshift:  358
           nopen:  0
     level shift:  -1.0

Totaltime:     279.7287657260895  (CPU time:  422.842106567 ) s 
MainRun Time:  279.6584417819977  (CPU time:  422.56678932799997 ) s 

Final results 
eigenvalue     1        -930.64978733
eigenvalue     2        -930.64978733
eigenvalue     3        -137.21180038
eigenvalue     4        -137.21180038
eigenvalue     5        -127.52472852
eigenvalue     6        -127.52472852
eigenvalue     7        -121.10287336
eigenvalue     8        -121.10287336
eigenvalue     9        -121.10224018
eigenvalue    10        -121.10224018
eigenvalue    11         -25.36986098
eigenvalue    12         -25.36986098
eigenvalue    13         -21.51767722
eigenvalue    14         -21.51767722
eigenvalue    15         -20.38603430
eigenvalue    16         -20.38603430
eigenvalue    17         -20.38385002
eigenvalue    18         -20.38385002
eigenvalue    19         -13.56427781
eigenvalue    20         -13.56427781
eigenvalue    21         -13.56220799
eigenvalue    22         -13.56220799
eigenvalue    23         -13.33660045
eigenvalue    24         -13.33660045
eigenvalue    25         -13.33528717
eigenvalue    26         -13.33528717
eigenvalue    27         -13.33387648
eigenvalue    28         -13.33387648
eigenvalue    29         -10.16678973
eigenvalue    30         -10.16678973
eigenvalue    31         -10.16521936
eigenvalue    32         -10.16521936
eigenvalue    33          -3.75645742
eigenvalue    34          -3.75645742
eigenvalue    35          -2.54447549
eigenvalue    36          -2.54447549
eigenvalue    37          -2.35961850
eigenvalue    38          -2.35961850
eigenvalue    39          -2.35591572
eigenvalue    40          -2.35591572
eigenvalue    41          -0.93690767
eigenvalue    42          -0.93690767
eigenvalue    43          -0.73977158
eigenvalue    44          -0.73977158
eigenvalue    45          -0.67196173
eigenvalue    46          -0.67196173
eigenvalue    47          -0.57433573
eigenvalue    48          -0.57433573
eigenvalue    49          -0.54972437
eigenvalue    50          -0.54972437
eigenvalue    51          -0.54811772
eigenvalue    52          -0.54811772
eigenvalue    53          -0.53376322
eigenvalue    54          -0.53376322
eigenvalue    55          -0.52516730
eigenvalue    56          -0.52516730
eigenvalue    57          -0.49408569
eigenvalue    58          -0.49408569
eigenvalue    59          -0.48380849
eigenvalue    60          -0.48380849
      lumo                -0.33738481
      SUMEIGEN         -3259.57444388

total electronic energy  =       -5562.62923545
nuclear repulsion energy =         167.76529751
total energy             =       -5394.86393794

Compute density matrix 
Trace  
(       60.0000000000,         0.0000000000i)
etotal fragA: -5317.45932503 
 
exc    fragA: -150.27167950 
 
etotal fragB: -77.34366305 
 
exc    fragB: -11.47129788 
 
Trace of DS: 60.00000000 0.00000000i

check cmata: OK
check cmatb: OK
check cmat_join: OK
noccab : 60

Enter Loewdin
Compute O
Check Trace of O
(60.000000000000036-2.067277114162425e-16j)
Compute inverse of O : O^-1
Compute trace of O^-1

Trace of O^-1 : 60.15841646046279, 0.00000000000000 i

Compute Z x O^-1 x Z^-1 to check eigenvector

trace of Z x O^-1 x Z^-1 : 60.15841646046279, 0.00000000000000 i

sum of eigs of O^-1: 60.15841646046280 -0.00000000000000

Trace of DmatAB 60.00000000 0.00000000i

Trace of Dmat0 60.00000000 -0.00000000i

NOCV orthonormal: True

trace of nocv_-1 : 1.00000000

trace of nocv_+1 : 1.00000000

trace of nocv_-2 : 1.00000000

trace of nocv_+2 : 1.00000000

trace of nocv_-3 : 1.00000000

trace of nocv_+3 : 1.00000000

trace of nocv_-4 : 1.00000000

trace of nocv_+4 : 1.00000000

trace of nocv_-5 : 1.00000000

trace of nocv_+5 : 1.00000000

trace of nocv_-6 : 1.00000000

trace of nocv_+6 : 1.00000000

trace of nocv_-7 : 1.00000000

trace of nocv_+7 : 1.00000000

trace of nocv_-8 : 1.00000000

trace of nocv_+8 : 1.00000000

trace of nocv_-9 : 1.00000000

trace of nocv_+9 : 1.00000000

trace of nocv_-10 : 1.00000000

trace of nocv_+10 : 1.00000000

trace of nocv_-11 : 1.00000000

trace of nocv_+11 : 1.00000000

trace of nocv_-12 : 1.00000000

trace of nocv_+12 : 1.00000000

 TEST  Density --> Fock --> energy
total electronic energy  =          -5562.629235445966515
nuclear repulsion energy =            167.765297508479762
total energy             =          -5394.863937937487208
coulomb energy           =           4703.485512772037509
Exc     energy           =           -161.735390694227050
 TEST  Density_0 --> Fock --> energy
total electronic energy  =          -5562.568309605017021
nuclear repulsion energy =            167.765297508479762
total energy             =          -5394.803012096537714
coulomb energy           =           4703.826978090456578
Exc     energy           =           -161.829021798675001
 TEST  Density_A+B --> Fock --> energy
total electronic energy  =          -5562.699409077497876
nuclear repulsion energy =            167.765297508479762
total energy             =          -5394.934111569018569
coulomb energy           =           4702.369387392124736
Exc     energy           =           -161.789937524474766
 TEST  Density --> Fock --> energy
total electronic energy  =          -5562.629235445966515
nuclear repulsion energy =            167.765297508479762
total energy             =          -5394.863937937487208
coulomb energy           =           4703.485512772037509
Exc     energy           =           -161.735390694227050
Total interaction  energy : -0.06094986

trace of DeltaD F^TS Orbital energy : -0.06097917

trace of DeltaD F^TS Ziegler formula Orbital energy : -0.06092441

trace of DeltaD F^TS Pauli energy : 0.13110061

 TEST  Density_A+B --> Fock --> energy
total electronic energy  =          -5562.699409077497876
nuclear repulsion energy =            167.765297508479762
total energy             =          -5394.934111569018569
coulomb energy           =           4702.369387392124736
Exc     energy           =           -161.789937524474766
Delta_Exc = exc - exc_fragA - exc_fragB: -0.04696015

Pauli (DeltaD F^TS Pauli energy + Delta_Exc: 0.08414046

Electrostatic int E_A+B - Delta_Exc:  -0.08416334

trace of nocv_-1 : 1.00000000

trace of nocv_+1 : 1.00000000

trace of DeltaD F^TS1 : -0.01910055

trace of nocv_-2 : 1.00000000

trace of nocv_+2 : 1.00000000

trace of DeltaD F^TS1 : -0.01910055

trace of nocv_-3 : 1.00000000

trace of nocv_+3 : 1.00000000

trace of DeltaD F^TS1 : -0.00547130

trace of nocv_-4 : 1.00000000

trace of nocv_+4 : 1.00000000

trace of DeltaD F^TS1 : -0.00547130

trace of nocv_-5 : 1.00000000

trace of nocv_+5 : 1.00000000

trace of DeltaD F^TS1 : -0.00197511

trace of nocv_-6 : 1.00000000

trace of nocv_+6 : 1.00000000

trace of DeltaD F^TS1 : -0.00197511

trace of nocv_-7 : 1.00000000

trace of nocv_+7 : 1.00000000

trace of DeltaD F^TS1 : -0.00145415

trace of nocv_-8 : 1.00000000

trace of nocv_+8 : 1.00000000

trace of DeltaD F^TS1 : -0.00145415

trace of nocv_-9 : 1.00000000

trace of nocv_+9 : 1.00000000

trace of DeltaD F^TS1 : -0.00100574

trace of nocv_-10 : 1.00000000

trace of nocv_+10 : 1.00000000

trace of DeltaD F^TS1 : -0.00100574

trace of nocv_-11 : 1.00000000

trace of nocv_+11 : 1.00000000

trace of DeltaD F^TS1 : -0.00034925

trace of nocv_-12 : 1.00000000

trace of nocv_+12 : 1.00000000

trace of DeltaD F^TS1 : -0.00034925

