 Initialze the atomic densities on each center
 Done
 Iteration            1
  total electronic energy   =       -149.6811803544
  nuclear repulsion energy  =         36.5240067100
  total energy              =       -113.1571736443
  maxdiff in density matrix =      0.1036334990E+00 ( 238.101%) 
 Iteration            2
  total electronic energy   =       -189.5521027783
  nuclear repulsion energy  =         36.5240067100
  total energy              =       -153.0280960683
  maxdiff in density matrix =      0.6415777538E-01 (  32.920%) 
 Iteration            3
  total electronic energy   =       -189.5686139877
  nuclear repulsion energy  =         36.5240067100
  total energy              =       -153.0446072777
  maxdiff in density matrix =      0.1457787543E-01 (   6.636%) 
 Iteration            4
  total electronic energy   =       -189.5732442895
  nuclear repulsion energy  =         36.5240067100
  total energy              =       -153.0492375795
  maxdiff in density matrix =      0.1624826478E-01 (   7.954%) 
 Iteration            5
  total electronic energy   =       -189.5750241850
  nuclear repulsion energy  =         36.5240067100
  total energy              =       -153.0510174749
  maxdiff in density matrix =      0.1041489479E-01 (   5.455%) 
 Iteration            6
  total electronic energy   =       -189.5758898986
  nuclear repulsion energy  =         36.5240067100
  total energy              =       -153.0518831886
  maxdiff in density matrix =      0.5492428217E-02 (   3.002%) 
 Iteration            7
  total electronic energy   =       -189.5763667646
  nuclear repulsion energy  =         36.5240067100
  total energy              =       -153.0523600546
  maxdiff in density matrix =      0.2546574605E-02 (   1.423%) 
 Iteration            8
  total electronic energy   =       -189.5766479010
  nuclear repulsion energy  =         36.5240067100
  total energy              =       -153.0526411910
  maxdiff in density matrix =      0.1313480328E-02 (   0.447%) 
 Iteration            9
  total electronic energy   =       -189.5768209750
  nuclear repulsion energy  =         36.5240067100
  total energy              =       -153.0528142649
  maxdiff in density matrix =      0.9746650325E-03 (   0.964%) 
 Iteration           10
  total electronic energy   =       -189.5769308018
  nuclear repulsion energy  =         36.5240067100
  total energy              =       -153.0529240917
  maxdiff in density matrix =      0.7646108126E-03 (   0.763%) 
 Iteration           11
  total electronic energy   =       -189.5770021849
  nuclear repulsion energy  =         36.5240067100
  total energy              =       -153.0529954748
  maxdiff in density matrix =      0.5909864660E-03 (   0.594%) 
 Iteration           12
  total electronic energy   =       -189.5770494294
  nuclear repulsion energy  =         36.5240067100
  total energy              =       -153.0530427194
  maxdiff in density matrix =      0.4536659842E-03 (   0.458%) 
 Iteration           13
  total electronic energy   =       -189.5770811615
  nuclear repulsion energy  =         36.5240067100
  total energy              =       -153.0530744514
  maxdiff in density matrix =      0.3473543292E-03 (   0.352%) 
 Iteration           14
  total electronic energy   =       -189.5771027823
  nuclear repulsion energy  =         36.5240067100
  total energy              =       -153.0530960722
  maxdiff in density matrix =      0.3043496312E-03 (   2.914%) 
 Iteration           15
  total electronic energy   =       -189.5771176663
  nuclear repulsion energy  =         36.5240067100
  total energy              =       -153.0531109562
  maxdiff in density matrix =      0.3063712380E-03 (   2.952%) 
 Iteration           16
  total electronic energy   =       -189.5771280012
  nuclear repulsion energy  =         36.5240067100
  total energy              =       -153.0531212912
  maxdiff in density matrix =      0.2935696488E-03 (   2.847%) 
 Iteration           17
  total electronic energy   =       -189.5771352460
  nuclear repulsion energy  =         36.5240067100
  total energy              =       -153.0531285359
  maxdiff in density matrix =      0.2720619675E-03 (   2.654%) 
 Iteration           18
  total electronic energy   =       -189.5771403531
  nuclear repulsion energy  =         36.5240067100
  total energy              =       -153.0531336431
  maxdiff in density matrix =      0.2464276064E-03 (   2.415%) 
 Iteration           19
  total electronic energy   =       -189.5771439782
  nuclear repulsion energy  =         36.5240067100
  total energy              =       -153.0531372682
  maxdiff in density matrix =      0.2194997521E-03 (   2.160%) 
 Iteration           20
  total electronic energy   =       -189.5771465683
  nuclear repulsion energy  =         36.5240067100
  total energy              =       -153.0531398583
  maxdiff in density matrix =      0.1928899764E-03 (   1.904%) 
 Iteration           21
  total electronic energy   =       -189.5771484266
  nuclear repulsion energy  =         36.5240067100
  total energy              =       -153.0531417165
  maxdiff in density matrix =      0.1683576797E-03 (   1.665%) 
 Iteration           22
  total electronic energy   =       -189.5771497674
  nuclear repulsion energy  =         36.5240067100
  total energy              =       -153.0531430574
  maxdiff in density matrix =      0.1455703590E-03 (   1.442%) 
 Iteration           23
  total electronic energy   =       -189.5771507366
  nuclear repulsion energy  =         36.5240067100
  total energy              =       -153.0531440266
  maxdiff in density matrix =      0.1251575316E-03 (   1.241%) 
 Iteration           24
  total electronic energy   =       -189.5771514317
  nuclear repulsion energy  =         36.5240067100
  total energy              =       -153.0531447217
  maxdiff in density matrix =      0.1071290028E-03 (   1.063%) 
 Iteration           25
  total electronic energy   =       -189.5771519478
  nuclear repulsion energy  =         36.5240067100
  total energy              =       -153.0531452378
  maxdiff in density matrix =      0.9137767825E-04 (   0.907%) 
 Iteration           26
  total electronic energy   =       -189.5771523243
  nuclear repulsion energy  =         36.5240067100
  total energy              =       -153.0531456143
  maxdiff in density matrix =      0.7772882500E-04 (   0.771%) 
 Iteration           27
  total electronic energy   =       -189.5771526017
  nuclear repulsion energy  =         36.5240067100
  total energy              =       -153.0531458916
  maxdiff in density matrix =      0.6598019508E-04 (   0.654%) 
 Iteration           28
  total electronic energy   =       -189.5771528336
  nuclear repulsion energy  =         36.5240067100
  total energy              =       -153.0531461236
  maxdiff in density matrix =      0.5591602083E-04 (   0.554%) 
 Iteration           29
  total electronic energy   =       -189.5771529849
  nuclear repulsion energy  =         36.5240067100
  total energy              =       -153.0531462748
  maxdiff in density matrix =      0.4732912980E-04 (   0.469%) 
 Iteration           30
  total electronic energy   =       -189.5771530967
  nuclear repulsion energy  =         36.5240067100
  total energy              =       -153.0531463867
  maxdiff in density matrix =      0.4002588856E-04 (   0.397%) 
 Iteration           31
  total electronic energy   =       -189.5771531803
  nuclear repulsion energy  =         36.5240067100
  total energy              =       -153.0531464702
  maxdiff in density matrix =      0.3382903634E-04 (   0.335%) 
 Iteration           32
  total electronic energy   =       -189.5771532421
  nuclear repulsion energy  =         36.5240067100
  total energy              =       -153.0531465321
  maxdiff in density matrix =      0.2858055911E-04 (   0.283%) 
 Iteration           33
  total electronic energy   =       -189.5771532892
  nuclear repulsion energy  =         36.5240067100
  total energy              =       -153.0531465792
  maxdiff in density matrix =      0.2414147061E-04 (   0.239%) 
 Iteration           34
  total electronic energy   =       -189.5771533247
  nuclear repulsion energy  =         36.5240067100
  total energy              =       -153.0531466147
  maxdiff in density matrix =      0.2086946283E-04 (  11.275%) 
 Iteration           35
  total electronic energy   =       -189.5771533512
  nuclear repulsion energy  =         36.5240067100
  total energy              =       -153.0531466411
  maxdiff in density matrix =      0.1902050567E-04 (  11.517%) 
 Iteration           36
  total electronic energy   =       -189.5771533713
  nuclear repulsion energy  =         36.5240067100
  total energy              =       -153.0531466612
  maxdiff in density matrix =      0.1730579660E-04 (  11.773%) 
 Iteration           37
  total electronic energy   =       -189.5771533857
  nuclear repulsion energy  =         36.5240067100
  total energy              =       -153.0531466756
  maxdiff in density matrix =      0.1572107546E-04 (  12.049%) 
 Iteration           38
  total electronic energy   =       -189.5771533967
  nuclear repulsion energy  =         36.5240067100
  total energy              =       -153.0531466866
  maxdiff in density matrix =      0.1426085387E-04 (  12.348%) 
 Iteration           39
  total electronic energy   =       -189.5771534058
  nuclear repulsion energy  =         36.5240067100
  total energy              =       -153.0531466957
  maxdiff in density matrix =      0.1291911944E-04 (  12.678%) 
 Iteration           40
  total electronic energy   =       -189.5771534129
  nuclear repulsion energy  =         36.5240067100
  total energy              =       -153.0531467029
  maxdiff in density matrix =      0.1168922203E-04 (  13.046%) 
 Iteration           41
  total electronic energy   =       -189.5771534184
  nuclear repulsion energy  =         36.5240067100
  total energy              =       -153.0531467084
  maxdiff in density matrix =      0.1056443429E-04 (  13.462%) 
 Iteration           42
  total electronic energy   =       -189.5771534222
  nuclear repulsion energy  =         36.5240067100
  total energy              =       -153.0531467121
  maxdiff in density matrix =      0.9537862244E-05 (  13.939%) 
 Iteration           43
  total electronic energy   =       -189.5771534240
  nuclear repulsion energy  =         36.5240067100
  total energy              =       -153.0531467140
Options: 
berthamodpath  =  /home/belp/BERTHAEDA/pybertha_private/src
cube  =  False
debug  =  False
deltax  =  0.2
deltay  =  0.2
deltaz  =  0.2
dumpfiles  =  False
energyconverter  =  1.0
fitcoefffile  =  fitcoeff.txt
fittfile  =  fitt2.inp
info_fragA  =  info_eda_nocv_fragA.json
info_fragB  =  info_eda_nocv_fragB.json
inputfile  =  input.inp
lmargin  =  10.0
npairs  =  12
ovapfile  =  ovap.txt
thresh  =  1e-11
vctfile  =  vct.txt
verbosity  =  -1
wrapperso  =  /home/belp/BERTHAEDA/pybertha_private/lib/bertha_wrapper.so


Verbosity       :  -1
Dumpfiles       :  0

Matrix dimension:  704
            nocc:  20
          nshift:  352
           nopen:  0
     level shift:  -2.0

Totaltime:     191.57332372665405  (CPU time:  191.396466769 ) s 
MainRun Time:  191.54279255867004  (CPU time:  191.369664616 ) s 

Final results 
eigenvalue     1         -18.82494050
eigenvalue     2         -18.82494050
eigenvalue     3         -18.76564231
eigenvalue     4         -18.76564231
eigenvalue     5          -0.96098373
eigenvalue     6          -0.96098373
eigenvalue     7          -0.90068070
eigenvalue     8          -0.90068070
eigenvalue     9          -0.50852457
eigenvalue    10          -0.50852457
eigenvalue    11          -0.45513509
eigenvalue    12          -0.45513509
eigenvalue    13          -0.37955014
eigenvalue    14          -0.37955014
eigenvalue    15          -0.32437727
eigenvalue    16          -0.32437727
eigenvalue    17          -0.29457170
eigenvalue    18          -0.29457170
eigenvalue    19          -0.24361928
eigenvalue    20          -0.24361928
      lumo                -0.04712229
      SUMEIGEN           -83.31605058

Total electronic energy  =        -189.57715342
Nuclear repulsion energy =          36.52400671
Total energy             =        -153.05314671

Compute density matrix 
Trace (       20.0000000000,        -0.0000000000i)

MOLECULAR PROPERTIES:...
  
Dipole Moment: 
Axis   electronic dipole (a.u.)    nuclear dipole (a.u.)      Total dipole (a.u.)      Total dipole (Debye) 
 x            23.4165192272          -22.9101856200             0.5063336072              1.2868873693 
 y            39.5125410066          -38.7319523500             0.7805886566              1.9839285179 
 z            10.2637083577          -10.0114281400             0.2522802177              0.6411903558 
  
Molecular dipole module:          0.9640216185 (a.u.)          2.4501380650 (Debye) 
Etotal fragA: -76.52318687
Exc    fragA: -9.31931495
Etotal fragB: -76.52305496
Exc    fragB: -9.31578936
NOCV orthonormal: True

trace of nocv_-1 : 1.00000000

trace of nocv_+1 : 1.00000000

trace of nocv_-2 : 1.00000000

trace of nocv_+2 : 1.00000000

trace of nocv_-3 : 1.00000000

trace of nocv_+3 : 1.00000000

trace of nocv_-4 : 1.00000000

trace of nocv_+4 : 1.00000000

trace of nocv_-5 : 1.00000000

trace of nocv_+5 : 1.00000000

trace of nocv_-6 : 1.00000000

trace of nocv_+6 : 1.00000000

trace of nocv_-7 : 1.00000000

trace of nocv_+7 : 1.00000000

trace of nocv_-8 : 1.00000000

trace of nocv_+8 : 1.00000000

trace of nocv_-9 : 1.00000000

trace of nocv_+9 : 1.00000000

trace of nocv_-10 : 1.00000000

trace of nocv_+10 : 1.00000000

trace of nocv_-11 : 1.00000000

trace of nocv_+11 : 1.00000000

trace of nocv_-12 : 1.00000000

trace of nocv_+12 : 1.00000000

Density_0 --> Fock --> energy
 total electronic energy  =           -189.570463221952764
 nuclear repulsion energy =             36.524006710035422
 total energy             =           -153.046456511917341
 coulomb energy           =            223.199036870952028
 Exc     energy           =            -18.662043585617127
Density_A+B --> Fock --> energy
 total electronic energy  =           -189.592658335705494
 nuclear repulsion energy =             36.524006710035422
 total energy             =           -153.068651625670071
 coulomb energy           =            222.956619273173374
 Exc     energy           =            -18.643193603637020
Density --> Fock --> energy
 total electronic energy  =           -189.577153425757217
 nuclear repulsion energy =             36.524006710035422
 total energy             =           -153.053146715721795
 coulomb energy           =            223.112932278388115
 Exc     energy           =            -18.649529106409652

Total interaction  energy                                    [DE_int]: -0.00690488

tilde Pauli exact                                     [DE_tildePauli]: 0.02219511                                 
tilde Pauli from ETS (corrected up to third order): 0.02219550
Delta_Exc = exc - exc_fragA - exc_fragB                         [DEexc]: -0.00808930

Pauli defined as in ADF. (tilde Pauli (exact) + Delta_Exc   [DEpauli]: 0.01410582

Electrostatic int E_A+B - Delta_Exc                         [DEelect]:  -0.01432050         

Orbital energy (exact)                                        [DEorb]: -0.00669020
Orbital energy from ETS  (corrected up to third order): -0.00669154
Orbital energy from ETS using Ziegler formula (corrected up to fifth order): -0.00669003

nocv_1 pair eigenvalue: -0.06639160  energy (a.u.): -0.00287501 energy (kcal/mol): -1.80409625  
nocv_-1     eigenvalue: -0.06639160  energy (a.u.): -0.00079262 energy (kcal/mol): -0.49737668  
nocv_+1      eigenvalue: 0.06639160  energy (a.u.): -0.00208239  energy (kcal/mol): -1.30671958 
 

nocv_2 pair eigenvalue: -0.06639160  energy (a.u.): -0.00287501 energy (kcal/mol): -1.80409625  
nocv_-2     eigenvalue: -0.06639160  energy (a.u.): -0.00079262 energy (kcal/mol): -0.49737668  
nocv_+2      eigenvalue: 0.06639160  energy (a.u.): -0.00208239  energy (kcal/mol): -1.30671958 
 

nocv_3 pair eigenvalue: -0.01499179  energy (a.u.): -0.00015222 energy (kcal/mol): -0.09551701  
nocv_-3     eigenvalue: -0.01499179  energy (a.u.): 0.00032238 energy (kcal/mol): 0.20229878  
nocv_+3      eigenvalue: 0.01499179  energy (a.u.): -0.00047460  energy (kcal/mol): -0.29781579 
 

nocv_4 pair eigenvalue: -0.01499179  energy (a.u.): -0.00015222 energy (kcal/mol): -0.09551701  
nocv_-4     eigenvalue: -0.01499179  energy (a.u.): 0.00032238 energy (kcal/mol): 0.20229878  
nocv_+4      eigenvalue: 0.01499179  energy (a.u.): -0.00047460  energy (kcal/mol): -0.29781579 
 

nocv_5 pair eigenvalue: -0.01301349  energy (a.u.): -0.00011116 energy (kcal/mol): -0.06975462  
nocv_-5     eigenvalue: -0.01301349  energy (a.u.): 0.00065366 energy (kcal/mol): 0.41017855  
nocv_+5      eigenvalue: 0.01301349  energy (a.u.): -0.00076482  energy (kcal/mol): -0.47993317 
 

nocv_6 pair eigenvalue: -0.01301349  energy (a.u.): -0.00011116 energy (kcal/mol): -0.06975462  
nocv_-6     eigenvalue: -0.01301349  energy (a.u.): 0.00065366 energy (kcal/mol): 0.41017855  
nocv_+6      eigenvalue: 0.01301349  energy (a.u.): -0.00076482  energy (kcal/mol): -0.47993317 
 

nocv_7 pair eigenvalue: -0.01259602  energy (a.u.): -0.00007910 energy (kcal/mol): -0.04963740  
nocv_-7     eigenvalue: -0.01259602  energy (a.u.): 0.00011653 energy (kcal/mol): 0.07312110  
nocv_+7      eigenvalue: 0.01259602  energy (a.u.): -0.00019563  energy (kcal/mol): -0.12275850 
 

nocv_8 pair eigenvalue: -0.01259602  energy (a.u.): -0.00007910 energy (kcal/mol): -0.04963740  
nocv_-8     eigenvalue: -0.01259602  energy (a.u.): 0.00011653 energy (kcal/mol): 0.07312110  
nocv_+8      eigenvalue: 0.01259602  energy (a.u.): -0.00019563  energy (kcal/mol): -0.12275850 
 

nocv_9 pair eigenvalue: -0.00878990  energy (a.u.): -0.00005956 energy (kcal/mol): -0.03737267  
nocv_-9     eigenvalue: -0.00878990  energy (a.u.): 0.00107054 energy (kcal/mol): 0.67177701  
nocv_+9      eigenvalue: 0.00878990  energy (a.u.): -0.00113010  energy (kcal/mol): -0.70914967 
 

nocv_10 pair eigenvalue: -0.00878990  energy (a.u.): -0.00005956 energy (kcal/mol): -0.03737267  
nocv_-10     eigenvalue: -0.00878990  energy (a.u.): 0.00107054 energy (kcal/mol): 0.67177701  
nocv_+10      eigenvalue: 0.00878990  energy (a.u.): -0.00113010  energy (kcal/mol): -0.70914967 
 

nocv_11 pair eigenvalue: -0.00775682  energy (a.u.): -0.00004560 energy (kcal/mol): -0.02861549  
nocv_-11     eigenvalue: -0.00775682  energy (a.u.): 0.00038087 energy (kcal/mol): 0.23899831  
nocv_+11      eigenvalue: 0.00775682  energy (a.u.): -0.00042647  energy (kcal/mol): -0.26761380 
 

nocv_12 pair eigenvalue: -0.00775682  energy (a.u.): -0.00004560 energy (kcal/mol): -0.02861549  
nocv_-12     eigenvalue: -0.00775682  energy (a.u.): 0.00038087 energy (kcal/mol): 0.23899831  
nocv_+12      eigenvalue: 0.00775682  energy (a.u.): -0.00042647  energy (kcal/mol): -0.26761380 
 
