 Initialze the atomic densities on each center
 Done
 Iteration            1
  total electronic energy   =        -75.6438211829
  nuclear repulsion energy  =          9.1081262075
  total energy              =        -66.5356949754
  maxdiff in density matrix =      0.1204522036E+00 ( 184.218%) 
 Iteration            2
  total electronic energy   =        -85.6062771480
  nuclear repulsion energy  =          9.1081262075
  total energy              =        -76.4981509405
  maxdiff in density matrix =      0.8499723028E-01 (  31.962%) 
 Iteration            3
  total electronic energy   =        -85.5816119165
  nuclear repulsion energy  =          9.1081262075
  total energy              =        -76.4734857090
  maxdiff in density matrix =      0.4381816544E-01 (  17.860%) 
 Iteration            4
  total electronic energy   =        -85.5777653547
  nuclear repulsion energy  =          9.1081262075
  total energy              =        -76.4696391473
  maxdiff in density matrix =      0.1309070623E-01 (   4.570%) 
 Iteration            5
  total electronic energy   =        -85.5772149436
  nuclear repulsion energy  =          9.1081262075
  total energy              =        -76.4690887361
  maxdiff in density matrix =      0.7847022848E-02 (   3.020%) 
 Iteration            6
  total electronic energy   =        -85.5771818839
  nuclear repulsion energy  =          9.1081262075
  total energy              =        -76.4690556764
  maxdiff in density matrix =      0.4078584137E-02 (   1.404%) 
 Iteration            7
  total electronic energy   =        -85.5772016136
  nuclear repulsion energy  =          9.1081262075
  total energy              =        -76.4690754061
  maxdiff in density matrix =      0.1471591959E-02 (   0.560%) 
 Iteration            8
  total electronic energy   =        -85.5772181377
  nuclear repulsion energy  =          9.1081262075
  total energy              =        -76.4690919302
  maxdiff in density matrix =      0.1501820878E-02 (   0.511%) 
 Iteration            9
  total electronic energy   =        -85.5772290690
  nuclear repulsion energy  =          9.1081262075
  total energy              =        -76.4691028616
  maxdiff in density matrix =      0.3815124818E-03 (   3.783%) 
 Iteration           10
  total electronic energy   =        -85.5772373434
  nuclear repulsion energy  =          9.1081262075
  total energy              =        -76.4691111359
  maxdiff in density matrix =      0.8257067949E-03 ( 107.594%) 
 Iteration           11
  total electronic energy   =        -85.5772363070
  nuclear repulsion energy  =          9.1081262075
  total energy              =        -76.4691100996
  maxdiff in density matrix =      0.1600258621E-02 (   0.542%) 
 Iteration           12
  total electronic energy   =        -85.5772355638
  nuclear repulsion energy  =          9.1081262075
  total energy              =        -76.4691093563
  maxdiff in density matrix =      0.4445214118E-03 (   0.150%) 
 Iteration           13
  total electronic energy   =        -85.5772364448
  nuclear repulsion energy  =          9.1081262075
  total energy              =        -76.4691102373
  maxdiff in density matrix =      0.2275287247E-03 (   0.077%) 
 Iteration           14
  total electronic energy   =        -85.5772368513
  nuclear repulsion energy  =          9.1081262075
  total energy              =        -76.4691106438
  maxdiff in density matrix =      0.1827105987E-03 (   0.062%) 
 Iteration           15
  total electronic energy   =        -85.5772370681
  nuclear repulsion energy  =          9.1081262075
  total energy              =        -76.4691108607
  maxdiff in density matrix =      0.1016769865E-03 (   0.034%) 
 Iteration           16
  total electronic energy   =        -85.5772371836
  nuclear repulsion energy  =          9.1081262075
  total energy              =        -76.4691109761
  maxdiff in density matrix =      0.9743960265E-04 (   0.033%) 
 Iteration           17
  total electronic energy   =        -85.5772372430
  nuclear repulsion energy  =          9.1081262075
  total energy              =        -76.4691110355
  maxdiff in density matrix =      0.4355815524E-04 (   0.015%) 
 Iteration           18
  total electronic energy   =        -85.5772372752
  nuclear repulsion energy  =          9.1081262075
  total energy              =        -76.4691110677
  maxdiff in density matrix =      0.5805223879E-04 (   0.020%) 
 Iteration           19
  total electronic energy   =        -85.5772372919
  nuclear repulsion energy  =          9.1081262075
  total energy              =        -76.4691110844
  maxdiff in density matrix =      0.1795795754E-04 (   0.155%) 
 Iteration           20
  total electronic energy   =        -85.5772373007
  nuclear repulsion energy  =          9.1081262075
  total energy              =        -76.4691110932
Options: 
activefile  =  H2O.xyz
berthamodpath  =  ../src
debug  =  False
dumpfiles  =  True
eda_nocv_frag_file  =  info_eda_nocv_fragX.json
eda_nocv_info  =  False
envirofile  =  NH3.xyz
fitcoefffile  =  fitcoeff.txt
fittfile  =  fitt2.inp
inputfile  =  input.inp
linemb  =  False
ovapfile  =  ovap.txt
thresh  =  1e-10
vctfile  =  vct.txt
verbosity  =  -1
wrapperso  =  ../lib/bertha_wrapper.so



Verbosity       :  -1
Dumpfiles       :  1

Matrix dimension:  224
            nocc:  10
          nshift:  112
           nopen:  0
     level shift:  -1.0

 Tot number el.   9.9986656591969378     
 Initialze the atomic densities on each center
 Done
 Iteration            1
  total electronic energy   =        -85.2875772023
  nuclear repulsion energy  =          9.1081262075
  total energy              =        -76.1794509948
  maxdiff in density matrix =      0.7057465152E-02 (   9.382%) 
 Iteration            2
  total electronic energy   =        -85.2879769435
  nuclear repulsion energy  =          9.1081262075
  total energy              =        -76.1798507360
  maxdiff in density matrix =      0.2614051440E-02 (   3.714%) 
 Iteration            3
  total electronic energy   =        -85.2880902344
  nuclear repulsion energy  =          9.1081262075
  total energy              =        -76.1799640269
  maxdiff in density matrix =      0.1283324328E-02 (   0.437%) 
 Iteration            4
  total electronic energy   =        -85.2881308965
  nuclear repulsion energy  =          9.1081262075
  total energy              =        -76.1800046890
  maxdiff in density matrix =      0.8606645438E-03 (  17.868%) 
 Iteration            5
  total electronic energy   =        -85.2881463250
  nuclear repulsion energy  =          9.1081262075
  total energy              =        -76.1800201175
  maxdiff in density matrix =      0.5870855734E-03 (  14.343%) 
 Iteration            6
  total electronic energy   =        -85.2881523768
  nuclear repulsion energy  =          9.1081262075
  total energy              =        -76.1800261693
  maxdiff in density matrix =      0.4308308032E-03 (  12.020%) 
 Iteration            7
  total electronic energy   =        -85.2881554755
  nuclear repulsion energy  =          9.1081262075
  total energy              =        -76.1800292681
  maxdiff in density matrix =      0.3482492339E-03 (   0.119%) 
 Iteration            8
  total electronic energy   =        -85.2881604535
  nuclear repulsion energy  =          9.1081262075
  total energy              =        -76.1800342460
  maxdiff in density matrix =      0.1057838959E-02 (   0.364%) 
 Iteration            9
  total electronic energy   =        -85.2881585616
  nuclear repulsion energy  =          9.1081262075
  total energy              =        -76.1800323541
  maxdiff in density matrix =      0.6810713083E-03 (  27.439%) 
 Iteration           10
  total electronic energy   =        -85.2881589947
  nuclear repulsion energy  =          9.1081262075
  total energy              =        -76.1800327872
  maxdiff in density matrix =      0.7964665980E-04 (   2.993%) 
 Iteration           11
  total electronic energy   =        -85.2881591458
  nuclear repulsion energy  =          9.1081262075
  total energy              =        -76.1800329383
  maxdiff in density matrix =      0.6504858894E-04 (   0.060%) 
 Iteration           12
  total electronic energy   =        -85.2881591065
  nuclear repulsion energy  =          9.1081262075
  total energy              =        -76.1800328991
  maxdiff in density matrix =      0.7709384834E-04 (   0.027%) 
 Iteration           13
  total electronic energy   =        -85.2881590034
  nuclear repulsion energy  =          9.1081262075
  total energy              =        -76.1800327959
  maxdiff in density matrix =      0.4287295200E-04 (   0.135%) 
 Iteration           14
  total electronic energy   =        -85.2881590283
  nuclear repulsion energy  =          9.1081262075
  total energy              =        -76.1800328208
  maxdiff in density matrix =      0.4984539542E-04 (   0.017%) 
 Iteration           15
  total electronic energy   =        -85.2881590360
  nuclear repulsion energy  =          9.1081262075
  total energy              =        -76.1800328285

Final results 
eigenvalue     1         -18.76491545
eigenvalue     2         -18.76491545
eigenvalue     3          -0.89815147
eigenvalue     4          -0.89815147
eigenvalue     5          -0.45436395
eigenvalue     6          -0.45436395
eigenvalue     7          -0.30251171
eigenvalue     8          -0.30251171
eigenvalue     9          -0.22523628
eigenvalue    10          -0.22523628
      lumo                 0.02428043

total electronic energy  =            -85.577237300674682
nuclear repulsion energy =              9.108126207473831
total energy             =            -76.469111093200851
coulomb energy           =             93.840728545975921
Exc     energy           =             -9.351654301617788
pyad job type : adf, grid type : 1, functional (enviro) : BLYP, e/d thresh : 1.00e-08
grid specs (accuracy / radial & spherical points)
4.0
 --------------------------------------------------
 Running ADF single point job

   Molecule
   ========

  Cartesian coordinates: 
     1)    N       -1.39559       -0.02156        0.00004  
     2)    H       -1.62981        0.96110       -0.10622  
     3)    H       -1.86277       -0.51254       -0.75597  
     4)    H       -1.83355       -0.33077        0.86231  
  Bonds: 
(    N       -1.39559       -0.02156        0.00004)-1-(    H       -1.86277       -0.51254       -0.75597)
(    N       -1.39559       -0.02156        0.00004)-1-(    H       -1.83355       -0.33077        0.86231)
(    N       -1.39559       -0.02156        0.00004)-1-(    H       -1.62981        0.96110       -0.10622)


   Settings
   ========

   Relativistic options:  Non-Relativistic 

   XC functional   : GGA BLYP
   Integration     : accint 4.0    
   SCF convergence : 1.0e-08 

   TAPE21 will be saved
   TAPE10 will be saved


   Options
   =======

   NOSYMFIT

   Output will be written to :  pyadf_joboutput.6675.out

 Running main job ...

 Done with ADF single point job

 Results file id is  0

 --------------------------------------------------
 Running ADF NewFDE job

   Total Molecule
   ==============

  Cartesian coordinates: 
     1)    O        1.56850        0.10589        0.00001  
     2)    H        0.60674       -0.03396       -0.00063  
     3)    H        1.94052       -0.78000        0.00022  
     4)    N       -1.39559       -0.02156        0.00004  
     5)    H       -1.62981        0.96110       -0.10622  
     6)    H       -1.86277       -0.51254       -0.75597  
     7)    H       -1.83355       -0.33077        0.86231  
  Bonds: 
(    O        1.56850        0.10589        0.00001)-1-(    H        1.94052       -0.78000        0.00022)
(    O        1.56850        0.10589        0.00001)-1-(    H        0.60674       -0.03396       -0.00063)
(    N       -1.39559       -0.02156        0.00004)-1-(    H       -1.86277       -0.51254       -0.75597)
(    N       -1.39559       -0.02156        0.00004)-1-(    H       -1.83355       -0.33077        0.86231)
(    N       -1.39559       -0.02156        0.00004)-1-(    H       -1.62981        0.96110       -0.10622)


   Fragments 
   ==========

     Fragment Typ  1     type: nonfrozen fragment

     Fragment Typ  1 , Fragment  1
  Cartesian coordinates: 
     1)    O        1.56850        0.10589        0.00001  
     2)    H        0.60674       -0.03396       -0.00063  
     3)    H        1.94052       -0.78000        0.00022  
  Bonds: 
(    O        1.56850        0.10589        0.00001)-1-(    H        1.94052       -0.78000        0.00022)
(    O        1.56850        0.10589        0.00001)-1-(    H        0.60674       -0.03396       -0.00063)

     Fragment Typ  2     type: frozen FDE fragment

     Fragment Typ  2 , Fragment  1
  Cartesian coordinates: 
     1)    N       -1.39559       -0.02156        0.00004  
     2)    H       -1.62981        0.96110       -0.10622  
     3)    H       -1.86277       -0.51254       -0.75597  
     4)    H       -1.83355       -0.33077        0.86231  
  Bonds: 
(    N       -1.39559       -0.02156        0.00004)-1-(    H       -1.86277       -0.51254       -0.75597)
(    N       -1.39559       -0.02156        0.00004)-1-(    H       -1.83355       -0.33077        0.86231)
(    N       -1.39559       -0.02156        0.00004)-1-(    H       -1.62981        0.96110       -0.10622)


   Fragment Files 
   ============== 

     Fragment Typ  2 :  t21.results.0000

   Settings
   ========

   Relativistic options:  Non-Relativistic 

   XC functional   : GGA BLYP
   Integration     : accint 4.0    
   SCF convergence : 1.0e-08 

   TAPE21 will be saved
   TAPE10 will be saved


   FDE settings
   ============

   TNAD  PW91k

   Options
   =======

   NOSYMFIT

   Output will be written to :  pyadf_joboutput.6675.out

 Running main job ...

 Done with ADF NewFDE job

 Results file id is  1

 --------------------------------------------------
 Running DENSF job

   SCF taken from ADF job  0  (results id)

   Fragment used:  Active

   Calculated property :  density dens Options: {'fit': False}

   Output will be written to :  pyadf_joboutput.6675.out

 Running main job ...

 Done with DENSF job

 Results file id is  2

 --------------------------------------------------
 Running DENSF job

   SCF taken from ADF job  0  (results id)

   Fragment used:  Active

   Calculated property :  density grad Options: {'fit': False}

   Output will be written to :  pyadf_joboutput.6675.out

 Running main job ...

 Done with DENSF job

 Results file id is  3

 --------------------------------------------------
 Running DENSF job

   SCF taken from ADF job  0  (results id)

   Fragment used:  Active

   Calculated property :  density hess Options: {'fit': False}

   Output will be written to :  pyadf_joboutput.6675.out

 Running main job ...

 Done with DENSF job

 Results file id is  4

 --------------------------------------------------
 Running DENSF job

   SCF taken from ADF job  0  (results id)

   Fragment used:  Active

   Calculated property :  potential nuc Options: {}

   Output will be written to :  pyadf_joboutput.6675.out

 Running main job ...

 Done with DENSF job

 Results file id is  5

 --------------------------------------------------
 Running DENSF job

   SCF taken from ADF job  0  (results id)

   Fragment used:  Active

   Calculated property :  potential coul Options: {}

   Output will be written to :  pyadf_joboutput.6675.out

 Running main job ...

 Done with DENSF job

 Results file id is  6

Type grid <class 'numpy.ndarray'> (32384, 4)

Embed_xcfun: a module to calculate FDE embedding potentialswith density functionals

Using the XCFun library, version  1.99
XCFun DFT library Copyright 2009-2011 Ulf Ekstrom and contributors.
See http://dftlibs.org/xcfun/ for more information.

This is free software; see the source code for copying conditions.
There is ABSOLUTELY NO WARRANTY; not even for MERCHANTABILITY or
FITNESS FOR A PARTICULAR PURPOSE. For details see the documentation.
Scientific users of this library should cite
U. Ekstrom, L. Visscher, R. Bast, A. J. Thorvaldsen and K. Ruud;
J.Chem.Theor.Comp. 2010, DOI: 10.1021/ct100117s


Currently defined kinetic energy functional:
            tfk with weight 1.000000

Currently defined exchange-correlation functional:
            lda with weight 1.000000


functional is of  LDA  class
functional is of  LDA  class
Dump ground state unperturbed density density0.cube
unperturbed Dipx     -28.906937461702658
unperturbed Dipy     -0.73557217768992
unperturbed Dipz     0.00041059836486917277

total electronic energy  =            -85.288159035984535 ... outer iteration :1
mean value of embed pot  =              0.290346493248527 ... outer iteration :1

Embed_xcfun: a module to calculate FDE embedding potentialswith density functionals

Using the XCFun library, version  1.99
XCFun DFT library Copyright 2009-2011 Ulf Ekstrom and contributors.
See http://dftlibs.org/xcfun/ for more information.

This is free software; see the source code for copying conditions.
There is ABSOLUTELY NO WARRANTY; not even for MERCHANTABILITY or
FITNESS FOR A PARTICULAR PURPOSE. For details see the documentation.
Scientific users of this library should cite
U. Ekstrom, L. Visscher, R. Bast, A. J. Thorvaldsen and K. Ruud;
J.Chem.Theor.Comp. 2010, DOI: 10.1021/ct100117s
 Tot number el.   9.9985247975018705     
 Initialze the atomic densities on each center
 Done
 Iteration            1
  total electronic energy   =        -85.2881951017
  nuclear repulsion energy  =          9.1081262075
  total energy              =        -76.1800688942
  maxdiff in density matrix =      0.7992588992E-04 (   1.058%) 
 Iteration            2
  total electronic energy   =        -85.2881951374
  nuclear repulsion energy  =          9.1081262075
  total energy              =        -76.1800689299
  maxdiff in density matrix =      0.4881959123E-04 (   0.017%) 
 Iteration            3
  total electronic energy   =        -85.2881953431
  nuclear repulsion energy  =          9.1081262075
  total energy              =        -76.1800691356
  maxdiff in density matrix =      0.4171835517E-04 (   0.557%) 
 Iteration            4
  total electronic energy   =        -85.2881953420
  nuclear repulsion energy  =          9.1081262075
  total energy              =        -76.1800691345
 Tot number el.   9.9985276064213373     
 Initialze the atomic densities on each center
 Done
 Iteration            1
  total electronic energy   =        -85.2881939659
  nuclear repulsion energy  =          9.1081262075
  total energy              =        -76.1800677584
  maxdiff in density matrix =      0.3587366199E-04 (   0.012%) 
 Iteration            2
  total electronic energy   =        -85.2881939656
  nuclear repulsion energy  =          9.1081262075
  total energy              =        -76.1800677582
 Tot number el.   9.9985272864913757     
 Initialze the atomic densities on each center
 Done
 Iteration            1
  total electronic energy   =        -85.2881939152
  nuclear repulsion energy  =          9.1081262075
  total energy              =        -76.1800677078
  maxdiff in density matrix =      0.3480864190E-04 (   0.012%) 
 Iteration            2
  total electronic energy   =        -85.2881939147
  nuclear repulsion energy  =          9.1081262075
  total energy              =        -76.1800677072


Currently defined kinetic energy functional:
            tfk with weight 1.000000

Currently defined exchange-correlation functional:
            lda with weight 1.000000


functional is of  LDA  class
functional is of  LDA  class
2-norm of diffD  =  0.06442203985563888  ... outer iteration :1
E(actual)-E(prev)=  0.2890782646901471  ... outer iteration :1
DE_emb(actual-new)  =              0.002508907898508 ... outer iteration :1

total electronic energy  =            -85.288195341970749 ... outer iteration :2
mean value of embed pot  =              0.287837585350020 ... outer iteration :2

Embed_xcfun: a module to calculate FDE embedding potentialswith density functionals

Using the XCFun library, version  1.99
XCFun DFT library Copyright 2009-2011 Ulf Ekstrom and contributors.
See http://dftlibs.org/xcfun/ for more information.

This is free software; see the source code for copying conditions.
There is ABSOLUTELY NO WARRANTY; not even for MERCHANTABILITY or
FITNESS FOR A PARTICULAR PURPOSE. For details see the documentation.
Scientific users of this library should cite
U. Ekstrom, L. Visscher, R. Bast, A. J. Thorvaldsen and K. Ruud;
J.Chem.Theor.Comp. 2010, DOI: 10.1021/ct100117s


Currently defined kinetic energy functional:
            tfk with weight 1.000000

Currently defined exchange-correlation functional:
            lda with weight 1.000000


functional is of  LDA  class
functional is of  LDA  class
2-norm of diffD  =  0.0010022388812612735  ... outer iteration :2
E(actual)-E(prev)=  -3.6305986213847063e-05  ... outer iteration :2
DE_emb(actual-new)  =             -0.000009784707206 ... outer iteration :2

total electronic energy  =            -85.288193965627215 ... outer iteration :3
mean value of embed pot  =              0.287847370057226 ... outer iteration :3

Embed_xcfun: a module to calculate FDE embedding potentialswith density functionals

Using the XCFun library, version  1.99
XCFun DFT library Copyright 2009-2011 Ulf Ekstrom and contributors.
See http://dftlibs.org/xcfun/ for more information.

This is free software; see the source code for copying conditions.
There is ABSOLUTELY NO WARRANTY; not even for MERCHANTABILITY or
FITNESS FOR A PARTICULAR PURPOSE. For details see the documentation.
Scientific users of this library should cite
U. Ekstrom, L. Visscher, R. Bast, A. J. Thorvaldsen and K. Ruud;
J.Chem.Theor.Comp. 2010, DOI: 10.1021/ct100117s


Currently defined kinetic energy functional:
            tfk with weight 1.000000

Currently defined exchange-correlation functional:
            lda with weight 1.000000


functional is of  LDA  class
functional is of  LDA  class
2-norm of diffD  =  3.869714522191778e-05  ... outer iteration :3
E(actual)-E(prev)=  1.376343533365798e-06  ... outer iteration :3
DE_emb(actual-new)  =             -0.000000910689535 ... outer iteration :3

total electronic energy  =            -85.288193914652311 ... outer iteration :4
mean value of embed pot  =              0.287848280746761 ... outer iteration :4

Embed_xcfun: a module to calculate FDE embedding potentialswith density functionals

Using the XCFun library, version  1.99
XCFun DFT library Copyright 2009-2011 Ulf Ekstrom and contributors.
See http://dftlibs.org/xcfun/ for more information.

This is free software; see the source code for copying conditions.
There is ABSOLUTELY NO WARRANTY; not even for MERCHANTABILITY or
FITNESS FOR A PARTICULAR PURPOSE. For details see the documentation.
Scientific users of this library should cite
U. Ekstrom, L. Visscher, R. Bast, A. J. Thorvaldsen and K. Ruud;
J.Chem.Theor.Comp. 2010, DOI: 10.1021/ct100117s


Currently defined kinetic energy functional:
            tfk with weight 1.000000

Currently defined exchange-correlation functional:
            lda with weight 1.000000


functional is of  LDA  class
functional is of  LDA  class
2-norm of diffD  =  1.5013949041912203e-05  ... outer iteration :4
E(actual)-E(prev)=  5.0974904297618195e-08  ... outer iteration :4
DE_emb(actual-new)  =             -0.000000324664550 ... outer iteration :4
Dump ground state perturbed density density.cube
Dipole moment analitical: Tr(D dip_mat)
Dip x     -29.022834497911955
Dip y     -0.7360733500530436
Dip z     0.00036998344903835104
TEST dipole moment from density on grid numerical integration
  
Type density <class 'numpy.ndarray'> (32384, 10)
Scalar product density.weigt 9.998527269672538
Dip x density.weigt 29.00469481222145
Dip y density.weigt 0.708119491015575
Dip z density.weigt -0.00037747923383479876
  
 Tot number el.   9.9985272696725112     
