 Initialze the atomic densities on each center
 Done
 Iteration            1
  total electronic energy   =        -75.6438211829
  nuclear repulsion energy  =          9.1081262075
  total energy              =        -66.5356949754
  maxdiff in density matrix =      0.1204522036E+00 ( 184.218%) 
 Iteration            2
  total electronic energy   =        -85.6062771480
  nuclear repulsion energy  =          9.1081262075
  total energy              =        -76.4981509405
  maxdiff in density matrix =      0.8499723028E-01 (  31.962%) 
 Iteration            3
  total electronic energy   =        -85.5816119165
  nuclear repulsion energy  =          9.1081262075
  total energy              =        -76.4734857090
  maxdiff in density matrix =      0.4381816544E-01 (  17.860%) 
 Iteration            4
  total electronic energy   =        -85.5777653547
  nuclear repulsion energy  =          9.1081262075
  total energy              =        -76.4696391473
  maxdiff in density matrix =      0.1309070623E-01 (   4.570%) 
 Iteration            5
  total electronic energy   =        -85.5772149436
  nuclear repulsion energy  =          9.1081262075
  total energy              =        -76.4690887361
  maxdiff in density matrix =      0.7847022848E-02 (   3.020%) 
 Iteration            6
  total electronic energy   =        -85.5771818839
  nuclear repulsion energy  =          9.1081262075
  total energy              =        -76.4690556764
  maxdiff in density matrix =      0.4078584137E-02 (   1.404%) 
 Iteration            7
  total electronic energy   =        -85.5772016136
  nuclear repulsion energy  =          9.1081262075
  total energy              =        -76.4690754061
  maxdiff in density matrix =      0.1471591959E-02 (   0.560%) 
 Iteration            8
  total electronic energy   =        -85.5772181377
  nuclear repulsion energy  =          9.1081262075
  total energy              =        -76.4690919302
  maxdiff in density matrix =      0.1501820878E-02 (   0.511%) 
 Iteration            9
  total electronic energy   =        -85.5772290690
  nuclear repulsion energy  =          9.1081262075
  total energy              =        -76.4691028616
  maxdiff in density matrix =      0.3815124818E-03 (   3.783%) 
 Iteration           10
  total electronic energy   =        -85.5772373434
  nuclear repulsion energy  =          9.1081262075
  total energy              =        -76.4691111359
  maxdiff in density matrix =      0.8257067949E-03 ( 107.594%) 
 Iteration           11
  total electronic energy   =        -85.5772363070
  nuclear repulsion energy  =          9.1081262075
  total energy              =        -76.4691100996
  maxdiff in density matrix =      0.1600258621E-02 (   0.542%) 
 Iteration           12
  total electronic energy   =        -85.5772355638
  nuclear repulsion energy  =          9.1081262075
  total energy              =        -76.4691093563
  maxdiff in density matrix =      0.4445214118E-03 (   0.150%) 
 Iteration           13
  total electronic energy   =        -85.5772364448
  nuclear repulsion energy  =          9.1081262075
  total energy              =        -76.4691102373
  maxdiff in density matrix =      0.2275287247E-03 (   0.077%) 
 Iteration           14
  total electronic energy   =        -85.5772368513
  nuclear repulsion energy  =          9.1081262075
  total energy              =        -76.4691106438
  maxdiff in density matrix =      0.1827105987E-03 (   0.062%) 
 Iteration           15
  total electronic energy   =        -85.5772370681
  nuclear repulsion energy  =          9.1081262075
  total energy              =        -76.4691108607
  maxdiff in density matrix =      0.1016769865E-03 (   0.034%) 
 Iteration           16
  total electronic energy   =        -85.5772371836
  nuclear repulsion energy  =          9.1081262075
  total energy              =        -76.4691109761
  maxdiff in density matrix =      0.9743960265E-04 (   0.033%) 
 Iteration           17
  total electronic energy   =        -85.5772372430
  nuclear repulsion energy  =          9.1081262075
  total energy              =        -76.4691110355
  maxdiff in density matrix =      0.4355815524E-04 (   0.015%) 
 Iteration           18
  total electronic energy   =        -85.5772372752
  nuclear repulsion energy  =          9.1081262075
  total energy              =        -76.4691110677
  maxdiff in density matrix =      0.5805223879E-04 (   0.020%) 
 Iteration           19
  total electronic energy   =        -85.5772372919
  nuclear repulsion energy  =          9.1081262075
  total energy              =        -76.4691110844
  maxdiff in density matrix =      0.1795795754E-04 (   0.155%) 
 Iteration           20
  total electronic energy   =        -85.5772373007
  nuclear repulsion energy  =          9.1081262075
  total energy              =        -76.4691110932
  maxdiff in density matrix =      0.3917155306E-04 (   0.013%) 
 Iteration           21
  total electronic energy   =        -85.5772373057
  nuclear repulsion energy  =          9.1081262075
  total energy              =        -76.4691110982
  maxdiff in density matrix =      0.1386215150E-04 (   1.034%) 
 Iteration           22
  total electronic energy   =        -85.5772373079
  nuclear repulsion energy  =          9.1081262075
  total energy              =        -76.4691111004
  maxdiff in density matrix =      0.3114108092E-04 (   0.010%) 
 Iteration           23
  total electronic energy   =        -85.5772373095
  nuclear repulsion energy  =          9.1081262075
  total energy              =        -76.4691111021
  maxdiff in density matrix =      0.1728905117E-04 (   1.287%) 
 Iteration           24
  total electronic energy   =        -85.5772373105
  nuclear repulsion energy  =          9.1081262075
  total energy              =        -76.4691111031
  maxdiff in density matrix =      0.2899725952E-04 (   0.010%) 
 Iteration           25
  total electronic energy   =        -85.5772373110
  nuclear repulsion energy  =          9.1081262075
  total energy              =        -76.4691111035
Options: 
activefile  =  H2O.xyz
berthamodpath  =  ../src
debug  =  False
dumpfiles  =  False
eda_nocv_frag_file  =  info_eda_nocv_fragX.json
eda_nocv_info  =  False
envirofile  =  NH3.xyz
fitcoefffile  =  fitcoeff.txt
fittfile  =  fitt2.inp
inputfile  =  input.inp
linemb  =  True
ovapfile  =  ovap.txt
thresh  =  1e-11
vctfile  =  vct.txt
verbosity  =  -1
wrapperso  =  ../lib/bertha_wrapper.so



Verbosity       :  -1
Dumpfiles       :  0

Matrix dimension:  224
            nocc:  10
          nshift:  112
           nopen:  0
     level shift:  -1.0

 Tot number el.   9.9986658664514874     
 Initialze the atomic densities on each center
 Done
 Iteration            1
  total electronic energy   =        -85.2875762107
  nuclear repulsion energy  =          9.1081262075
  total energy              =        -76.1794500032
  maxdiff in density matrix =      0.7059646429E-02 (   9.385%) 
 Iteration            2
  total electronic energy   =        -85.2879764570
  nuclear repulsion energy  =          9.1081262075
  total energy              =        -76.1798502495
  maxdiff in density matrix =      0.2612018536E-02 (   3.711%) 
 Iteration            3
  total electronic energy   =        -85.2880899427
  nuclear repulsion energy  =          9.1081262075
  total energy              =        -76.1799637352
  maxdiff in density matrix =      0.1298250825E-02 (   0.442%) 
 Iteration            4
  total electronic energy   =        -85.2881307080
  nuclear repulsion energy  =          9.1081262075
  total energy              =        -76.1800045005
  maxdiff in density matrix =      0.8635936127E-03 (  17.900%) 
 Iteration            5
  total electronic energy   =        -85.2881461872
  nuclear repulsion energy  =          9.1081262075
  total energy              =        -76.1800199797
  maxdiff in density matrix =      0.5887021248E-03 (  14.364%) 
 Iteration            6
  total electronic energy   =        -85.2881522681
  nuclear repulsion energy  =          9.1081262075
  total energy              =        -76.1800260606
  maxdiff in density matrix =      0.4324455439E-03 (  12.052%) 
 Iteration            7
  total electronic energy   =        -85.2881553881
  nuclear repulsion energy  =          9.1081262075
  total energy              =        -76.1800291806
  maxdiff in density matrix =      0.3650217536E-03 (   0.125%) 
 Iteration            8
  total electronic energy   =        -85.2881589099
  nuclear repulsion energy  =          9.1081262075
  total energy              =        -76.1800327024
  maxdiff in density matrix =      0.7138854478E-03 (   0.245%) 
 Iteration            9
  total electronic energy   =        -85.2881587047
  nuclear repulsion energy  =          9.1081262075
  total energy              =        -76.1800324972
  maxdiff in density matrix =      0.4560169209E-03 (  17.126%) 
 Iteration           10
  total electronic energy   =        -85.2881590336
  nuclear repulsion energy  =          9.1081262075
  total energy              =        -76.1800328261
  maxdiff in density matrix =      0.2927545305E-03 (   0.101%) 
 Iteration           11
  total electronic energy   =        -85.2881590471
  nuclear repulsion energy  =          9.1081262075
  total energy              =        -76.1800328397
  maxdiff in density matrix =      0.2181479916E-03 (   0.075%) 
 Iteration           12
  total electronic energy   =        -85.2881591598
  nuclear repulsion energy  =          9.1081262075
  total energy              =        -76.1800329523
  maxdiff in density matrix =      0.2785429918E-03 (   0.096%) 
 Iteration           13
  total electronic energy   =        -85.2881589693
  nuclear repulsion energy  =          9.1081262075
  total energy              =        -76.1800327618
  maxdiff in density matrix =      0.2030917077E-03 (   7.267%) 
 Iteration           14
  total electronic energy   =        -85.2881590658
  nuclear repulsion energy  =          9.1081262075
  total energy              =        -76.1800328583
  maxdiff in density matrix =      0.2544043133E-03 (   0.088%) 
 Iteration           15
  total electronic energy   =        -85.2881589985
  nuclear repulsion energy  =          9.1081262075
  total energy              =        -76.1800327910
  maxdiff in density matrix =      0.2173341388E-03 (   0.075%) 
 Iteration           16
  total electronic energy   =        -85.2881590818
  nuclear repulsion energy  =          9.1081262075
  total energy              =        -76.1800328743
  maxdiff in density matrix =      0.2442487737E-03 (   0.084%) 
 Iteration           17
  total electronic energy   =        -85.2881590039
  nuclear repulsion energy  =          9.1081262075
 in onel_pot_from_grid
 fitcase           2
 nfit           70
 SHAPE(grid)           4       32384
 npoints        32384
 end onel_pot_from_grid
 in onel_pot_from_grid
 fitcase           2
 nfit           70
 SHAPE(grid)           4       32384
 npoints        32384
 end onel_pot_from_grid
 in onel_pot_from_grid
 fitcase           2
 nfit           70
 SHAPE(grid)           4       32384
 npoints        32384
 end onel_pot_from_grid
 in onel_pot_from_grid
 fitcase           2
 nfit           70
 SHAPE(grid)           4       32384
 npoints        32384
 end onel_pot_from_grid
 in onel_pot_from_grid
 fitcase           2
 nfit           70
 SHAPE(grid)           4       32384
 npoints        32384
 end onel_pot_from_grid
 in onel_pot_from_grid
 fitcase           2
 nfit           70
 SHAPE(grid)           4       32384
 npoints        32384
 end onel_pot_from_grid
 in onel_pot_from_grid
 fitcase           2
 nfit           70
 SHAPE(grid)           4       32384
 npoints        32384
 end onel_pot_from_grid
 in onel_pot_from_grid
 fitcase           2
 nfit           70
 SHAPE(grid)           4       32384
 npoints        32384
 end onel_pot_from_grid
 in onel_pot_from_grid
 fitcase           2
 nfit           70
 SHAPE(grid)           4       32384
 npoints        32384
 end onel_pot_from_grid
 in onel_pot_from_grid
 fitcase           2
 nfit           70
 SHAPE(grid)           4       32384
 npoints        32384
 end onel_pot_from_grid
 in onel_pot_from_grid
 fitcase           2
 nfit           70
 SHAPE(grid)           4       32384
 npoints        32384
 end onel_pot_from_grid
 in onel_pot_from_grid
 fitcase           2
 nfit           70
 SHAPE(grid)           4       32384
 npoints        32384
 end onel_pot_from_grid
 in onel_pot_from_grid
 fitcase           2
 nfit           70
 SHAPE(grid)           4       32384
 npoints        32384
 end onel_pot_from_grid
 in onel_pot_from_grid
 fitcase           2
 nfit           70
 SHAPE(grid)           4       32384
 npoints        32384
 end onel_pot_from_grid
 in onel_pot_from_grid
 fitcase           2
 nfit           70
 SHAPE(grid)           4       32384
 npoints        32384
 end onel_pot_from_grid
 in onel_pot_from_grid
 fitcase           2
 nfit           70
 SHAPE(grid)           4       32384
 npoints        32384
 end onel_pot_from_grid
 in onel_pot_from_grid
 fitcase           2
 nfit           70
 SHAPE(grid)           4       32384
 npoints        32384
 end onel_pot_from_grid
 in onel_pot_from_grid
 fitcase           2
 nfit           70
 SHAPE(grid)           4       32384
 npoints        32384
 end onel_pot_from_grid
 in onel_pot_from_grid
 fitcase           2
 nfit           70
 SHAPE(grid)           4       32384
 npoints        32384
 end onel_pot_from_grid
 in onel_pot_from_grid
 fitcase           2
 nfit           70
 SHAPE(grid)           4       32384
 npoints        32384
 end onel_pot_from_grid
 in onel_pot_from_grid
 fitcase           2
 nfit           70
 SHAPE(grid)           4       32384
 npoints        32384
 end onel_pot_from_grid
 in onel_pot_from_grid
 fitcase           2
 nfit           70
 SHAPE(grid)           4       32384
 npoints        32384
 end onel_pot_from_grid
 in onel_pot_from_grid
 fitcase           2
 nfit           70
 SHAPE(grid)           4       32384
 npoints        32384
 end onel_pot_from_grid
 in onel_pot_from_grid
 fitcase           2
 nfit           70
 SHAPE(grid)           4       32384
 npoints        32384
 end onel_pot_from_grid
 in onel_pot_from_grid
 fitcase           2
 nfit           70
 SHAPE(grid)           4       32384
 npoints        32384
 end onel_pot_from_grid
 in onel_pot_from_grid
 fitcase           2
 nfit           70
 SHAPE(grid)           4       32384
 npoints        32384
 end onel_pot_from_grid
 in onel_pot_from_grid
 fitcase           2
 nfit           70
 SHAPE(grid)           4       32384
 npoints        32384
 end onel_pot_from_grid
 in onel_pot_from_grid
 fitcase           2
 nfit           70
 SHAPE(grid)           4       32384
 npoints        32384
 end onel_pot_from_grid
 in onel_pot_from_grid
  total energy              =        -76.1800327965
  maxdiff in density matrix =      0.2307584871E-03 (   0.079%) 
 Iteration           18
  total electronic energy   =        -85.2881590892
  nuclear repulsion energy  =          9.1081262075
  total energy              =        -76.1800328817
  maxdiff in density matrix =      0.2438452490E-03 (   0.084%) 
 Iteration           19
  total electronic energy   =        -85.2881590065
  nuclear repulsion energy  =          9.1081262075
  total energy              =        -76.1800327991
  maxdiff in density matrix =      0.2386363854E-03 (   0.082%) 
 Iteration           20
  total electronic energy   =        -85.2881590937
  nuclear repulsion energy  =          9.1081262075
  total energy              =        -76.1800328863
  maxdiff in density matrix =      0.2451046971E-03 (   0.084%) 
 Iteration           21
  total electronic energy   =        -85.2881590073
  nuclear repulsion energy  =          9.1081262075
  total energy              =        -76.1800327999
  maxdiff in density matrix =      0.2429417871E-03 (   0.084%) 
 Iteration           22
  total electronic energy   =        -85.2881590964
  nuclear repulsion energy  =          9.1081262075
  total energy              =        -76.1800328889
  maxdiff in density matrix =      0.2460220388E-03 (   0.085%) 
 Iteration           23
  total electronic energy   =        -85.2881590079
  nuclear repulsion energy  =          9.1081262075
  total energy              =        -76.1800328005
  maxdiff in density matrix =      0.2450677772E-03 (   0.084%) 
 Iteration           24
  total electronic energy   =        -85.2881590972
  nuclear repulsion energy  =          9.1081262075
  total energy              =        -76.1800328898
  maxdiff in density matrix =      0.2464625449E-03 (   0.085%) 
 Iteration           25
  total electronic energy   =        -85.2881590080
  nuclear repulsion energy  =          9.1081262075
  total energy              =        -76.1800328005
  maxdiff in density matrix =      0.2460214115E-03 (   0.085%) 
 Iteration           26
  total electronic energy   =        -85.2881590975
  nuclear repulsion energy  =          9.1081262075
  total energy              =        -76.1800328900
  maxdiff in density matrix =      0.2466192922E-03 (   0.085%) 
 Iteration           27
  total electronic energy   =        -85.2881590086
  nuclear repulsion energy  =          9.1081262075
  total energy              =        -76.1800328012
  maxdiff in density matrix =      0.2464079817E-03 (   0.085%) 
 Iteration           28
  total electronic energy   =        -85.2881590977
  nuclear repulsion energy  =          9.1081262075
  total energy              =        -76.1800328902
  maxdiff in density matrix =      0.2466478793E-03 (   0.085%) 
 Iteration           29
  total electronic energy   =        -85.2881590083
  nuclear repulsion energy  =          9.1081262075
  total energy              =        -76.1800328008
  maxdiff in density matrix =      0.2465438305E-03 (   0.085%) 
 Iteration           30
  total electronic energy   =        -85.2881590974
  nuclear repulsion energy  =          9.1081262075
  total energy              =        -76.1800328899
  maxdiff in density matrix =      0.2466310250E-03 (   0.085%) 
 Iteration           31
  total electronic energy   =        -85.2881590079
  nuclear repulsion energy  =          9.1081262075
  total energy              =        -76.1800328004
  maxdiff in density matrix =      0.2465786665E-03 (   0.085%) 
 Iteration           32
  total electronic energy   =        -85.2881590975
  nuclear repulsion energy  =          9.1081262075
  total energy              =        -76.1800328900
  maxdiff in density matrix =      0.2466046559E-03 (   0.085%) 
 Iteration           33
  total electronic energy   =        -85.2881590081
  nuclear repulsion energy  =          9.1081262075
  total energy              =        -76.1800328006
  maxdiff in density matrix =      0.2465778384E-03 (   0.085%) 
 Iteration           34
  total electronic energy   =        -85.2881590978
  nuclear repulsion energy  =          9.1081262075
  total energy              =        -76.1800328903
  maxdiff in density matrix =      0.2465814225E-03 (   0.085%) 
 Iteration           35
  total electronic energy   =        -85.2881590081
  nuclear repulsion energy  =          9.1081262075
  total energy              =        -76.1800328006
  maxdiff in density matrix =      0.2465674863E-03 (   0.085%) 
 Iteration           36
  total electronic energy   =        -85.2881590976
  nuclear repulsion energy  =          9.1081262075
  total energy              =        -76.1800328902
  maxdiff in density matrix =      0.2465643122E-03 (   0.085%) 
 Iteration           37
  total electronic energy   =        -85.2881590082
  nuclear repulsion energy  =          9.1081262075
  total energy              =        -76.1800328007
  maxdiff in density matrix =      0.2465569809E-03 (   0.085%) 
 Iteration           38
  total electronic energy   =        -85.2881590976
  nuclear repulsion energy  =          9.1081262075
  total energy              =        -76.1800328901
  maxdiff in density matrix =      0.2465527099E-03 (   0.085%) 
 Iteration           39
  total electronic energy   =        -85.2881590081
  nuclear repulsion energy  =          9.1081262075
  total energy              =        -76.1800328007
  maxdiff in density matrix =      0.2465488045E-03 (   0.085%) 
 Iteration           40
  total electronic energy   =        -85.2881590978
  nuclear repulsion energy  =          9.1081262075
  total energy              =        -76.1800328903
  maxdiff in density matrix =      0.2465452537E-03 (   0.085%) 
 Iteration           41
  total electronic energy   =        -85.2881590081
  nuclear repulsion energy  =          9.1081262075
  total energy              =        -76.1800328006
  maxdiff in density matrix =      0.2465431509E-03 (   0.085%) 
 Iteration           42
  total electronic energy   =        -85.2881590977
  nuclear repulsion energy  =          9.1081262075
  total energy              =        -76.1800328902
  maxdiff in density matrix =      0.2465405900E-03 (   0.085%) 
 Iteration           43
  total electronic energy   =        -85.2881590082
  nuclear repulsion energy  =          9.1081262075
  total energy              =        -76.1800328008
  maxdiff in density matrix =      0.2465394546E-03 (   0.085%) 
 Iteration           44
  total electronic energy   =        -85.2881590975
  nuclear repulsion energy  =          9.1081262075
  total energy              =        -76.1800328900
  maxdiff in density matrix =      0.2465377542E-03 (   0.085%) 
 Iteration           45
  total electronic energy   =        -85.2881590082
  nuclear repulsion energy  =          9.1081262075
  total energy              =        -76.1800328008
  maxdiff in density matrix =      0.2465371243E-03 (   0.085%) 
 Iteration           46
  total electronic energy   =        -85.2881590976
  nuclear repulsion energy  =          9.1081262075
  total energy              =        -76.1800328901
  maxdiff in density matrix =      0.2465360452E-03 (   0.085%) 
 Iteration           47
  total electronic energy   =        -85.2881590080
  nuclear repulsion energy  =          9.1081262075
  total energy              =        -76.1800328005
  maxdiff in density matrix =      0.2465357059E-03 (   0.085%) 
 Iteration           48
  total electronic energy   =        -85.2881590976
  nuclear repulsion energy  =          9.1081262075
  total energy              =        -76.1800328902
  maxdiff in density matrix =      0.2465350152E-03 (   0.085%) 
 Iteration           49
  total electronic energy   =        -85.2881590079
  nuclear repulsion energy  =          9.1081262075
  total energy              =        -76.1800328004
  maxdiff in density matrix =      0.2465348248E-03 (   0.085%) 
 Iteration           50
  total electronic energy   =        -85.2881590974
  nuclear repulsion energy  =          9.1081262075
  total energy              =        -76.1800328900
  maxdiff in density matrix =      0.2465343979E-03 (   0.085%) 
 Iteration           51
 fitcase           2
 nfit           70
 SHAPE(grid)           4       32384
 npoints        32384
 end onel_pot_from_grid
 in onel_pot_from_grid
 fitcase           2
 nfit           70
 SHAPE(grid)           4       32384
 npoints        32384
 end onel_pot_from_grid
 in onel_pot_from_grid
 fitcase           2
 nfit           70
 SHAPE(grid)           4       32384
 npoints        32384
 end onel_pot_from_grid
 in onel_pot_from_grid
 fitcase           2
 nfit           70
 SHAPE(grid)           4       32384
 npoints        32384
 end onel_pot_from_grid
 in onel_pot_from_grid
 fitcase           2
 nfit           70
 SHAPE(grid)           4       32384
 npoints        32384
 end onel_pot_from_grid
 in onel_pot_from_grid
 fitcase           2
 nfit           70
 SHAPE(grid)           4       32384
 npoints        32384
 end onel_pot_from_grid
 in onel_pot_from_grid
 fitcase           2
 nfit           70
 SHAPE(grid)           4       32384
 npoints        32384
 end onel_pot_from_grid
 in onel_pot_from_grid
 fitcase           2
 nfit           70
 SHAPE(grid)           4       32384
 npoints        32384
 end onel_pot_from_grid
 in onel_pot_from_grid
 fitcase           2
 nfit           70
 SHAPE(grid)           4       32384
 npoints        32384
 end onel_pot_from_grid
 in onel_pot_from_grid
 fitcase           2
 nfit           70
 SHAPE(grid)           4       32384
 npoints        32384
 end onel_pot_from_grid
 in onel_pot_from_grid
 fitcase           2
 nfit           70
 SHAPE(grid)           4       32384
 npoints        32384
 end onel_pot_from_grid
 in onel_pot_from_grid
 fitcase           2
 nfit           70
 SHAPE(grid)           4       32384
 npoints        32384
 end onel_pot_from_grid
 in onel_pot_from_grid
 fitcase           2
 nfit           70
 SHAPE(grid)           4       32384
 npoints        32384
 end onel_pot_from_grid
 in onel_pot_from_grid
 fitcase           2
 nfit           70
 SHAPE(grid)           4       32384
 npoints        32384
 end onel_pot_from_grid
 in onel_pot_from_grid
 fitcase           2
 nfit           70
 SHAPE(grid)           4       32384
 npoints        32384
 end onel_pot_from_grid
 in onel_pot_from_grid
 fitcase           2
 nfit           70
 SHAPE(grid)           4       32384
 npoints        32384
 end onel_pot_from_grid
 in onel_pot_from_grid
 fitcase           2
 nfit           70
 SHAPE(grid)           4       32384
 npoints        32384
 end onel_pot_from_grid
 in onel_pot_from_grid
 fitcase           2
 nfit           70
 SHAPE(grid)           4       32384
 npoints        32384
 end onel_pot_from_grid
 in onel_pot_from_grid
 fitcase           2
 nfit           70
 SHAPE(grid)           4       32384
 npoints        32384
 end onel_pot_from_grid
 in onel_pot_from_grid
 fitcase           2
 nfit           70
 SHAPE(grid)           4       32384
 npoints        32384
 end onel_pot_from_grid
 in onel_pot_from_grid
 fitcase           2
 nfit           70
 SHAPE(grid)           4       32384
 npoints        32384
 end onel_pot_from_grid
 in onel_pot_from_grid
 fitcase           2
 nfit           70
 SHAPE(grid)           4       32384
 npoints        32384
 end onel_pot_from_grid
 in onel_pot_from_grid
 fitcase           2
 nfit           70
 SHAPE(grid)           4       32384
 npoints        32384
 end onel_pot_from_grid
 in onel_pot_from_grid
 fitcase           2
 nfit           70
 SHAPE(grid)           4       32384
 npoints        32384
 end onel_pot_from_grid
 in onel_pot_from_grid
 fitcase           2
 nfit           70
 SHAPE(grid)           4       32384
 npoints        32384
 end onel_pot_from_grid
 in onel_pot_from_grid
 fitcase           2
 nfit           70
 SHAPE(grid)           4       32384
 npoints        32384
 end onel_pot_from_grid
 in onel_pot_from_grid
 fitcase           2
 nfit           70
 SHAPE(grid)           4       32384
 npoints        32384
 end onel_pot_from_grid
 in onel_pot_from_grid
 fitcase           2
 nfit           70
 SHAPE(grid)           4       32384
 npoints        32384
 end onel_pot_from_grid
 in onel_pot_from_grid
 fitcase           2
  total electronic energy   =        -85.2881590081
  nuclear repulsion energy  =          9.1081262075
  total energy              =        -76.1800328006
  maxdiff in density matrix =      0.2465342832E-03 (   0.085%) 
 Iteration           52
  total electronic energy   =        -85.2881590975
  nuclear repulsion energy  =          9.1081262075
  total energy              =        -76.1800328901
  maxdiff in density matrix =      0.2465340560E-03 (   0.085%) 
 Iteration           53
  total electronic energy   =        -85.2881590081
  nuclear repulsion energy  =          9.1081262075
  total energy              =        -76.1800328006
  maxdiff in density matrix =      0.2465340034E-03 (   0.085%) 
 Iteration           54
  total electronic energy   =        -85.2881590976
  nuclear repulsion energy  =          9.1081262075
  total energy              =        -76.1800328901
  maxdiff in density matrix =      0.2465338625E-03 (   0.085%) 
 Iteration           55
  total electronic energy   =        -85.2881590082
  nuclear repulsion energy  =          9.1081262075
  total energy              =        -76.1800328008
  maxdiff in density matrix =      0.2465338190E-03 (   0.085%) 
 Iteration           56
  total electronic energy   =        -85.2881590976
  nuclear repulsion energy  =          9.1081262075
  total energy              =        -76.1800328901
  maxdiff in density matrix =      0.2465337299E-03 (   0.085%) 
 Iteration           57
  total electronic energy   =        -85.2881590081
  nuclear repulsion energy  =          9.1081262075
  total energy              =        -76.1800328006
  maxdiff in density matrix =      0.2465337163E-03 (   0.085%) 
 Iteration           58
  total electronic energy   =        -85.2881590977
  nuclear repulsion energy  =          9.1081262075
  total energy              =        -76.1800328902
  maxdiff in density matrix =      0.2465336539E-03 (   0.085%) 
 Iteration           59
  total electronic energy   =        -85.2881590085
  nuclear repulsion energy  =          9.1081262075
  total energy              =        -76.1800328010
  maxdiff in density matrix =      0.2465336321E-03 (   0.085%) 
 Iteration           60
  total electronic energy   =        -85.2881590977
  nuclear repulsion energy  =          9.1081262075
  total energy              =        -76.1800328903
  maxdiff in density matrix =      0.2465336318E-03 (   0.085%) 
 Iteration           61
  total electronic energy   =        -85.2881590081
  nuclear repulsion energy  =          9.1081262075
  total energy              =        -76.1800328006
  maxdiff in density matrix =      0.2465336162E-03 (   0.085%) 
 Iteration           62
  total electronic energy   =        -85.2881590975
  nuclear repulsion energy  =          9.1081262075
  total energy              =        -76.1800328901
  maxdiff in density matrix =      0.2465336023E-03 (   0.085%) 
 Iteration           63
  total electronic energy   =        -85.2881590082
  nuclear repulsion energy  =          9.1081262075
  total energy              =        -76.1800328007
  maxdiff in density matrix =      0.2465336040E-03 (   0.085%) 
 Iteration           64
  total electronic energy   =        -85.2881590977
  nuclear repulsion energy  =          9.1081262075
  total energy              =        -76.1800328903
  maxdiff in density matrix =      0.2465335959E-03 (   0.085%) 
 Iteration           65
  total electronic energy   =        -85.2881590083
  nuclear repulsion energy  =          9.1081262075
  total energy              =        -76.1800328008
  maxdiff in density matrix =      0.2465335888E-03 (   0.085%) 
 Iteration           66
  total electronic energy   =        -85.2881590974
  nuclear repulsion energy  =          9.1081262075
  total energy              =        -76.1800328899
  maxdiff in density matrix =      0.2465335763E-03 (   0.085%) 
 Iteration           67
  total electronic energy   =        -85.2881590083
  nuclear repulsion energy  =          9.1081262075
  total energy              =        -76.1800328008
  maxdiff in density matrix =      0.2465335729E-03 (   0.085%) 
 Iteration           68
  total electronic energy   =        -85.2881590976
  nuclear repulsion energy  =          9.1081262075
  total energy              =        -76.1800328901
  maxdiff in density matrix =      0.2465335773E-03 (   0.085%) 
 Iteration           69
  total electronic energy   =        -85.2881590081
  nuclear repulsion energy  =          9.1081262075
  total energy              =        -76.1800328006
  maxdiff in density matrix =      0.2465335781E-03 (   0.085%) 
 Iteration           70
  total electronic energy   =        -85.2881590976
  nuclear repulsion energy  =          9.1081262075
  total energy              =        -76.1800328902
  maxdiff in density matrix =      0.2465335742E-03 (   0.085%) 
 Iteration           71
  total electronic energy   =        -85.2881590083
  nuclear repulsion energy  =          9.1081262075
  total energy              =        -76.1800328008
  maxdiff in density matrix =      0.2465335717E-03 (   0.085%) 
 Iteration           72
  total electronic energy   =        -85.2881590977
  nuclear repulsion energy  =          9.1081262075
  total energy              =        -76.1800328902
  maxdiff in density matrix =      0.2465335815E-03 (   0.085%) 
 Iteration           73
  total electronic energy   =        -85.2881590081
  nuclear repulsion energy  =          9.1081262075
  total energy              =        -76.1800328006
  maxdiff in density matrix =      0.2465335790E-03 (   0.085%) 
 Iteration           74
  total electronic energy   =        -85.2881590978
  nuclear repulsion energy  =          9.1081262075
  total energy              =        -76.1800328903
  maxdiff in density matrix =      0.2465335783E-03 (   0.085%) 
 Iteration           75
  total electronic energy   =        -85.2881590081
  nuclear repulsion energy  =          9.1081262075
  total energy              =        -76.1800328006
  maxdiff in density matrix =      0.2465335730E-03 (   0.085%) 
 Iteration           76
  total electronic energy   =        -85.2881590979
  nuclear repulsion energy  =          9.1081262075
  total energy              =        -76.1800328904
  maxdiff in density matrix =      0.2465335700E-03 (   0.085%) 
 Iteration           77
  total electronic energy   =        -85.2881590082
  nuclear repulsion energy  =          9.1081262075
  total energy              =        -76.1800328007
  maxdiff in density matrix =      0.2465335669E-03 (   0.085%) 
 Iteration           78
  total electronic energy   =        -85.2881590978
  nuclear repulsion energy  =          9.1081262075
  total energy              =        -76.1800328903
  maxdiff in density matrix =      0.2465335593E-03 (   0.085%) 
 Iteration           79
  total electronic energy   =        -85.2881590082
  nuclear repulsion energy  =          9.1081262075
  total energy              =        -76.1800328007
  maxdiff in density matrix =      0.2465335708E-03 (   0.085%) 
 Iteration           80
  total electronic energy   =        -85.2881590976
  nuclear repulsion energy  =          9.1081262075
  total energy              =        -76.1800328902
  maxdiff in density matrix =      0.2465335825E-03 (   0.085%) 
 Iteration           81
  total electronic energy   =        -85.2881590083
  nuclear repulsion energy  =          9.1081262075
  total energy              =        -76.1800328009
  maxdiff in density matrix =      0.2465335804E-03 (   0.085%) 
 Iteration           82
  total electronic energy   =        -85.2881590977
  nuclear repulsion energy  =          9.1081262075
  total energy              =        -76.1800328902
  maxdiff in density matrix =      0.2465335896E-03 (   0.085%) 
 Iteration           83
  total electronic energy   =        -85.2881590078
  nuclear repulsion energy  =          9.1081262075
  total energy              =        -76.1800328003
  maxdiff in density matrix =      0.2465335886E-03 (   0.085%) 
 Iteration           84
  total electronic energy   =        -85.2881590975
  nuclear repulsion energy  =          9.1081262075
  total energy              =        -76.1800328900
 nfit           70
 SHAPE(grid)           4       32384
 npoints        32384
 end onel_pot_from_grid
 in onel_pot_from_grid
 fitcase           2
 nfit           70
 SHAPE(grid)           4       32384
 npoints        32384
 end onel_pot_from_grid
 in onel_pot_from_grid
 fitcase           2
 nfit           70
 SHAPE(grid)           4       32384
 npoints        32384
 end onel_pot_from_grid
 in onel_pot_from_grid
 fitcase           2
 nfit           70
 SHAPE(grid)           4       32384
 npoints        32384
 end onel_pot_from_grid
 in onel_pot_from_grid
 fitcase           2
 nfit           70
 SHAPE(grid)           4       32384
 npoints        32384
 end onel_pot_from_grid
 in onel_pot_from_grid
 fitcase           2
 nfit           70
 SHAPE(grid)           4       32384
 npoints        32384
 end onel_pot_from_grid
 in onel_pot_from_grid
 fitcase           2
 nfit           70
 SHAPE(grid)           4       32384
 npoints        32384
 end onel_pot_from_grid
 in onel_pot_from_grid
 fitcase           2
 nfit           70
 SHAPE(grid)           4       32384
 npoints        32384
 end onel_pot_from_grid
 in onel_pot_from_grid
 fitcase           2
 nfit           70
 SHAPE(grid)           4       32384
 npoints        32384
 end onel_pot_from_grid
 in onel_pot_from_grid
 fitcase           2
 nfit           70
 SHAPE(grid)           4       32384
 npoints        32384
 end onel_pot_from_grid
 in onel_pot_from_grid
 fitcase           2
 nfit           70
 SHAPE(grid)           4       32384
 npoints        32384
 end onel_pot_from_grid
 in onel_pot_from_grid
 fitcase           2
 nfit           70
 SHAPE(grid)           4       32384
 npoints        32384
 end onel_pot_from_grid
 in onel_pot_from_grid
 fitcase           2
 nfit           70
 SHAPE(grid)           4       32384
 npoints        32384
 end onel_pot_from_grid
 in onel_pot_from_grid
 fitcase           2
 nfit           70
 SHAPE(grid)           4       32384
 npoints        32384
 end onel_pot_from_grid
 in onel_pot_from_grid
 fitcase           2
 nfit           70
 SHAPE(grid)           4       32384
 npoints        32384
 end onel_pot_from_grid
 in onel_pot_from_grid
 fitcase           2
 nfit           70
 SHAPE(grid)           4       32384
 npoints        32384
 end onel_pot_from_grid
 in onel_pot_from_grid
 fitcase           2
 nfit           70
 SHAPE(grid)           4       32384
 npoints        32384
 end onel_pot_from_grid
 in onel_pot_from_grid
 fitcase           2
 nfit           70
 SHAPE(grid)           4       32384
 npoints        32384
 end onel_pot_from_grid
 in onel_pot_from_grid
 fitcase           2
 nfit           70
 SHAPE(grid)           4       32384
 npoints        32384
 end onel_pot_from_grid
 in onel_pot_from_grid
 fitcase           2
 nfit           70
 SHAPE(grid)           4       32384
 npoints        32384
 end onel_pot_from_grid
 in onel_pot_from_grid
 fitcase           2
 nfit           70
 SHAPE(grid)           4       32384
 npoints        32384
 end onel_pot_from_grid
 in onel_pot_from_grid
 fitcase           2
 nfit           70
 SHAPE(grid)           4       32384
 npoints        32384
 end onel_pot_from_grid
 in onel_pot_from_grid
 fitcase           2
 nfit           70
 SHAPE(grid)           4       32384
 npoints        32384
 end onel_pot_from_grid
 in onel_pot_from_grid
 fitcase           2
 nfit           70
 SHAPE(grid)           4       32384
 npoints        32384
 end onel_pot_from_grid
 in onel_pot_from_grid
 fitcase           2
 nfit           70
 SHAPE(grid)           4       32384
 npoints        32384
 end onel_pot_from_grid
 in onel_pot_from_grid
 fitcase           2
 nfit           70
 SHAPE(grid)           4       32384
 npoints        32384
 end onel_pot_from_grid
 in onel_pot_from_grid
 fitcase           2
 nfit           70
 SHAPE(grid)           4       32384
 npoints        32384
 end onel_pot_from_grid
 in onel_pot_from_grid
 fitcase           2
 nfit           70
 SHAPE(grid)           4       32384
 npoints        32384
 end onel_pot_from_grid
 in onel_pot_from_grid
 fitcase           2
 nfit           70
  maxdiff in density matrix =      0.2465335753E-03 (   0.085%) 
 Iteration           85
  total electronic energy   =        -85.2881590081
  nuclear repulsion energy  =          9.1081262075
  total energy              =        -76.1800328006
  maxdiff in density matrix =      0.2465335735E-03 (   0.085%) 
 Iteration           86
  total electronic energy   =        -85.2881590975
  nuclear repulsion energy  =          9.1081262075
  total energy              =        -76.1800328900
  maxdiff in density matrix =      0.2465335849E-03 (   0.085%) 
 Iteration           87
  total electronic energy   =        -85.2881590080
  nuclear repulsion energy  =          9.1081262075
  total energy              =        -76.1800328005
  maxdiff in density matrix =      0.2465335826E-03 (   0.085%) 
 Iteration           88
  total electronic energy   =        -85.2881590977
  nuclear repulsion energy  =          9.1081262075
  total energy              =        -76.1800328902
  maxdiff in density matrix =      0.2465335948E-03 (   0.085%) 
 Iteration           89
  total electronic energy   =        -85.2881590081
  nuclear repulsion energy  =          9.1081262075
  total energy              =        -76.1800328006
  maxdiff in density matrix =      0.2465335795E-03 (   0.085%) 
 Iteration           90
  total electronic energy   =        -85.2881590974
  nuclear repulsion energy  =          9.1081262075
  total energy              =        -76.1800328899
  maxdiff in density matrix =      0.2465335762E-03 (   0.085%) 
 Iteration           91
  total electronic energy   =        -85.2881590084
  nuclear repulsion energy  =          9.1081262075
  total energy              =        -76.1800328010
  maxdiff in density matrix =      0.2465335767E-03 (   0.085%) 
 Iteration           92
  total electronic energy   =        -85.2881590974
  nuclear repulsion energy  =          9.1081262075
  total energy              =        -76.1800328900
  maxdiff in density matrix =      0.2465335762E-03 (   0.085%) 
 Iteration           93
  total electronic energy   =        -85.2881590083
  nuclear repulsion energy  =          9.1081262075
  total energy              =        -76.1800328008
  maxdiff in density matrix =      0.2465335841E-03 (   0.085%) 
 Iteration           94
  total electronic energy   =        -85.2881590975
  nuclear repulsion energy  =          9.1081262075
  total energy              =        -76.1800328900
  maxdiff in density matrix =      0.2465335916E-03 (   0.085%) 
 Iteration           95
  total electronic energy   =        -85.2881590081
  nuclear repulsion energy  =          9.1081262075
  total energy              =        -76.1800328006
  maxdiff in density matrix =      0.2465335754E-03 (   0.085%) 
 Iteration           96
  total electronic energy   =        -85.2881590976
  nuclear repulsion energy  =          9.1081262075
  total energy              =        -76.1800328901
  maxdiff in density matrix =      0.2465335865E-03 (   0.085%) 
 Iteration           97
  total electronic energy   =        -85.2881590080
  nuclear repulsion energy  =          9.1081262075
  total energy              =        -76.1800328006
  maxdiff in density matrix =      0.2465335812E-03 (   0.085%) 
 Iteration           98
  total electronic energy   =        -85.2881590975
  nuclear repulsion energy  =          9.1081262075
  total energy              =        -76.1800328900
  maxdiff in density matrix =      0.2465335896E-03 (   0.085%) 
 Iteration           99
  total electronic energy   =        -85.2881590084
  nuclear repulsion energy  =          9.1081262075
  total energy              =        -76.1800328009
  maxdiff in density matrix =      0.2465335950E-03 (   0.085%) 
 Iteration          100
  total electronic energy   =        -85.2881590976
  nuclear repulsion energy  =          9.1081262075
  total energy              =        -76.1800328902
  maxdiff in density matrix =      0.2465335831E-03 (   0.085%) 
 Iteration          101
  total electronic energy   =        -85.2881590083
  nuclear repulsion energy  =          9.1081262075
 SHAPE(grid)           4       32384
 npoints        32384
 end onel_pot_from_grid
 in onel_pot_from_grid
 fitcase           2
 nfit           70
 SHAPE(grid)           4       32384
 npoints        32384
 end onel_pot_from_grid
 in onel_pot_from_grid
 fitcase           2
 nfit           70
 SHAPE(grid)           4       32384
 npoints        32384
 end onel_pot_from_grid
 in onel_pot_from_grid
 fitcase           2
 nfit           70
 SHAPE(grid)           4       32384
 npoints        32384
 end onel_pot_from_grid
 in onel_pot_from_grid
 fitcase           2
 nfit           70
 SHAPE(grid)           4       32384
 npoints        32384
 end onel_pot_from_grid
 in onel_pot_from_grid
 fitcase           2
 nfit           70
 SHAPE(grid)           4       32384
 npoints        32384
 end onel_pot_from_grid
 in onel_pot_from_grid
 fitcase           2
 nfit           70
 SHAPE(grid)           4       32384
 npoints        32384
 end onel_pot_from_grid
 in onel_pot_from_grid
 fitcase           2
 nfit           70
 SHAPE(grid)           4       32384
 npoints        32384
 end onel_pot_from_grid
 in onel_pot_from_grid
 fitcase           2
 nfit           70
 SHAPE(grid)           4       32384
 npoints        32384
 end onel_pot_from_grid
 in onel_pot_from_grid
 fitcase           2
 nfit           70
 SHAPE(grid)           4       32384
 npoints        32384
 end onel_pot_from_grid
 in onel_pot_from_grid
 fitcase           2
 nfit           70
 SHAPE(grid)           4       32384
 npoints        32384
 end onel_pot_from_grid
 in onel_pot_from_grid
 fitcase           2
 nfit           70
 SHAPE(grid)           4       32384
 npoints        32384
 end onel_pot_from_grid
 in onel_pot_from_grid
 fitcase           2
 nfit           70
 SHAPE(grid)           4       32384
 npoints        32384
 end onel_pot_from_grid
 in onel_pot_from_grid
 fitcase           2
 nfit           70
 SHAPE(grid)           4       32384
 npoints        32384
 end onel_pot_from_grid
 in onel_pot_from_grid
 fitcase           2
 nfit           70
 SHAPE(grid)           4       32384
 npoints        32384
 end onel_pot_from_grid
 in onel_pot_from_grid
 fitcase           2
 nfit           70
 SHAPE(grid)           4       32384
 npoints        32384
 end onel_pot_from_grid
 in onel_pot_from_grid
 fitcase           2
 nfit           70
 SHAPE(grid)           4       32384
 npoints        32384
 end onel_pot_from_grid
 in onel_pot_from_grid
 fitcase           2
 nfit           70
 SHAPE(grid)           4       32384
 npoints        32384
 end onel_pot_from_grid
 in onel_pot_from_grid
 fitcase           2
 nfit           70
 SHAPE(grid)           4       32384
 npoints        32384
 end onel_pot_from_grid
 in onel_pot_from_grid
 fitcase           2
 nfit           70
 SHAPE(grid)           4       32384
 npoints        32384
 end onel_pot_from_grid
 in onel_pot_from_grid
 fitcase           2
 nfit           70
 SHAPE(grid)           4       32384
 npoints        32384
 end onel_pot_from_grid
 in onel_pot_from_grid
 fitcase           2
 nfit           70
 SHAPE(grid)           4       32384
 npoints        32384
 end onel_pot_from_grid
 in onel_pot_from_grid
 fitcase           2
 nfit           70
 SHAPE(grid)           4       32384
 npoints        32384
 end onel_pot_from_grid
 in onel_pot_from_grid
 fitcase           2
 nfit           70
 SHAPE(grid)           4       32384
 npoints        32384
 end onel_pot_from_grid
 in onel_pot_from_grid
 fitcase           2
 nfit           70
 SHAPE(grid)           4       32384
 npoints        32384
 end onel_pot_from_grid
 in onel_pot_from_grid
 fitcase           2
 nfit           70
 SHAPE(grid)           4       32384
 npoints        32384
 end onel_pot_from_grid
 in onel_pot_from_grid
 fitcase           2
 nfit           70
 SHAPE(grid)           4       32384
 npoints        32384
 end onel_pot_from_grid
 in onel_pot_from_grid
 fitcase           2
 nfit           70
 SHAPE(grid)           4       32384
 npoints        32384
 end onel_pot_from_grid
 in onel_pot_from_grid
 fitcase           2
 nfit           70
 SHAPE(grid)           4       32384
  total energy              =        -76.1800328009
  maxdiff in density matrix =      0.2465335894E-03 (   0.085%) 
 Iteration          102
  total electronic energy   =        -85.2881590976
  nuclear repulsion energy  =          9.1081262075
  total energy              =        -76.1800328902
  maxdiff in density matrix =      0.2465335931E-03 (   0.085%) 
 Iteration          103
  total electronic energy   =        -85.2881590082
  nuclear repulsion energy  =          9.1081262075
  total energy              =        -76.1800328008
  maxdiff in density matrix =      0.2465335889E-03 (   0.085%) 
 Iteration          104
  total electronic energy   =        -85.2881590977
  nuclear repulsion energy  =          9.1081262075
  total energy              =        -76.1800328902
  maxdiff in density matrix =      0.2465335876E-03 (   0.085%) 
 Iteration          105
  total electronic energy   =        -85.2881590081
  nuclear repulsion energy  =          9.1081262075
  total energy              =        -76.1800328006
  maxdiff in density matrix =      0.2465335980E-03 (   0.085%) 
 Iteration          106
  total electronic energy   =        -85.2881590976
  nuclear repulsion energy  =          9.1081262075
  total energy              =        -76.1800328902
  maxdiff in density matrix =      0.2465335834E-03 (   0.085%) 
 Iteration          107
  total electronic energy   =        -85.2881590082
  nuclear repulsion energy  =          9.1081262075
  total energy              =        -76.1800328007
  maxdiff in density matrix =      0.2465335730E-03 (   0.085%) 
 Iteration          108
  total electronic energy   =        -85.2881590975
  nuclear repulsion energy  =          9.1081262075
  total energy              =        -76.1800328900
  maxdiff in density matrix =      0.2465335938E-03 (   0.085%) 
 Iteration          109
  total electronic energy   =        -85.2881590082
  nuclear repulsion energy  =          9.1081262075
  total energy              =        -76.1800328008
  maxdiff in density matrix =      0.2465335798E-03 (   0.085%) 
 Iteration          110
  total electronic energy   =        -85.2881590974
  nuclear repulsion energy  =          9.1081262075
  total energy              =        -76.1800328900
  maxdiff in density matrix =      0.2465335749E-03 (   0.085%) 
 Iteration          111
  total electronic energy   =        -85.2881590081
  nuclear repulsion energy  =          9.1081262075
  total energy              =        -76.1800328007
  maxdiff in density matrix =      0.2465335781E-03 (   0.085%) 
 Iteration          112
  total electronic energy   =        -85.2881590977
  nuclear repulsion energy  =          9.1081262075
  total energy              =        -76.1800328902
  maxdiff in density matrix =      0.2465335655E-03 (   0.085%) 
 Iteration          113
  total electronic energy   =        -85.2881590083
  nuclear repulsion energy  =          9.1081262075
  total energy              =        -76.1800328008
  maxdiff in density matrix =      0.2465335679E-03 (   0.085%) 
 Iteration          114
  total electronic energy   =        -85.2881590978
  nuclear repulsion energy  =          9.1081262075
  total energy              =        -76.1800328903
  maxdiff in density matrix =      0.2465335614E-03 (   0.085%) 
 Iteration          115
  total electronic energy   =        -85.2881590083
  nuclear repulsion energy  =          9.1081262075
  total energy              =        -76.1800328009
  maxdiff in density matrix =      0.2465335552E-03 (   0.085%) 
 Iteration          116
  total electronic energy   =        -85.2881590976
  nuclear repulsion energy  =          9.1081262075
  total energy              =        -76.1800328902
  maxdiff in density matrix =      0.2465335631E-03 (   0.085%) 
 Iteration          117
  total electronic energy   =        -85.2881590081
  nuclear repulsion energy  =          9.1081262075
  total energy              =        -76.1800328006
  maxdiff in density matrix =      0.2465335664E-03 (   0.085%) 
 Iteration          118
  total electronic energy   =        -85.2881590976
  nuclear repulsion energy  =          9.1081262075
  total energy              =        -76.1800328901
  maxdiff in density matrix =      0.2465335833E-03 (   0.085%) 
 Iteration          119
  total electronic energy   =        -85.2881590081
  nuclear repulsion energy  =          9.1081262075
  total energy              =        -76.1800328006
  maxdiff in density matrix =      0.2465335783E-03 (   0.085%) 
 Iteration          120
  total electronic energy   =        -85.2881590975
  nuclear repulsion energy  =          9.1081262075
  total energy              =        -76.1800328900
  maxdiff in density matrix =      0.2465335661E-03 (   0.085%) 
 Iteration          121
  total electronic energy   =        -85.2881590080
  nuclear repulsion energy  =          9.1081262075
  total energy              =        -76.1800328005
  maxdiff in density matrix =      0.2465335627E-03 (   0.085%) 
 Iteration          122
  total electronic energy   =        -85.2881590978
  nuclear repulsion energy  =          9.1081262075
  total energy              =        -76.1800328904
  maxdiff in density matrix =      0.2465335849E-03 (   0.085%) 
 Iteration          123
  total electronic energy   =        -85.2881590081
  nuclear repulsion energy  =          9.1081262075
  total energy              =        -76.1800328007
  maxdiff in density matrix =      0.2465335811E-03 (   0.085%) 
 Iteration          124
  total electronic energy   =        -85.2881590974
  nuclear repulsion energy  =          9.1081262075
  total energy              =        -76.1800328899
  maxdiff in density matrix =      0.2465335622E-03 (   0.085%) 
 Iteration          125
  total electronic energy   =        -85.2881590080
  nuclear repulsion energy  =          9.1081262075
  total energy              =        -76.1800328005
  maxdiff in density matrix =      0.2465335640E-03 (   0.085%) 
 Iteration          126
  total electronic energy   =        -85.2881590974
  nuclear repulsion energy  =          9.1081262075
  total energy              =        -76.1800328900
  maxdiff in density matrix =      0.2465335619E-03 (   0.085%) 
 Iteration          127
  total electronic energy   =        -85.2881590080
  nuclear repulsion energy  =          9.1081262075
  total energy              =        -76.1800328006
  maxdiff in density matrix =      0.2465335672E-03 (   0.085%) 
 Iteration          128
  total electronic energy   =        -85.2881590975
  nuclear repulsion energy  =          9.1081262075
  total energy              =        -76.1800328901
  maxdiff in density matrix =      0.2465335647E-03 (   0.085%) 
 Iteration          129
  total electronic energy   =        -85.2881590083
  nuclear repulsion energy  =          9.1081262075
  total energy              =        -76.1800328008
  maxdiff in density matrix =      0.2465335703E-03 (   0.085%) 
 Iteration          130
  total electronic energy   =        -85.2881590976
  nuclear repulsion energy  =          9.1081262075
  total energy              =        -76.1800328902
  maxdiff in density matrix =      0.2465335596E-03 (   0.085%) 
 Iteration          131
  total electronic energy   =        -85.2881590081
  nuclear repulsion energy  =          9.1081262075
  total energy              =        -76.1800328007
  maxdiff in density matrix =      0.2465335525E-03 (   0.085%) 
 Iteration          132
  total electronic energy   =        -85.2881590976
  nuclear repulsion energy  =          9.1081262075
  total energy              =        -76.1800328902
  maxdiff in density matrix =      0.2465335578E-03 (   0.085%) 
 Iteration          133
  total electronic energy   =        -85.2881590081
  nuclear repulsion energy  =          9.1081262075
  total energy              =        -76.1800328007
  maxdiff in density matrix =      0.2465335593E-03 (   0.085%) 
 Iteration          134
  total electronic energy   =        -85.2881590973
  nuclear repulsion energy  =          9.1081262075
  total energy              =        -76.1800328898
  maxdiff in density matrix =      0.2465335680E-03 (   0.085%) 
 Iteration          135
 npoints        32384
 end onel_pot_from_grid
 in onel_pot_from_grid
 fitcase           2
 nfit           70
 SHAPE(grid)           4       32384
 npoints        32384
 end onel_pot_from_grid
 in onel_pot_from_grid
 fitcase           2
 nfit           70
 SHAPE(grid)           4       32384
 npoints        32384
 end onel_pot_from_grid
 in onel_pot_from_grid
 fitcase           2
 nfit           70
 SHAPE(grid)           4       32384
 npoints        32384
 end onel_pot_from_grid
 in onel_pot_from_grid
 fitcase           2
 nfit           70
 SHAPE(grid)           4       32384
 npoints        32384
 end onel_pot_from_grid
 in onel_pot_from_grid
 fitcase           2
 nfit           70
 SHAPE(grid)           4       32384
 npoints        32384
 end onel_pot_from_grid
 in onel_pot_from_grid
 fitcase           2
 nfit           70
 SHAPE(grid)           4       32384
 npoints        32384
 end onel_pot_from_grid
 in onel_pot_from_grid
 fitcase           2
 nfit           70
 SHAPE(grid)           4       32384
 npoints        32384
 end onel_pot_from_grid
 in onel_pot_from_grid
 fitcase           2
 nfit           70
 SHAPE(grid)           4       32384
 npoints        32384
 end onel_pot_from_grid
 in onel_pot_from_grid
 fitcase           2
 nfit           70
 SHAPE(grid)           4       32384
 npoints        32384
 end onel_pot_from_grid
 in onel_pot_from_grid
 fitcase           2
 nfit           70
 SHAPE(grid)           4       32384
 npoints        32384
 end onel_pot_from_grid
 in onel_pot_from_grid
 fitcase           2
 nfit           70
 SHAPE(grid)           4       32384
 npoints        32384
 end onel_pot_from_grid
 in onel_pot_from_grid
 fitcase           2
 nfit           70
 SHAPE(grid)           4       32384
 npoints        32384
 end onel_pot_from_grid
 in onel_pot_from_grid
 fitcase           2
 nfit           70
 SHAPE(grid)           4       32384
 npoints        32384
 end onel_pot_from_grid
 in onel_pot_from_grid
 fitcase           2
 nfit           70
 SHAPE(grid)           4       32384
 npoints        32384
 end onel_pot_from_grid
 in onel_pot_from_grid
 fitcase           2
 nfit           70
 SHAPE(grid)           4       32384
 npoints        32384
 end onel_pot_from_grid
 in onel_pot_from_grid
 fitcase           2
 nfit           70
 SHAPE(grid)           4       32384
 npoints        32384
 end onel_pot_from_grid
 in onel_pot_from_grid
 fitcase           2
 nfit           70
 SHAPE(grid)           4       32384
 npoints        32384
 end onel_pot_from_grid
 in onel_pot_from_grid
 fitcase           2
 nfit           70
 SHAPE(grid)           4       32384
 npoints        32384
 end onel_pot_from_grid
 in onel_pot_from_grid
 fitcase           2
 nfit           70
 SHAPE(grid)           4       32384
 npoints        32384
 end onel_pot_from_grid
 in onel_pot_from_grid
 fitcase           2
 nfit           70
 SHAPE(grid)           4       32384
 npoints        32384
 end onel_pot_from_grid
 in onel_pot_from_grid
 fitcase           2
 nfit           70
 SHAPE(grid)           4       32384
 npoints        32384
 end onel_pot_from_grid
 in onel_pot_from_grid
 fitcase           2
 nfit           70
 SHAPE(grid)           4       32384
 npoints        32384
 end onel_pot_from_grid
 in onel_pot_from_grid
 fitcase           2
 nfit           70
 SHAPE(grid)           4       32384
 npoints        32384
 end onel_pot_from_grid
 in onel_pot_from_grid
 fitcase           2
 nfit           70
 SHAPE(grid)           4       32384
 npoints        32384
 end onel_pot_from_grid
 in onel_pot_from_grid
 fitcase           2
 nfit           70
 SHAPE(grid)           4       32384
 npoints        32384
 end onel_pot_from_grid
 in onel_pot_from_grid
 fitcase           2
 nfit           70
 SHAPE(grid)           4       32384
 npoints        32384
 end onel_pot_from_grid
 in onel_pot_from_grid
 fitcase           2
 nfit           70
 SHAPE(grid)           4       32384
 npoints        32384
 end onel_pot_from_grid
 in onel_pot_from_grid
 fitcase           2
 nfit           70
 SHAPE(grid)           4       32384
 npoints        32384
  total electronic energy   =        -85.2881590085
  nuclear repulsion energy  =          9.1081262075
  total energy              =        -76.1800328010
  maxdiff in density matrix =      0.2465335683E-03 (   0.085%) 
 Iteration          136
  total electronic energy   =        -85.2881590975
  nuclear repulsion energy  =          9.1081262075
  total energy              =        -76.1800328900
  maxdiff in density matrix =      0.2465335625E-03 (   0.085%) 
 Iteration          137
  total electronic energy   =        -85.2881590083
  nuclear repulsion energy  =          9.1081262075
  total energy              =        -76.1800328008
  maxdiff in density matrix =      0.2465335678E-03 (   0.085%) 
 Iteration          138
  total electronic energy   =        -85.2881590975
  nuclear repulsion energy  =          9.1081262075
  total energy              =        -76.1800328900
  maxdiff in density matrix =      0.2465335618E-03 (   0.085%) 
 Iteration          139
  total electronic energy   =        -85.2881590085
  nuclear repulsion energy  =          9.1081262075
  total energy              =        -76.1800328010
  maxdiff in density matrix =      0.2465335609E-03 (   0.085%) 
 Iteration          140
  total electronic energy   =        -85.2881590976
  nuclear repulsion energy  =          9.1081262075
  total energy              =        -76.1800328901
  maxdiff in density matrix =      0.2465335662E-03 (   0.085%) 
 Iteration          141
  total electronic energy   =        -85.2881590082
  nuclear repulsion energy  =          9.1081262075
  total energy              =        -76.1800328008
  maxdiff in density matrix =      0.2465335558E-03 (   0.085%) 
 Iteration          142
  total electronic energy   =        -85.2881590975
  nuclear repulsion energy  =          9.1081262075
  total energy              =        -76.1800328901
  maxdiff in density matrix =      0.2465335639E-03 (   0.085%) 
 Iteration          143
  total electronic energy   =        -85.2881590084
  nuclear repulsion energy  =          9.1081262075
  total energy              =        -76.1800328009
  maxdiff in density matrix =      0.2465335656E-03 (   0.085%) 
 Iteration          144
  total electronic energy   =        -85.2881590975
  nuclear repulsion energy  =          9.1081262075
  total energy              =        -76.1800328900
  maxdiff in density matrix =      0.2465335558E-03 (   0.085%) 
 Iteration          145
  total electronic energy   =        -85.2881590081
  nuclear repulsion energy  =          9.1081262075
  total energy              =        -76.1800328006
  maxdiff in density matrix =      0.2465335532E-03 (   0.085%) 
 Iteration          146
  total electronic energy   =        -85.2881590974
  nuclear repulsion energy  =          9.1081262075
  total energy              =        -76.1800328900
  maxdiff in density matrix =      0.2465335410E-03 (   0.085%) 
 Iteration          147
  total electronic energy   =        -85.2881590082
  nuclear repulsion energy  =          9.1081262075
  total energy              =        -76.1800328007
  maxdiff in density matrix =      0.2465335355E-03 (   0.085%) 
 Iteration          148
  total electronic energy   =        -85.2881590975
  nuclear repulsion energy  =          9.1081262075
  total energy              =        -76.1800328901
  maxdiff in density matrix =      0.2465335492E-03 (   0.085%) 
 Iteration          149
  total electronic energy   =        -85.2881590081
  nuclear repulsion energy  =          9.1081262075
  total energy              =        -76.1800328006
  maxdiff in density matrix =      0.2465335525E-03 (   0.085%) 
 Iteration          150
  total electronic energy   =        -85.2881590976
  nuclear repulsion energy  =          9.1081262075
  total energy              =        -76.1800328901
  maxdiff in density matrix =      0.2465335674E-03 (   0.085%) 
 Iteration          151
  total electronic energy   =        -85.2881590080
  nuclear repulsion energy  =          9.1081262075
  total energy              =        -76.1800328005
  maxdiff in density matrix =      0.2465335695E-03 (   0.085%) 
 Iteration          152
  total electronic energy   =        -85.2881590973
  nuclear repulsion energy  =          9.1081262075
  total energy              =        -76.1800328898
  maxdiff in density matrix =      0.2465335689E-03 (   0.085%) 
 Iteration          153
  total electronic energy   =        -85.2881590082
  nuclear repulsion energy  =          9.1081262075
  total energy              =        -76.1800328008
  maxdiff in density matrix =      0.2465335669E-03 (   0.085%) 
 Iteration          154
  total electronic energy   =        -85.2881590973
  nuclear repulsion energy  =          9.1081262075
  total energy              =        -76.1800328898
  maxdiff in density matrix =      0.2465335618E-03 (   0.085%) 
 Iteration          155
  total electronic energy   =        -85.2881590081
  nuclear repulsion energy  =          9.1081262075
  total energy              =        -76.1800328006
  maxdiff in density matrix =      0.2465335579E-03 (   0.085%) 
 Iteration          156
  total electronic energy   =        -85.2881590973
  nuclear repulsion energy  =          9.1081262075
  total energy              =        -76.1800328898
  maxdiff in density matrix =      0.2465335629E-03 (   0.085%) 
 Iteration          157
  total electronic energy   =        -85.2881590081
  nuclear repulsion energy  =          9.1081262075
  total energy              =        -76.1800328006
  maxdiff in density matrix =      0.2465335660E-03 (   0.085%) 
 Iteration          158
  total electronic energy   =        -85.2881590976
  nuclear repulsion energy  =          9.1081262075
  total energy              =        -76.1800328901
  maxdiff in density matrix =      0.2465335719E-03 (   0.085%) 
 Iteration          159
  total electronic energy   =        -85.2881590083
  nuclear repulsion energy  =          9.1081262075
  total energy              =        -76.1800328008
  maxdiff in density matrix =      0.2465335649E-03 (   0.085%) 
 Iteration          160
  total electronic energy   =        -85.2881590975
  nuclear repulsion energy  =          9.1081262075
  total energy              =        -76.1800328900
  maxdiff in density matrix =      0.2465335701E-03 (   0.085%) 
 Iteration          161
  total electronic energy   =        -85.2881590083
  nuclear repulsion energy  =          9.1081262075
  total energy              =        -76.1800328008
  maxdiff in density matrix =      0.2465335801E-03 (   0.085%) 
 Iteration          162
  total electronic energy   =        -85.2881590973
  nuclear repulsion energy  =          9.1081262075
  total energy              =        -76.1800328898
  maxdiff in density matrix =      0.2465335800E-03 (   0.085%) 
 Iteration          163
  total electronic energy   =        -85.2881590084
  nuclear repulsion energy  =          9.1081262075
  total energy              =        -76.1800328010
  maxdiff in density matrix =      0.2465335817E-03 (   0.085%) 
 Iteration          164
  total electronic energy   =        -85.2881590975
  nuclear repulsion energy  =          9.1081262075
  total energy              =        -76.1800328900
  maxdiff in density matrix =      0.2465335930E-03 (   0.085%) 
 Iteration          165
  total electronic energy   =        -85.2881590080
  nuclear repulsion energy  =          9.1081262075
  total energy              =        -76.1800328005
  maxdiff in density matrix =      0.2465335981E-03 (   0.085%) 
 Iteration          166
  total electronic energy   =        -85.2881590975
  nuclear repulsion energy  =          9.1081262075
  total energy              =        -76.1800328900
  maxdiff in density matrix =      0.2465335931E-03 (   0.085%) 
 Iteration          167
  total electronic energy   =        -85.2881590081
  nuclear repulsion energy  =          9.1081262075
  total energy              =        -76.1800328006
  maxdiff in density matrix =      0.2465335798E-03 (   0.085%) 
 Iteration          168
  total electronic energy   =        -85.2881590978
  nuclear repulsion energy  =          9.1081262075
  total energy              =        -76.1800328903
 end onel_pot_from_grid
 in onel_pot_from_grid
 fitcase           2
 nfit           70
 SHAPE(grid)           4       32384
 npoints        32384
 end onel_pot_from_grid
 in onel_pot_from_grid
 fitcase           2
 nfit           70
 SHAPE(grid)           4       32384
 npoints        32384
 end onel_pot_from_grid
 in onel_pot_from_grid
 fitcase           2
 nfit           70
 SHAPE(grid)           4       32384
 npoints        32384
 end onel_pot_from_grid
 in onel_pot_from_grid
 fitcase           2
 nfit           70
 SHAPE(grid)           4       32384
 npoints        32384
 end onel_pot_from_grid
 in onel_pot_from_grid
 fitcase           2
 nfit           70
 SHAPE(grid)           4       32384
 npoints        32384
 end onel_pot_from_grid
 in onel_pot_from_grid
 fitcase           2
 nfit           70
 SHAPE(grid)           4       32384
 npoints        32384
 end onel_pot_from_grid
 in onel_pot_from_grid
 fitcase           2
 nfit           70
 SHAPE(grid)           4       32384
 npoints        32384
 end onel_pot_from_grid
 in onel_pot_from_grid
 fitcase           2
 nfit           70
 SHAPE(grid)           4       32384
 npoints        32384
 end onel_pot_from_grid
 in onel_pot_from_grid
 fitcase           2
 nfit           70
 SHAPE(grid)           4       32384
 npoints        32384
 end onel_pot_from_grid
 in onel_pot_from_grid
 fitcase           2
 nfit           70
 SHAPE(grid)           4       32384
 npoints        32384
 end onel_pot_from_grid
 in onel_pot_from_grid
 fitcase           2
 nfit           70
 SHAPE(grid)           4       32384
 npoints        32384
 end onel_pot_from_grid
 in onel_pot_from_grid
 fitcase           2
 nfit           70
 SHAPE(grid)           4       32384
 npoints        32384
 end onel_pot_from_grid
 in onel_pot_from_grid
 fitcase           2
 nfit           70
 SHAPE(grid)           4       32384
 npoints        32384
 end onel_pot_from_grid
 in onel_pot_from_grid
 fitcase           2
 nfit           70
 SHAPE(grid)           4       32384
 npoints        32384
 end onel_pot_from_grid
 in onel_pot_from_grid
 fitcase           2
 nfit           70
 SHAPE(grid)           4       32384
 npoints        32384
 end onel_pot_from_grid
 in onel_pot_from_grid
 fitcase           2
 nfit           70
 SHAPE(grid)           4       32384
 npoints        32384
 end onel_pot_from_grid
 in onel_pot_from_grid
 fitcase           2
 nfit           70
 SHAPE(grid)           4       32384
 npoints        32384
 end onel_pot_from_grid
 in onel_pot_from_grid
 fitcase           2
 nfit           70
 SHAPE(grid)           4       32384
 npoints        32384
 end onel_pot_from_grid
 in onel_pot_from_grid
 fitcase           2
 nfit           70
 SHAPE(grid)           4       32384
 npoints        32384
 end onel_pot_from_grid
 in onel_pot_from_grid
 fitcase           2
 nfit           70
 SHAPE(grid)           4       32384
 npoints        32384
 end onel_pot_from_grid
 in onel_pot_from_grid
 fitcase           2
 nfit           70
 SHAPE(grid)           4       32384
 npoints        32384
 end onel_pot_from_grid
 in onel_pot_from_grid
 fitcase           2
 nfit           70
 SHAPE(grid)           4       32384
 npoints        32384
 end onel_pot_from_grid
 in onel_pot_from_grid
 fitcase           2
 nfit           70
 SHAPE(grid)           4       32384
 npoints        32384
 end onel_pot_from_grid
 in onel_pot_from_grid
 fitcase           2
 nfit           70
 SHAPE(grid)           4       32384
 npoints        32384
 end onel_pot_from_grid
 in onel_pot_from_grid
 fitcase           2
 nfit           70
 SHAPE(grid)           4       32384
 npoints        32384
 end onel_pot_from_grid
 in onel_pot_from_grid
 fitcase           2
 nfit           70
 SHAPE(grid)           4       32384
 npoints        32384
 end onel_pot_from_grid
 in onel_pot_from_grid
 fitcase           2
 nfit           70
 SHAPE(grid)           4       32384
 npoints        32384
 end onel_pot_from_grid
 in onel_pot_from_grid
 fitcase           2
 nfit           70
 SHAPE(grid)           4       32384
 npoints        32384
 end onel_pot_from_grid
  maxdiff in density matrix =      0.2465335648E-03 (   0.085%) 
 Iteration          169
  total electronic energy   =        -85.2881590081
  nuclear repulsion energy  =          9.1081262075
  total energy              =        -76.1800328006
  maxdiff in density matrix =      0.2465335662E-03 (   0.085%) 
 Iteration          170
  total electronic energy   =        -85.2881590977
  nuclear repulsion energy  =          9.1081262075
  total energy              =        -76.1800328902
  maxdiff in density matrix =      0.2465335782E-03 (   0.085%) 
 Iteration          171
  total electronic energy   =        -85.2881590083
  nuclear repulsion energy  =          9.1081262075
  total energy              =        -76.1800328008
  maxdiff in density matrix =      0.2465335774E-03 (   0.085%) 
 Iteration          172
  total electronic energy   =        -85.2881590974
  nuclear repulsion energy  =          9.1081262075
  total energy              =        -76.1800328900
  maxdiff in density matrix =      0.2465335682E-03 (   0.085%) 
 Iteration          173
  total electronic energy   =        -85.2881590082
  nuclear repulsion energy  =          9.1081262075
  total energy              =        -76.1800328007
  maxdiff in density matrix =      0.2465335650E-03 (   0.085%) 
 Iteration          174
  total electronic energy   =        -85.2881590975
  nuclear repulsion energy  =          9.1081262075
  total energy              =        -76.1800328901
  maxdiff in density matrix =      0.2465335633E-03 (   0.085%) 
 Iteration          175
  total electronic energy   =        -85.2881590079
  nuclear repulsion energy  =          9.1081262075
  total energy              =        -76.1800328004
  maxdiff in density matrix =      0.2465335620E-03 (   0.085%) 
 Iteration          176
  total electronic energy   =        -85.2881590975
  nuclear repulsion energy  =          9.1081262075
  total energy              =        -76.1800328900
  maxdiff in density matrix =      0.2465335682E-03 (   0.085%) 
 Iteration          177
  total electronic energy   =        -85.2881590081
  nuclear repulsion energy  =          9.1081262075
  total energy              =        -76.1800328006
  maxdiff in density matrix =      0.2465335649E-03 (   0.085%) 
 Iteration          178
  total electronic energy   =        -85.2881590975
  nuclear repulsion energy  =          9.1081262075
  total energy              =        -76.1800328901
  maxdiff in density matrix =      0.2465335638E-03 (   0.085%) 
 Iteration          179
  total electronic energy   =        -85.2881590081
  nuclear repulsion energy  =          9.1081262075
  total energy              =        -76.1800328006
  maxdiff in density matrix =      0.2465335773E-03 (   0.085%) 
 Iteration          180
  total electronic energy   =        -85.2881590974
  nuclear repulsion energy  =          9.1081262075
  total energy              =        -76.1800328900
  maxdiff in density matrix =      0.2465335762E-03 (   0.085%) 
 Iteration          181
  total electronic energy   =        -85.2881590079
  nuclear repulsion energy  =          9.1081262075
  total energy              =        -76.1800328005
  maxdiff in density matrix =      0.2465335757E-03 (   0.085%) 
 Iteration          182
  total electronic energy   =        -85.2881590979
  nuclear repulsion energy  =          9.1081262075
  total energy              =        -76.1800328904
  maxdiff in density matrix =      0.2465335525E-03 (   0.085%) 
 Iteration          183
  total electronic energy   =        -85.2881590082
  nuclear repulsion energy  =          9.1081262075
  total energy              =        -76.1800328007
  maxdiff in density matrix =      0.2465335479E-03 (   0.085%) 
 Iteration          184
  total electronic energy   =        -85.2881590976
  nuclear repulsion energy  =          9.1081262075
  total energy              =        -76.1800328901
  maxdiff in density matrix =      0.2465335638E-03 (   0.085%) 
 Iteration          185
  total electronic energy   =        -85.2881590082
  nuclear repulsion energy  =          9.1081262075
 in onel_pot_from_grid
 fitcase           2
 nfit           70
 SHAPE(grid)           4       32384
 npoints        32384
 end onel_pot_from_grid
 in onel_pot_from_grid
 fitcase           2
 nfit           70
 SHAPE(grid)           4       32384
 npoints        32384
 end onel_pot_from_grid
 in onel_pot_from_grid
 fitcase           2
 nfit           70
 SHAPE(grid)           4       32384
 npoints        32384
 end onel_pot_from_grid
 in onel_pot_from_grid
 fitcase           2
 nfit           70
 SHAPE(grid)           4       32384
 npoints        32384
 end onel_pot_from_grid
 in onel_pot_from_grid
 fitcase           2
 nfit           70
 SHAPE(grid)           4       32384
 npoints        32384
 end onel_pot_from_grid
 in onel_pot_from_grid
 fitcase           2
 nfit           70
 SHAPE(grid)           4       32384
 npoints        32384
 end onel_pot_from_grid
 in onel_pot_from_grid
 fitcase           2
 nfit           70
 SHAPE(grid)           4       32384
 npoints        32384
 end onel_pot_from_grid
 in onel_pot_from_grid
 fitcase           2
 nfit           70
 SHAPE(grid)           4       32384
 npoints        32384
 end onel_pot_from_grid
 in onel_pot_from_grid
 fitcase           2
 nfit           70
 SHAPE(grid)           4       32384
 npoints        32384
 end onel_pot_from_grid
 in onel_pot_from_grid
 fitcase           2
 nfit           70
 SHAPE(grid)           4       32384
 npoints        32384
 end onel_pot_from_grid
 in onel_pot_from_grid
 fitcase           2
 nfit           70
 SHAPE(grid)           4       32384
 npoints        32384
 end onel_pot_from_grid
 in onel_pot_from_grid
 fitcase           2
 nfit           70
 SHAPE(grid)           4       32384
 npoints        32384
 end onel_pot_from_grid
 in onel_pot_from_grid
 fitcase           2
 nfit           70
 SHAPE(grid)           4       32384
 npoints        32384
 end onel_pot_from_grid
 in onel_pot_from_grid
 fitcase           2
 nfit           70
 SHAPE(grid)           4       32384
 npoints        32384
 end onel_pot_from_grid
 in onel_pot_from_grid
 fitcase           2
 nfit           70
 SHAPE(grid)           4       32384
 npoints        32384
 end onel_pot_from_grid
 in onel_pot_from_grid
 fitcase           2
 nfit           70
 SHAPE(grid)           4       32384
 npoints        32384
 end onel_pot_from_grid
 in onel_pot_from_grid
 fitcase           2
 nfit           70
 SHAPE(grid)           4       32384
 npoints        32384
 end onel_pot_from_grid
 in onel_pot_from_grid
 fitcase           2
 nfit           70
 SHAPE(grid)           4       32384
 npoints        32384
 end onel_pot_from_grid
 in onel_pot_from_grid
 fitcase           2
 nfit           70
 SHAPE(grid)           4       32384
 npoints        32384
 end onel_pot_from_grid
 in onel_pot_from_grid
 fitcase           2
 nfit           70
 SHAPE(grid)           4       32384
 npoints        32384
 end onel_pot_from_grid
 in onel_pot_from_grid
 fitcase           2
 nfit           70
 SHAPE(grid)           4       32384
 npoints        32384
 end onel_pot_from_grid
 in onel_pot_from_grid
 fitcase           2
 nfit           70
 SHAPE(grid)           4       32384
 npoints        32384
 end onel_pot_from_grid
 in onel_pot_from_grid
 fitcase           2
 nfit           70
 SHAPE(grid)           4       32384
 npoints        32384
 end onel_pot_from_grid
 in onel_pot_from_grid
 fitcase           2
 nfit           70
 SHAPE(grid)           4       32384
 npoints        32384
 end onel_pot_from_grid
 in onel_pot_from_grid
 fitcase           2
 nfit           70
 SHAPE(grid)           4       32384
 npoints        32384
 end onel_pot_from_grid
 in onel_pot_from_grid
 fitcase           2
 nfit           70
 SHAPE(grid)           4       32384
 npoints        32384
 end onel_pot_from_grid
 in onel_pot_from_grid
 fitcase           2
 nfit           70
 SHAPE(grid)           4       32384
 npoints        32384
 end onel_pot_from_grid
 in onel_pot_from_grid
 fitcase           2
 nfit           70
 SHAPE(grid)           4       32384
 npoints        32384
 end onel_pot_from_grid
 in onel_pot_from_grid
  total energy              =        -76.1800328007
  maxdiff in density matrix =      0.2465335674E-03 (   0.085%) 
 Iteration          186
  total electronic energy   =        -85.2881590977
  nuclear repulsion energy  =          9.1081262075
  total energy              =        -76.1800328903
  maxdiff in density matrix =      0.2465335788E-03 (   0.085%) 
 Iteration          187
  total electronic energy   =        -85.2881590081
  nuclear repulsion energy  =          9.1081262075
  total energy              =        -76.1800328006
  maxdiff in density matrix =      0.2465335774E-03 (   0.085%) 
 Iteration          188
  total electronic energy   =        -85.2881590975
  nuclear repulsion energy  =          9.1081262075
  total energy              =        -76.1800328900
  maxdiff in density matrix =      0.2465335874E-03 (   0.085%) 
 Iteration          189
  total electronic energy   =        -85.2881590080
  nuclear repulsion energy  =          9.1081262075
  total energy              =        -76.1800328006
  maxdiff in density matrix =      0.2465335850E-03 (   0.085%) 
 Iteration          190
  total electronic energy   =        -85.2881590976
  nuclear repulsion energy  =          9.1081262075
  total energy              =        -76.1800328901
  maxdiff in density matrix =      0.2465335660E-03 (   0.085%) 
 Iteration          191
  total electronic energy   =        -85.2881590079
  nuclear repulsion energy  =          9.1081262075
  total energy              =        -76.1800328004
  maxdiff in density matrix =      0.2465335670E-03 (   0.085%) 
 Iteration          192
  total electronic energy   =        -85.2881590970
  nuclear repulsion energy  =          9.1081262075
  total energy              =        -76.1800328896
  maxdiff in density matrix =      0.2465335768E-03 (   0.085%) 
 Iteration          193
  total electronic energy   =        -85.2881590082
  nuclear repulsion energy  =          9.1081262075
  total energy              =        -76.1800328008
  maxdiff in density matrix =      0.2465335794E-03 (   0.085%) 
 Iteration          194
  total electronic energy   =        -85.2881590978
  nuclear repulsion energy  =          9.1081262075
  total energy              =        -76.1800328903
  maxdiff in density matrix =      0.2465335836E-03 (   0.085%) 
 Iteration          195
  total electronic energy   =        -85.2881590080
  nuclear repulsion energy  =          9.1081262075
  total energy              =        -76.1800328005
  maxdiff in density matrix =      0.2465335903E-03 (   0.085%) 
 Iteration          196
  total electronic energy   =        -85.2881590974
  nuclear repulsion energy  =          9.1081262075
  total energy              =        -76.1800328899
  maxdiff in density matrix =      0.2465335894E-03 (   0.085%) 
 Iteration          197
  total electronic energy   =        -85.2881590083
  nuclear repulsion energy  =          9.1081262075
  total energy              =        -76.1800328008
  maxdiff in density matrix =      0.2465335919E-03 (   0.085%) 
 Iteration          198
  total electronic energy   =        -85.2881590975
  nuclear repulsion energy  =          9.1081262075
  total energy              =        -76.1800328901
  maxdiff in density matrix =      0.2465335945E-03 (   0.085%) 
 Iteration          199
  total electronic energy   =        -85.2881590081
  nuclear repulsion energy  =          9.1081262075
  total energy              =        -76.1800328006
  maxdiff in density matrix =      0.2465335896E-03 (   0.085%) 
 Iteration          200
  total electronic energy   =        -85.2881590976
  nuclear repulsion energy  =          9.1081262075
  total energy              =        -76.1800328901
  maxdiff in density matrix =      0.2465335866E-03 (   0.085%) 
 Iteration          201
  total electronic energy   =        -85.2881590081
  nuclear repulsion energy  =          9.1081262075
  total energy              =        -76.1800328006
  maxdiff in density matrix =      0.2465335832E-03 (   0.085%) 
 Iteration          202
  total electronic energy   =        -85.2881590975
