Options: 
berthamodpath  =  /home/belp/BERTHAEDA/pybertha_private/src
cube  =  False
debug  =  False
deltax  =  0.2
deltay  =  0.2
deltaz  =  0.2
dumpfiles  =  False
energyconverter  =  1.0
fitcoefffile  =  fitcoeff.txt
fittfile  =  fitt2.inp
info_fragA  =  info_eda_nocv_fragA.json
info_fragB  =  info_eda_nocv_fragB.json
inputfile  =  input.inp
lmargin  =  10.0
npairs  =  12
ovapfile  =  ovap.txt
thresh  =  1e-11
vctfile  =  vct.txt
verbosity  =  -1
wrapperso  =  /home/belp/BERTHAEDA/pybertha_private/lib/bertha_wrapper.so


File  input.inp  does not exist
