 Initialze the atomic densities on each center
 Done
 Iteration            1
  total electronic energy   =      -5325.6228425289
  nuclear repulsion energy  =        167.7652114370
  total energy              =      -5157.8576310919
  maxdiff in density matrix =      0.2067830663E+00 (  93.829%) 
 Iteration            2
  total electronic energy   =      -5445.3739443653
  nuclear repulsion energy  =        167.7652114370
  total energy              =      -5277.6087329283
  maxdiff in density matrix =      0.3068782240E-01 (   4.771%) 
 Iteration            3
  total electronic energy   =      -5445.4139700560
  nuclear repulsion energy  =        167.7652114370
  total energy              =      -5277.6487586190
  maxdiff in density matrix =      0.1425597529E-01 (   7.896%) 
 Iteration            4
  total electronic energy   =      -5445.4246129631
  nuclear repulsion energy  =        167.7652114370
  total energy              =      -5277.6594015262
  maxdiff in density matrix =      0.8482271410E-02 (   6.626%) 
 Iteration            5
  total electronic energy   =      -5445.4290478167
  nuclear repulsion energy  =        167.7652114370
  total energy              =      -5277.6638363798
  maxdiff in density matrix =      0.5824728456E-02 (   4.819%) 
 Iteration            6
  total electronic energy   =      -5445.4313189010
  nuclear repulsion energy  =        167.7652114370
  total energy              =      -5277.6661074641
  maxdiff in density matrix =      0.3192065012E-02 (   6.452%) 
 Iteration            7
  total electronic energy   =      -5445.4326176596
  nuclear repulsion energy  =        167.7652114370
  total energy              =      -5277.6674062227
  maxdiff in density matrix =      0.2569063786E-02 (  39.938%) 
 Iteration            8
  total electronic energy   =      -5445.4334593423
  nuclear repulsion energy  =        167.7652114370
  total energy              =      -5277.6682479053
  maxdiff in density matrix =      0.1778220606E-02 (  41.752%) 
 Iteration            9
  total electronic energy   =      -5445.4339988628
  nuclear repulsion energy  =        167.7652114370
  total energy              =      -5277.6687874259
  maxdiff in density matrix =      0.1498571152E-02 (   8.328%) 
 Iteration           10
  total electronic energy   =      -5445.4343623438
  nuclear repulsion energy  =        167.7652114370
  total energy              =      -5277.6691509069
  maxdiff in density matrix =      0.1281170289E-02 (  88.716%) 
 Iteration           11
  total electronic energy   =      -5445.4346236453
  nuclear repulsion energy  =        167.7652114370
  total energy              =      -5277.6694122083
  maxdiff in density matrix =      0.1210521657E-02 ( 609.661%) 
 Iteration           12
  total electronic energy   =      -5445.4347938008
  nuclear repulsion energy  =        167.7652114370
  total energy              =      -5277.6695823638
  maxdiff in density matrix =      0.1227993591E-02 (  76.647%) 
 Iteration           13
  total electronic energy   =      -5445.4348870155
  nuclear repulsion energy  =        167.7652114370
  total energy              =      -5277.6696755786
  maxdiff in density matrix =      0.8071559258E-03 ( 120.817%) 
 Iteration           14
  total electronic energy   =      -5445.4349811350
  nuclear repulsion energy  =        167.7652114370
  total energy              =      -5277.6697696980
  maxdiff in density matrix =      0.9172075086E-03 (  49.501%) 
 Iteration           15
  total electronic energy   =      -5445.4350542375
  nuclear repulsion energy  =        167.7652114370
  total energy              =      -5277.6698428005
  maxdiff in density matrix =      0.7280598577E-03 (   4.819%) 
 Iteration           16
  total electronic energy   =      -5445.4351373835
  nuclear repulsion energy  =        167.7652114370
  total energy              =      -5277.6699259465
  maxdiff in density matrix =      0.1594350833E-02 (   9.314%) 
 Iteration           17
  total electronic energy   =      -5445.4351217755
  nuclear repulsion energy  =        167.7652114370
  total energy              =      -5277.6699103386
  maxdiff in density matrix =      0.7392565654E-03 (  89.132%) 
 Iteration           18
  total electronic energy   =      -5445.4351710607
  nuclear repulsion energy  =        167.7652114370
  total energy              =      -5277.6699596237
  maxdiff in density matrix =      0.5623046057E-03 (   2.211%) 
 Iteration           19
  total electronic energy   =      -5445.4351963945
  nuclear repulsion energy  =        167.7652114370
  total energy              =      -5277.6699849576
  maxdiff in density matrix =      0.4119797451E-03 (  21.460%) 
 Iteration           20
  total electronic energy   =      -5445.4351912385
  nuclear repulsion energy  =        167.7652114370
  total energy              =      -5277.6699798016
  maxdiff in density matrix =      0.2879866788E-03 (  11.479%) 
 Iteration           21
  total electronic energy   =      -5445.4351843077
  nuclear repulsion energy  =        167.7652114370
  total energy              =      -5277.6699728707
  maxdiff in density matrix =      0.3838498393E-03 (  11.430%) 
 Iteration           22
  total electronic energy   =      -5445.4352369734
  nuclear repulsion energy  =        167.7652114370
  total energy              =      -5277.6700255364
  maxdiff in density matrix =      0.3513182840E-03 (  25.064%) 
 Iteration           23
  total electronic energy   =      -5445.4352219519
  nuclear repulsion energy  =        167.7652114370
  total energy              =      -5277.6700105150
  maxdiff in density matrix =      0.2684668527E-03 (  24.589%) 
 Iteration           24
  total electronic energy   =      -5445.4352234519
  nuclear repulsion energy  =        167.7652114370
  total energy              =      -5277.6700120150
  maxdiff in density matrix =      0.7935312578E-03 (   3.541%) 
 Iteration           25
  total electronic energy   =      -5445.4352231809
  nuclear repulsion energy  =        167.7652114370
  total energy              =      -5277.6700117439
  maxdiff in density matrix =      0.5170237008E-03 (  29.673%) 
 Iteration           26
  total electronic energy   =      -5445.4352224075
  nuclear repulsion energy  =        167.7652114370
  total energy              =      -5277.6700109705
  maxdiff in density matrix =      0.2801464974E-03 (  20.850%) 
 Iteration           27
  total electronic energy   =      -5445.4352433125
  nuclear repulsion energy  =        167.7652114370
  total energy              =      -5277.6700318756
  maxdiff in density matrix =      0.6520429722E-03 (  74.273%) 
 Iteration           28
  total electronic energy   =      -5445.4352576032
  nuclear repulsion energy  =        167.7652114370
  total energy              =      -5277.6700461662
  maxdiff in density matrix =      0.1899227197E-03 (   0.750%) 
 Iteration           29
  total electronic energy   =      -5445.4352377183
  nuclear repulsion energy  =        167.7652114370
  total energy              =      -5277.6700262814
  maxdiff in density matrix =      0.5266333014E-03 (   6.176%) 
 Iteration           30
  total electronic energy   =      -5445.4352325039
  nuclear repulsion energy  =        167.7652114370
  total energy              =      -5277.6700210669
  maxdiff in density matrix =      0.3475859918E-03 (   0.284%) 
 Iteration           31
  total electronic energy   =      -5445.4352560702
  nuclear repulsion energy  =        167.7652114370
  total energy              =      -5277.6700446332
  maxdiff in density matrix =      0.1424053402E-03 (   0.907%) 
 Iteration           32
  total electronic energy   =      -5445.4352385366
  nuclear repulsion energy  =        167.7652114370
  total energy              =      -5277.6700270996
  maxdiff in density matrix =      0.8621758969E-04 (   0.997%) 
 Iteration           33
  total electronic energy   =      -5445.4352424006
  nuclear repulsion energy  =        167.7652114370
  total energy              =      -5277.6700309636
  maxdiff in density matrix =      0.1330131652E-03 (   0.109%) 
 Iteration           34
  total electronic energy   =      -5445.4352514542
  nuclear repulsion energy  =        167.7652114370
  total energy              =      -5277.6700400172
  maxdiff in density matrix =      0.1198499143E-03 (   0.098%) 
 Iteration           35
  total electronic energy   =      -5445.4352441230
  nuclear repulsion energy  =        167.7652114370
  total energy              =      -5277.6700326860
  maxdiff in density matrix =      0.2535064369E-04 (   0.043%) 
 Iteration           36
  total electronic energy   =      -5445.4352279729
  nuclear repulsion energy  =        167.7652114370
  total energy              =      -5277.6700165360
  maxdiff in density matrix =      0.2914102888E-03 (   2.424%) 
 Iteration           37
  total electronic energy   =      -5445.4352510932
  nuclear repulsion energy  =        167.7652114370
  total energy              =      -5277.6700396563
  maxdiff in density matrix =      0.3059136886E-03 (   0.250%) 
 Iteration           38
  total electronic energy   =      -5445.4352542199
  nuclear repulsion energy  =        167.7652114370
  total energy              =      -5277.6700427830
  maxdiff in density matrix =      0.6999587010E-03 (   8.489%) 
 Iteration           39
  total electronic energy   =      -5445.4352329971
  nuclear repulsion energy  =        167.7652114370
  total energy              =      -5277.6700215602
  maxdiff in density matrix =      0.4362647227E-03 (  27.948%) 
 Iteration           40
  total electronic energy   =      -5445.4352322825
  nuclear repulsion energy  =        167.7652114370
  total energy              =      -5277.6700208456
  maxdiff in density matrix =      0.1779244257E-03 (  14.191%) 
 Iteration           41
  total electronic energy   =      -5445.4352324495
  nuclear repulsion energy  =        167.7652114370
  total energy              =      -5277.6700210125
  maxdiff in density matrix =      0.4882501793E-04 (   4.281%) 
 Iteration           42
  total electronic energy   =      -5445.4352392807
  nuclear repulsion energy  =        167.7652114370
  total energy              =      -5277.6700278438
  maxdiff in density matrix =      0.2214000075E-04 (   0.253%) 
 Iteration           43
  total electronic energy   =      -5445.4352476561
  nuclear repulsion energy  =        167.7652114370
  total energy              =      -5277.6700362191
  maxdiff in density matrix =      0.3047541853E-04 (   2.795%) 
 Iteration           44
  total electronic energy   =      -5445.4352420645
  nuclear repulsion energy  =        167.7652114370
  total energy              =      -5277.6700306276
  maxdiff in density matrix =      0.2864869355E-04 (   0.023%) 
 Iteration           45
  total electronic energy   =      -5445.4352398437
  nuclear repulsion energy  =        167.7652114370
  total energy              =      -5277.6700284067
  maxdiff in density matrix =      0.1698998013E-04 (   1.572%) 
 Iteration           46
  total electronic energy   =      -5445.4352454784
  nuclear repulsion energy  =        167.7652114370
  total energy              =      -5277.6700340414
  maxdiff in density matrix =      0.1146744409E-04 (   0.009%) 
 Iteration           47
  total electronic energy   =      -5445.4353265124
  nuclear repulsion energy  =        167.7652114370
  total energy              =      -5277.6701150755
  maxdiff in density matrix =      0.6671883780E-02 ( 151.249%) 
 Iteration           48
  total electronic energy   =      -5445.4352302655
  nuclear repulsion energy  =        167.7652114370
  total energy              =      -5277.6700188285
  maxdiff in density matrix =      0.2835238201E-02 (  44.796%) 
 Iteration           49
  total electronic energy   =      -5445.4352323674
  nuclear repulsion energy  =        167.7652114370
  total energy              =      -5277.6700209304
  maxdiff in density matrix =      0.1612023089E-02 (  39.260%) 
 Iteration           50
  total electronic energy   =      -5445.4352439971
  nuclear repulsion energy  =        167.7652114370
  total energy              =      -5277.6700325601
  maxdiff in density matrix =      0.9219830930E-03 (  32.475%) 
 Iteration           51
  total electronic energy   =      -5445.4352265531
  nuclear repulsion energy  =        167.7652114370
  total energy              =      -5277.6700151162
  maxdiff in density matrix =      0.1007961097E-02 (  21.521%) 
 Iteration           52
  total electronic energy   =      -5445.4352471403
  nuclear repulsion energy  =        167.7652114370
  total energy              =      -5277.6700357034
  maxdiff in density matrix =      0.5245224660E-03 (  14.491%) 
 Iteration           53
  total electronic energy   =      -5445.4352475870
  nuclear repulsion energy  =        167.7652114370
  total energy              =      -5277.6700361500
  maxdiff in density matrix =      0.2349379100E-03 (   2.652%) 
 Iteration           54
  total electronic energy   =      -5445.4352520026
  nuclear repulsion energy  =        167.7652114370
  total energy              =      -5277.6700405656
  maxdiff in density matrix =      0.1655592826E-03 (   1.828%) 
 Iteration           55
  total electronic energy   =      -5445.4352383433
  nuclear repulsion energy  =        167.7652114370
  total energy              =      -5277.6700269063
  maxdiff in density matrix =      0.8182070406E-03 (  64.226%) 
 Iteration           56
  total electronic energy   =      -5445.4352252562
  nuclear repulsion energy  =        167.7652114370
  total energy              =      -5277.6700138192
  maxdiff in density matrix =      0.5314916041E-03 (  47.014%) 
 Iteration           57
  total electronic energy   =      -5445.4352260193
  nuclear repulsion energy  =        167.7652114370
  total energy              =      -5277.6700145823
  maxdiff in density matrix =      0.3621641774E-03 ( 118.754%) 
 Iteration           58
  total electronic energy   =      -5445.4352460322
  nuclear repulsion energy  =        167.7652114370
  total energy              =      -5277.6700345952
  maxdiff in density matrix =      0.1878243166E-03 ( 100.294%) 
 Iteration           59
  total electronic energy   =      -5445.4352676605
  nuclear repulsion energy  =        167.7652114370
  total energy              =      -5277.6700562235
  maxdiff in density matrix =      0.1756252618E-03 ( 106.053%) 
 Iteration           60
  total electronic energy   =      -5445.4352401198
  nuclear repulsion energy  =        167.7652114370
  total energy              =      -5277.6700286828
  maxdiff in density matrix =      0.2791961605E-03 ( 181.018%) 
 Iteration           61
  total electronic energy   =      -5445.4352649103
  nuclear repulsion energy  =        167.7652114370
  total energy              =      -5277.6700534734
  maxdiff in density matrix =      0.2020736964E-03 ( 170.382%) 
 Iteration           62
  total electronic energy   =      -5445.4352552487
  nuclear repulsion energy  =        167.7652114370
  total energy              =      -5277.6700438117
  maxdiff in density matrix =      0.8920448604E-04 (  10.628%) 
 Iteration           63
  total electronic energy   =      -5445.4352388321
  nuclear repulsion energy  =        167.7652114370
  total energy              =      -5277.6700273952
  maxdiff in density matrix =      0.4826450253E-04 (   1.076%) 
 Iteration           64
  total electronic energy   =      -5445.4352568274
  nuclear repulsion energy  =        167.7652114370
  total energy              =      -5277.6700453905
  maxdiff in density matrix =      0.3491905165E-04 (  31.128%) 
 Iteration           65
  total electronic energy   =      -5445.4352332428
  nuclear repulsion energy  =        167.7652114370
  total energy              =      -5277.6700218058
  maxdiff in density matrix =      0.7758549984E-03 (  66.990%) 
 Iteration           66
  total electronic energy   =      -5445.4352512212
  nuclear repulsion energy  =        167.7652114370
  total energy              =      -5277.6700397842
  maxdiff in density matrix =      0.3547759597E-03 (   4.190%) 
 Iteration           67
  total electronic energy   =      -5445.4352576326
  nuclear repulsion energy  =        167.7652114370
  total energy              =      -5277.6700461956
  maxdiff in density matrix =      0.1999006647E-03 (  31.151%) 
 Iteration           68
  total electronic energy   =      -5445.4352377205
  nuclear repulsion energy  =        167.7652114370
  total energy              =      -5277.6700262836
  maxdiff in density matrix =      0.1220070448E-03 (  15.200%) 
 Iteration           69
  total electronic energy   =      -5445.4352272388
  nuclear repulsion energy  =        167.7652114370
  total energy              =      -5277.6700158019
  maxdiff in density matrix =      0.5538720712E-04 (   7.978%) 
 Iteration           70
  total electronic energy   =      -5445.4352563787
  nuclear repulsion energy  =        167.7652114370
  total energy              =      -5277.6700449418
  maxdiff in density matrix =      0.9122798245E-04 (  13.483%) 
 Iteration           71
  total electronic energy   =      -5445.4352405831
  nuclear repulsion energy  =        167.7652114370
  total energy              =      -5277.6700291462
  maxdiff in density matrix =      0.1176979760E-03 (  17.061%) 
 Iteration           72
  total electronic energy   =      -5445.4352286952
  nuclear repulsion energy  =        167.7652114370
  total energy              =      -5277.6700172583
  maxdiff in density matrix =      0.2032263621E-03 (  31.406%) 
 Iteration           73
  total electronic energy   =      -5445.4352272355
  nuclear repulsion energy  =        167.7652114370
  total energy              =      -5277.6700157985
  maxdiff in density matrix =      0.2417579607E-03 (  36.292%) 
 Iteration           74
  total electronic energy   =      -5445.4352511359
  nuclear repulsion energy  =        167.7652114370
  total energy              =      -5277.6700396989
  maxdiff in density matrix =      0.4825498194E-03 (  88.418%) 
 Iteration           75
  total electronic energy   =      -5445.4352400130
  nuclear repulsion energy  =        167.7652114370
  total energy              =      -5277.6700285760
  maxdiff in density matrix =      0.3210499676E-03 (  21.662%) 
 Iteration           76
  total electronic energy   =      -5445.4352459305
  nuclear repulsion energy  =        167.7652114370
  total energy              =      -5277.6700344936
  maxdiff in density matrix =      0.1645565597E-03 (  13.274%) 
 Iteration           77
  total electronic energy   =      -5445.4352642465
  nuclear repulsion energy  =        167.7652114370
  total energy              =      -5277.6700528095
  maxdiff in density matrix =      0.2154328313E-03 (   8.863%) 
 Iteration           78
  total electronic energy   =      -5445.4352504447
  nuclear repulsion energy  =        167.7652114370
  total energy              =      -5277.6700390077
  maxdiff in density matrix =      0.1786636759E-03 ( 487.175%) 
 Iteration           79
  total electronic energy   =      -5445.4352459799
  nuclear repulsion energy  =        167.7652114370
  total energy              =      -5277.6700345430
  maxdiff in density matrix =      0.9282063990E-04 (  14.457%) 
 Iteration           80
  total electronic energy   =      -5445.4352730989
  nuclear repulsion energy  =        167.7652114370
  total energy              =      -5277.6700616619
  maxdiff in density matrix =      0.8552061589E-04 (  13.245%) 
 Iteration           81
  total electronic energy   =      -5445.4352702070
  nuclear repulsion energy  =        167.7652114370
  total energy              =      -5277.6700587701
  maxdiff in density matrix =      0.8062438565E-04 (  12.634%) 
 Iteration           82
  total electronic energy   =      -5445.4352435267
  nuclear repulsion energy  =        167.7652114370
  total energy              =      -5277.6700320897
  maxdiff in density matrix =      0.1028625894E-03 (  16.405%) 
 Iteration           83
  total electronic energy   =      -5445.4352436651
  nuclear repulsion energy  =        167.7652114370
  total energy              =      -5277.6700322281
  maxdiff in density matrix =      0.1060305379E-03 (  16.867%) 
 Iteration           84
  total electronic energy   =      -5445.4352276055
  nuclear repulsion energy  =        167.7652114370
  total energy              =      -5277.6700161686
  maxdiff in density matrix =      0.1524644128E-03 (  25.186%) 
 Iteration           85
  total electronic energy   =      -5445.4352349419
  nuclear repulsion energy  =        167.7652114370
  total energy              =      -5277.6700235049
  maxdiff in density matrix =      0.1524590391E-03 (  25.178%) 
 Iteration           86
  total electronic energy   =      -5445.4352521156
  nuclear repulsion energy  =        167.7652114370
  total energy              =      -5277.6700406786
  maxdiff in density matrix =      0.1873661335E-03 (  31.841%) 
 Iteration           87
  total electronic energy   =      -5445.4352451388
  nuclear repulsion energy  =        167.7652114370
  total energy              =      -5277.6700337019
  maxdiff in density matrix =      0.1838232049E-03 (  31.335%) 
 Iteration           88
  total electronic energy   =      -5445.4352464798
  nuclear repulsion energy  =        167.7652114370
  total energy              =      -5277.6700350428
  maxdiff in density matrix =      0.1684166470E-03 (  28.337%) 
 Iteration           89
  total electronic energy   =      -5445.4352491204
  nuclear repulsion energy  =        167.7652114370
  total energy              =      -5277.6700376835
  maxdiff in density matrix =      0.1683681714E-03 (  28.330%) 
 Iteration           90
  total electronic energy   =      -5445.4352341389
  nuclear repulsion energy  =        167.7652114370
  total energy              =      -5277.6700227020
  maxdiff in density matrix =      0.1524388823E-03 (  25.317%) 
 Iteration           91
  total electronic energy   =      -5445.4352455738
  nuclear repulsion energy  =        167.7652114370
  total energy              =      -5277.6700341368
  maxdiff in density matrix =      0.1540498251E-03 (  25.550%) 
 Iteration           92
  total electronic energy   =      -5445.4352393105
  nuclear repulsion energy  =        167.7652114370
  total energy              =      -5277.6700278735
  maxdiff in density matrix =      0.1563500733E-03 (  25.984%) 
 Iteration           93
  total electronic energy   =      -5445.4352331536
  nuclear repulsion energy  =        167.7652114370
  total energy              =      -5277.6700217166
  maxdiff in density matrix =      0.1564046411E-03 (  25.992%) 
 Iteration           94
  total electronic energy   =      -5445.4352457613
  nuclear repulsion energy  =        167.7652114370
  total energy              =      -5277.6700343243
  maxdiff in density matrix =      0.1612838373E-03 (  26.887%) 
 Iteration           95
  total electronic energy   =      -5445.4352331672
  nuclear repulsion energy  =        167.7652114370
  total energy              =      -5277.6700217302
  maxdiff in density matrix =      0.1613875488E-03 (  26.927%) 
 Iteration           96
  total electronic energy   =      -5445.4352485931
  nuclear repulsion energy  =        167.7652114370
  total energy              =      -5277.6700371562
  maxdiff in density matrix =      0.1618243639E-03 (  27.022%) 
 Iteration           97
  total electronic energy   =      -5445.4352478498
  nuclear repulsion energy  =        167.7652114370
  total energy              =      -5277.6700364129
  maxdiff in density matrix =      0.1618873221E-03 (  27.031%) 
 Iteration           98
  total electronic energy   =      -5445.4352397415
  nuclear repulsion energy  =        167.7652114370
  total energy              =      -5277.6700283046
  maxdiff in density matrix =      0.1595362638E-03 (  26.587%) 
 Iteration           99
  total electronic energy   =      -5445.4352544536
  nuclear repulsion energy  =        167.7652114370
  total energy              =      -5277.6700430166
  maxdiff in density matrix =      0.1599971938E-03 (  26.653%) 
 Iteration          100
  total electronic energy   =      -5445.4352367450
  nuclear repulsion energy  =        167.7652114370
  total energy              =      -5277.6700253081
  maxdiff in density matrix =      0.1595571717E-03 (  26.570%) 
Options: 
berthamodpath  =  /home/belp/BERTHAEDA/pybertha_private/src
cube  =  False
debug  =  False
deltax  =  0.2
deltay  =  0.2
deltaz  =  0.2
dumpfiles  =  False
energyconverter  =  1.0
fitcoefffile  =  fitcoeff.txt
fittfile  =  fitt2.inp
info_fragA  =  info_eda_nocv_fragA.json
info_fragB  =  info_eda_nocv_fragB.json
inputfile  =  input.inp
lmargin  =  10.0
npairs  =  12
ovapfile  =  ovap.txt
thresh  =  1e-11
vctfile  =  vct.txt
verbosity  =  -1
wrapperso  =  /home/belp/BERTHAEDA/pybertha_private/lib/bertha_wrapper.so


Verbosity       :  -1
Dumpfiles       :  0

Matrix dimension:  1764
            nocc:  60
          nshift:  882
           nopen:  0
     level shift:  -2.0

Totaltime:     727.3613142967224  (CPU time:  3592.574990355 ) s 
MainRun Time:  727.2146670818329  (CPU time:  3592.0446982010003 ) s 

Final results 
eigenvalue     1        -901.81277956
eigenvalue     2        -901.81277643
eigenvalue     3        -130.25272075
eigenvalue     4        -130.25271611
eigenvalue     5        -121.22708717
eigenvalue     6        -121.22708650
eigenvalue     7        -121.22624169
eigenvalue     8        -121.22623944
eigenvalue     9        -121.22593143
eigenvalue    10        -121.22593054
eigenvalue    11         -23.97079878
eigenvalue    12         -23.97079593
eigenvalue    13         -20.33500243
eigenvalue    14         -20.33500040
eigenvalue    15         -20.33349457
eigenvalue    16         -20.33349295
eigenvalue    17         -20.33119066
eigenvalue    18         -20.33118966
eigenvalue    19         -13.61078540
eigenvalue    20         -13.61078433
eigenvalue    21         -13.61066326
eigenvalue    22         -13.61066284
eigenvalue    23         -13.60919944
eigenvalue    24         -13.60919919
eigenvalue    25         -13.60811596
eigenvalue    26         -13.60811465
eigenvalue    27         -13.60786967
eigenvalue    28         -13.60786907
eigenvalue    29         -10.14852335
eigenvalue    30         -10.14852112
eigenvalue    31         -10.14674191
eigenvalue    32         -10.14673926
eigenvalue    33          -3.47794795
eigenvalue    34          -3.47794745
eigenvalue    35          -2.33798421
eigenvalue    36          -2.33798247
eigenvalue    37          -2.33745797
eigenvalue    38          -2.33745464
eigenvalue    39          -2.33474358
eigenvalue    40          -2.33474353
eigenvalue    41          -0.92484874
eigenvalue    42          -0.92484757
eigenvalue    43          -0.73242647
eigenvalue    44          -0.73242541
eigenvalue    45          -0.66458635
eigenvalue    46          -0.66458562
eigenvalue    47          -0.56965246
eigenvalue    48          -0.56965126
eigenvalue    49          -0.55065259
eigenvalue    50          -0.55065087
eigenvalue    51          -0.54720441
eigenvalue    52          -0.54720347
eigenvalue    53          -0.54086684
eigenvalue    54          -0.54086483
eigenvalue    55          -0.54066206
eigenvalue    56          -0.54066045
eigenvalue    57          -0.48975436
eigenvalue    58          -0.48975289
eigenvalue    59          -0.48030933
eigenvalue    60          -0.48030871
      lumo                -0.31574881
      SUMEIGEN         -3171.17244095

Total electronic energy  =       -5445.43523675
Nuclear repulsion energy =         167.76521144
Total energy             =       -5277.67002531

Compute density matrix 
Trace (       60.0000000000,         0.0000000000i)

MOLECULAR PROPERTIES:...
  
Dipole Moment: 
Axis   electronic dipole (a.u.)    nuclear dipole (a.u.)      Total dipole (a.u.)      Total dipole (Debye) 
 x            -0.0000012874            0.0000000000            -0.0000012874             -0.0000032720 
 y             0.0000009253            0.0000000000             0.0000009253              0.0000023518 
 z           -59.6469480429           60.8542791400             1.2073310971              3.0685285698 
  
Molecular dipole module:          1.2073310971 (a.u.)          3.0685285698 (Debye) 
Etotal fragA: -5200.26008181
Exc    fragA: -146.62837931
Etotal fragB: -77.36023350
Exc    fragB: -11.46541885
NOCV orthonormal: True

trace of nocv_-1 : 1.00000000

trace of nocv_+1 : 1.00000000

trace of nocv_-2 : 1.00000000

trace of nocv_+2 : 1.00000000

trace of nocv_-3 : 1.00000000

trace of nocv_+3 : 1.00000000

trace of nocv_-4 : 1.00000000

trace of nocv_+4 : 1.00000000

trace of nocv_-5 : 1.00000000

trace of nocv_+5 : 1.00000000

trace of nocv_-6 : 1.00000000

trace of nocv_+6 : 1.00000000

trace of nocv_-7 : 1.00000000

trace of nocv_+7 : 1.00000000

trace of nocv_-8 : 1.00000000

trace of nocv_+8 : 1.00000000

trace of nocv_-9 : 1.00000000

trace of nocv_+9 : 1.00000000

trace of nocv_-10 : 1.00000000

trace of nocv_+10 : 1.00000000

trace of nocv_-11 : 1.00000000

trace of nocv_+11 : 1.00000000

trace of nocv_-12 : 1.00000000

trace of nocv_+12 : 1.00000000

Density_0 --> Fock --> energy
 total electronic energy  =          -5445.380473136038745
 nuclear repulsion energy =            167.765211436968656
 total energy             =          -5277.615261699070288
 coulomb energy           =           4643.452425684789887
 Exc     energy           =           -158.176975910901746
Density_A+B --> Fock --> energy
 total electronic energy  =          -5445.515135481368816
 nuclear repulsion energy =            167.765211436968656
 total energy             =          -5277.749924044400359
 coulomb energy           =           4642.113185021817117
 Exc     energy           =           -158.139100783840860
Density --> Fock --> energy
 total electronic energy  =          -5445.435247435826568
 nuclear repulsion energy =            167.765211436968656
 total energy             =          -5277.670035998858111
 coulomb energy           =           4643.891590514459494
 Exc     energy           =           -158.103763286492580

Total interaction  energy                                    [DE_int]: -0.04972069

tilde Pauli exact                                     [DE_tildePauli]: 0.13466235                                 
tilde Pauli from ETS (corrected up to third order): 0.13467219
Delta_Exc = exc - exc_fragA - exc_fragB                         [DEexc]: -0.04530263

Pauli defined as in ADF. (tilde Pauli (exact) + Delta_Exc   [DEpauli]: 0.08935972

Electrostatic int E_A+B - Delta_Exc                         [DEelect]:  -0.08430611         

Orbital energy (exact)                                        [DEorb]: -0.05477430
Orbital energy from ETS  (corrected up to third order): -0.05477562
Orbital energy from ETS using Ziegler formula (corrected up to fifth order): -0.05474487

nocv_1 pair eigenvalue: -0.21271367  energy (a.u.): -0.01535756 energy (kcal/mol): -9.63701642  
nocv_-1     eigenvalue: -0.21271367  energy (a.u.): 0.07083439 energy (kcal/mol): 44.44926145  
nocv_+1      eigenvalue: 0.21271367  energy (a.u.): -0.08619195  energy (kcal/mol): -54.08627787 
 

nocv_2 pair eigenvalue: -0.21271362  energy (a.u.): -0.01535756 energy (kcal/mol): -9.63701749  
nocv_-2     eigenvalue: -0.21271362  energy (a.u.): 0.07083437 energy (kcal/mol): 44.44924555  
nocv_+2      eigenvalue: 0.21271362  energy (a.u.): -0.08619193  energy (kcal/mol): -54.08626304 
 

nocv_3 pair eigenvalue: -0.11532325  energy (a.u.): -0.00531108 energy (kcal/mol): -3.33275560  
nocv_-3     eigenvalue: -0.11532325  energy (a.u.): 0.04496917 energy (kcal/mol): 28.21858632  
nocv_+3      eigenvalue: 0.11532325  energy (a.u.): -0.05028025  energy (kcal/mol): -31.55134192 
 

nocv_4 pair eigenvalue: -0.11532322  energy (a.u.): -0.00531108 energy (kcal/mol): -3.33275509  
nocv_-4     eigenvalue: -0.11532322  energy (a.u.): 0.04496916 energy (kcal/mol): 28.21857733  
nocv_+4      eigenvalue: 0.11532322  energy (a.u.): -0.05028024  energy (kcal/mol): -31.55133242 
 

nocv_5 pair eigenvalue: -0.06576687  energy (a.u.): -0.00278169 energy (kcal/mol): -1.74553496  
nocv_-5     eigenvalue: -0.06576687  energy (a.u.): 0.01530982 energy (kcal/mol): 9.60705843  
nocv_+5      eigenvalue: 0.06576687  energy (a.u.): -0.01809151  energy (kcal/mol): -11.35259339 
 

nocv_6 pair eigenvalue: -0.06576685  energy (a.u.): -0.00278169 energy (kcal/mol): -1.74553463  
nocv_-6     eigenvalue: -0.06576685  energy (a.u.): 0.01530981 energy (kcal/mol): 9.60705488  
nocv_+6      eigenvalue: 0.06576685  energy (a.u.): -0.01809150  energy (kcal/mol): -11.35258951 
 

nocv_7 pair eigenvalue: -0.04716110  energy (a.u.): -0.00187706 energy (kcal/mol): -1.17787024  
nocv_-7     eigenvalue: -0.04716110  energy (a.u.): 0.01084562 energy (kcal/mol): 6.80573014  
nocv_+7      eigenvalue: 0.04716110  energy (a.u.): -0.01272267  energy (kcal/mol): -7.98360038 
 

nocv_8 pair eigenvalue: -0.04716109  energy (a.u.): -0.00187705 energy (kcal/mol): -1.17786955  
nocv_-8     eigenvalue: -0.04716109  energy (a.u.): 0.01084561 energy (kcal/mol): 6.80572259  
nocv_+8      eigenvalue: 0.04716109  energy (a.u.): -0.01272266  energy (kcal/mol): -7.98359214 
 

nocv_9 pair eigenvalue: -0.03405638  energy (a.u.): -0.00088455 energy (kcal/mol): -0.55506554  
nocv_-9     eigenvalue: -0.03405638  energy (a.u.): 0.01078184 energy (kcal/mol): 6.76571066  
nocv_+9      eigenvalue: 0.03405638  energy (a.u.): -0.01166640  energy (kcal/mol): -7.32077620 
 

nocv_10 pair eigenvalue: -0.03405635  energy (a.u.): -0.00088455 energy (kcal/mol): -0.55506481  
nocv_-10     eigenvalue: -0.03405635  energy (a.u.): 0.01078184 energy (kcal/mol): 6.76570555  
nocv_+10      eigenvalue: 0.03405635  energy (a.u.): -0.01166639  energy (kcal/mol): -7.32077036 
 

nocv_11 pair eigenvalue: -0.02486633  energy (a.u.): -0.00023192 energy (kcal/mol): -0.14553276  
nocv_-11     eigenvalue: -0.02486633  energy (a.u.): 0.00834314 energy (kcal/mol): 5.23540172  
nocv_+11      eigenvalue: 0.02486633  energy (a.u.): -0.00857506  energy (kcal/mol): -5.38093448 
 

nocv_12 pair eigenvalue: -0.02486632  energy (a.u.): -0.00023192 energy (kcal/mol): -0.14553279  
nocv_-12     eigenvalue: -0.02486632  energy (a.u.): 0.00834314 energy (kcal/mol): 5.23539911  
nocv_+12      eigenvalue: 0.02486632  energy (a.u.): -0.00857506  energy (kcal/mol): -5.38093190 
 
