 Initialze the atomic densities on each center
 Done
 Iteration            1
  total electronic energy   =       -149.6496494181
  nuclear repulsion energy  =         36.5240067100
  total energy              =       -113.1256427081
  maxdiff in density matrix =      0.1195353861E+00 ( 207.254%) 
 Iteration            2
  total electronic energy   =       -189.5175518160
  nuclear repulsion energy  =         36.5240067100
  total energy              =       -152.9935451059
  maxdiff in density matrix =      0.6096347908E-01 (  22.101%) 
 Iteration            3
  total electronic energy   =       -189.5343910729
  nuclear repulsion energy  =         36.5240067100
  total energy              =       -153.0103843629
  maxdiff in density matrix =      0.2541097141E-01 (   8.293%) 
 Iteration            4
  total electronic energy   =       -189.5389056344
  nuclear repulsion energy  =         36.5240067100
  total energy              =       -153.0148989244
  maxdiff in density matrix =      0.1226636672E-01 (   4.265%) 
 Iteration            5
  total electronic energy   =       -189.5407682526
  nuclear repulsion energy  =         36.5240067100
  total energy              =       -153.0167615426
  maxdiff in density matrix =      0.4917291714E-02 (   1.763%) 
 Iteration            6
  total electronic energy   =       -189.5417052318
  nuclear repulsion energy  =         36.5240067100
  total energy              =       -153.0176985218
  maxdiff in density matrix =      0.3025674133E-02 (   2.011%) 
 Iteration            7
  total electronic energy   =       -189.5422203548
  nuclear repulsion energy  =         36.5240067100
  total energy              =       -153.0182136448
  maxdiff in density matrix =      0.2225118807E-02 (   1.505%) 
 Iteration            8
  total electronic energy   =       -189.5425190188
  nuclear repulsion energy  =         36.5240067100
  total energy              =       -153.0185123088
  maxdiff in density matrix =      0.1613212314E-02 (   1.106%) 
 Iteration            9
  total electronic energy   =       -189.5426990035
  nuclear repulsion energy  =         36.5240067100
  total energy              =       -153.0186922935
  maxdiff in density matrix =      0.1167488211E-02 (   0.808%) 
 Iteration           10
  total electronic energy   =       -189.5428108707
  nuclear repulsion energy  =         36.5240067100
  total energy              =       -153.0188041607
  maxdiff in density matrix =      0.8483449505E-03 (   0.591%) 
 Iteration           11
  total electronic energy   =       -189.5428821303
  nuclear repulsion energy  =         36.5240067100
  total energy              =       -153.0188754203
  maxdiff in density matrix =      0.6206906607E-03 (   0.435%) 
 Iteration           12
  total electronic energy   =       -189.5429285398
  nuclear repulsion energy  =         36.5240067100
  total energy              =       -153.0189218297
  maxdiff in density matrix =      0.4580300072E-03 (   0.322%) 
 Iteration           13
  total electronic energy   =       -189.5429592297
  nuclear repulsion energy  =         36.5240067100
  total energy              =       -153.0189525197
  maxdiff in density matrix =      0.4136803308E-03 (   2.784%) 
 Iteration           14
  total electronic energy   =       -189.5429798553
  nuclear repulsion energy  =         36.5240067100
  total energy              =       -153.0189731452
  maxdiff in density matrix =      0.3831407505E-03 (   2.626%) 
 Iteration           15
  total electronic energy   =       -189.5429938993
  nuclear repulsion energy  =         36.5240067100
  total energy              =       -153.0189871892
  maxdiff in density matrix =      0.3439027646E-03 (   2.397%) 
 Iteration           16
  total electronic energy   =       -189.5430036085
  nuclear repulsion energy  =         36.5240067100
  total energy              =       -153.0189968984
  maxdiff in density matrix =      0.3022011297E-03 (   2.138%) 
 Iteration           17
  total electronic energy   =       -189.5430103209
  nuclear repulsion energy  =         36.5240067100
  total energy              =       -153.0190036108
  maxdiff in density matrix =      0.2616175384E-03 (   1.875%) 
 Iteration           18
  total electronic energy   =       -189.5430150140
  nuclear repulsion energy  =         36.5240067100
  total energy              =       -153.0190083040
  maxdiff in density matrix =      0.2240593758E-03 (   1.624%) 
 Iteration           19
  total electronic energy   =       -189.5430183235
  nuclear repulsion energy  =         36.5240067100
  total energy              =       -153.0190116134
  maxdiff in density matrix =      0.1903916753E-03 (   1.392%) 
 Iteration           20
  total electronic energy   =       -189.5430206729
  nuclear repulsion energy  =         36.5240067100
  total energy              =       -153.0190139628
  maxdiff in density matrix =      0.1608576888E-03 (   1.185%) 
 Iteration           21
  total electronic energy   =       -189.5430223492
  nuclear repulsion energy  =         36.5240067100
  total energy              =       -153.0190156392
  maxdiff in density matrix =      0.1353307035E-03 (   1.004%) 
 Iteration           22
  total electronic energy   =       -189.5430235539
  nuclear repulsion energy  =         36.5240067100
  total energy              =       -153.0190168438
  maxdiff in density matrix =      0.1135145459E-03 (   0.846%) 
 Iteration           23
  total electronic energy   =       -189.5430244226
  nuclear repulsion energy  =         36.5240067100
  total energy              =       -153.0190177126
  maxdiff in density matrix =      0.9501613209E-04 (   0.711%) 
 Iteration           24
  total electronic energy   =       -189.5430250701
  nuclear repulsion energy  =         36.5240067100
  total energy              =       -153.0190183601
  maxdiff in density matrix =      0.7942304876E-04 (   0.596%) 
 Iteration           25
  total electronic energy   =       -189.5430255299
  nuclear repulsion energy  =         36.5240067100
  total energy              =       -153.0190188198
  maxdiff in density matrix =      0.6633533781E-04 (   0.499%) 
 Iteration           26
  total electronic energy   =       -189.5430258669
  nuclear repulsion energy  =         36.5240067100
  total energy              =       -153.0190191568
  maxdiff in density matrix =      0.5538472866E-04 (   0.418%) 
 Iteration           27
  total electronic energy   =       -189.5430261131
  nuclear repulsion energy  =         36.5240067100
  total energy              =       -153.0190194031
  maxdiff in density matrix =      0.4694126158E-04 (   4.181%) 
 Iteration           28
  total electronic energy   =       -189.5430262959
  nuclear repulsion energy  =         36.5240067100
  total energy              =       -153.0190195858
  maxdiff in density matrix =      0.4299320176E-04 (   3.989%) 
 Iteration           29
  total electronic energy   =       -189.5430264307
  nuclear repulsion energy  =         36.5240067100
  total energy              =       -153.0190197207
  maxdiff in density matrix =      0.3927435203E-04 (   3.788%) 
 Iteration           30
  total electronic energy   =       -189.5430265310
  nuclear repulsion energy  =         36.5240067100
  total energy              =       -153.0190198210
  maxdiff in density matrix =      0.3579305145E-04 (   3.582%) 
 Iteration           31
  total electronic energy   =       -189.5430266056
  nuclear repulsion energy  =         36.5240067100
  total energy              =       -153.0190198956
  maxdiff in density matrix =      0.3255141272E-04 (   3.373%) 
 Iteration           32
  total electronic energy   =       -189.5430266622
  nuclear repulsion energy  =         36.5240067100
  total energy              =       -153.0190199521
  maxdiff in density matrix =      0.2954688197E-04 (   3.164%) 
 Iteration           33
  total electronic energy   =       -189.5430267044
  nuclear repulsion energy  =         36.5240067100
  total energy              =       -153.0190199944
  maxdiff in density matrix =      0.2677335720E-04 (   2.956%) 
 Iteration           34
  total electronic energy   =       -189.5430267364
  nuclear repulsion energy  =         36.5240067100
  total energy              =       -153.0190200264
  maxdiff in density matrix =      0.2422214702E-04 (   2.752%) 
 Iteration           35
  total electronic energy   =       -189.5430267607
  nuclear repulsion energy  =         36.5240067100
  total energy              =       -153.0190200506
  maxdiff in density matrix =      0.2188279977E-04 (   2.553%) 
 Iteration           36
  total electronic energy   =       -189.5430267782
  nuclear repulsion energy  =         36.5240067100
  total energy              =       -153.0190200682
  maxdiff in density matrix =      0.1974371762E-04 (   2.360%) 
 Iteration           37
  total electronic energy   =       -189.5430267922
  nuclear repulsion energy  =         36.5240067100
  total energy              =       -153.0190200822
  maxdiff in density matrix =      0.1779264378E-04 (   2.176%) 
 Iteration           38
  total electronic energy   =       -189.5430268030
  nuclear repulsion energy  =         36.5240067100
  total energy              =       -153.0190200930
  maxdiff in density matrix =      0.1601700292E-04 (   2.000%) 
 Iteration           39
  total electronic energy   =       -189.5430268109
  nuclear repulsion energy  =         36.5240067100
  total energy              =       -153.0190201009
  maxdiff in density matrix =      0.1440429657E-04 (   1.834%) 
 Iteration           40
  total electronic energy   =       -189.5430268168
  nuclear repulsion energy  =         36.5240067100
  total energy              =       -153.0190201068
  maxdiff in density matrix =      0.1294221092E-04 (   1.677%) 
 Iteration           41
  total electronic energy   =       -189.5430268221
  nuclear repulsion energy  =         36.5240067100
  total energy              =       -153.0190201121
  maxdiff in density matrix =      0.1161883944E-04 (   1.530%) 
 Iteration           42
  total electronic energy   =       -189.5430268248
  nuclear repulsion energy  =         36.5240067100
  total energy              =       -153.0190201147
  maxdiff in density matrix =      0.1042283205E-04 (   1.392%) 
 Iteration           43
  total electronic energy   =       -189.5430268283
  nuclear repulsion energy  =         36.5240067100
  total energy              =       -153.0190201183
  maxdiff in density matrix =      0.9343392737E-05 (   1.265%) 
 Iteration           44
  total electronic energy   =       -189.5430268305
  nuclear repulsion energy  =         36.5240067100
  total energy              =       -153.0190201204
Options: 
berthamodpath  =  /home/belp/BERTHAEDA/pybertha_private/src
cube  =  False
debug  =  False
deltax  =  0.2
deltay  =  0.2
deltaz  =  0.2
dumpfiles  =  False
energyconverter  =  1.0
fitcoefffile  =  fitcoeff.txt
fittfile  =  fitt2.inp
info_fragA  =  info_eda_nocv_fragA.json
info_fragB  =  info_eda_nocv_fragB.json
inputfile  =  input.inp
lmargin  =  10.0
npairs  =  12
ovapfile  =  ovap.txt
thresh  =  1e-11
vctfile  =  vct.txt
verbosity  =  -1
wrapperso  =  /home/belp/BERTHAEDA/pybertha_private/lib/bertha_wrapper.so


Verbosity       :  -1
Dumpfiles       :  0

Matrix dimension:  456
            nocc:  20
          nshift:  228
           nopen:  0
     level shift:  -2.0

Totaltime:     141.70238947868347  (CPU time:  141.59485373 ) s 
MainRun Time:  141.69419050216675  (CPU time:  141.586656248 ) s 

Final results 
eigenvalue     1         -18.83558846
eigenvalue     2         -18.83558846
eigenvalue     3         -18.77621565
eigenvalue     4         -18.77621565
eigenvalue     5          -0.96376727
eigenvalue     6          -0.96376727
eigenvalue     7          -0.90339766
eigenvalue     8          -0.90339766
eigenvalue     9          -0.50981572
eigenvalue    10          -0.50981572
eigenvalue    11          -0.45631624
eigenvalue    12          -0.45631624
eigenvalue    13          -0.38032045
eigenvalue    14          -0.38032045
eigenvalue    15          -0.32483725
eigenvalue    16          -0.32483725
eigenvalue    17          -0.29419135
eigenvalue    18          -0.29419135
eigenvalue    19          -0.24282497
eigenvalue    20          -0.24282497
      lumo                -0.04694837
      SUMEIGEN           -83.37455002

Total electronic energy  =        -189.54302683
Nuclear repulsion energy =          36.52400671
Total energy             =        -153.01902012

Compute density matrix 
Trace (       20.0000000000,        -0.0000000000i)

MOLECULAR PROPERTIES:...
  
Dipole Moment: 
Axis   electronic dipole (a.u.)    nuclear dipole (a.u.)      Total dipole (a.u.)      Total dipole (Debye) 
 x            23.4181581581          -22.9101856200             0.5079725381              1.2910528434 
 y            39.5179795409          -38.7319523500             0.7860271909              1.9977509878 
 z            10.2646806037          -10.0114281400             0.2532524637              0.6436613968 
  
Molecular dipole module:          0.9695419819 (a.u.)          2.4641685103 (Debye) 
Etotal fragA: -76.50601674
Exc    fragA: -9.31343766
Etotal fragB: -76.50590110
Exc    fragB: -9.30991620
NOCV orthonormal: True

trace of nocv_-1 : 1.00000000

trace of nocv_+1 : 1.00000000

trace of nocv_-2 : 1.00000000

trace of nocv_+2 : 1.00000000

trace of nocv_-3 : 1.00000000

trace of nocv_+3 : 1.00000000

trace of nocv_-4 : 1.00000000

trace of nocv_+4 : 1.00000000

trace of nocv_-5 : 1.00000000

trace of nocv_+5 : 1.00000000

trace of nocv_-6 : 1.00000000

trace of nocv_+6 : 1.00000000

trace of nocv_-7 : 1.00000000

trace of nocv_+7 : 1.00000000

trace of nocv_-8 : 1.00000000

trace of nocv_+8 : 1.00000000

trace of nocv_-9 : 1.00000000

trace of nocv_+9 : 1.00000000

trace of nocv_-10 : 1.00000000

trace of nocv_+10 : 1.00000000

trace of nocv_-11 : 1.00000000

trace of nocv_+11 : 1.00000000

trace of nocv_-12 : 1.00000000

trace of nocv_+12 : 1.00000000

Density_0 --> Fock --> energy
 total electronic energy  =           -189.536334073901742
 nuclear repulsion energy =             36.524006710035422
 total energy             =           -153.012327363866319
 coulomb energy           =            223.005955296314596
 Exc     energy           =            -18.650192167552625
Density_A+B --> Fock --> energy
 total electronic energy  =           -189.558802519722576
 nuclear repulsion energy =             36.524006710035422
 total energy             =           -153.034795809687154
 coulomb energy           =            222.764173920975651
 Exc     energy           =            -18.631439778910924
Density --> Fock --> energy
 total electronic energy  =           -189.543026831127690
 nuclear repulsion energy =             36.524006710035422
 total energy             =           -153.019020121092268
 coulomb energy           =            222.919212988720886
 Exc     energy           =            -18.637672186509192

Total interaction  energy                                    [DE_int]: -0.00710228

tilde Pauli exact                                     [DE_tildePauli]: 0.02246845                                 
tilde Pauli from ETS (corrected up to third order): 0.02246872
Delta_Exc = exc - exc_fragA - exc_fragB                         [DEexc]: -0.00808592

Pauli defined as in ADF. (tilde Pauli (exact) + Delta_Exc   [DEpauli]: 0.01438253

Electrostatic int E_A+B - Delta_Exc                         [DEelect]:  -0.01479205         

Orbital energy (exact)                                        [DEorb]: -0.00669276
Orbital energy from ETS  (corrected up to third order): -0.00669381
Orbital energy from ETS using Ziegler formula (corrected up to fifth order): -0.00669259

nocv_1 pair eigenvalue: -0.06603098  energy (a.u.): -0.00282319 energy (kcal/mol): -1.77157594  
nocv_-1     eigenvalue: -0.06603098  energy (a.u.): -0.00061183 energy (kcal/mol): -0.38392612  
nocv_+1      eigenvalue: 0.06603098  energy (a.u.): -0.00221136  energy (kcal/mol): -1.38764982 
 

nocv_2 pair eigenvalue: -0.06603098  energy (a.u.): -0.00282319 energy (kcal/mol): -1.77157594  
nocv_-2     eigenvalue: -0.06603098  energy (a.u.): -0.00061183 energy (kcal/mol): -0.38392612  
nocv_+2      eigenvalue: 0.06603098  energy (a.u.): -0.00221136  energy (kcal/mol): -1.38764982 
 

nocv_3 pair eigenvalue: -0.01537487  energy (a.u.): -0.00018126 energy (kcal/mol): -0.11373998  
nocv_-3     eigenvalue: -0.01537487  energy (a.u.): -0.00015598 energy (kcal/mol): -0.09787936  
nocv_+3      eigenvalue: 0.01537487  energy (a.u.): -0.00002528  energy (kcal/mol): -0.01586062 
 

nocv_4 pair eigenvalue: -0.01537487  energy (a.u.): -0.00018126 energy (kcal/mol): -0.11373998  
nocv_-4     eigenvalue: -0.01537487  energy (a.u.): -0.00015598 energy (kcal/mol): -0.09787936  
nocv_+4      eigenvalue: 0.01537487  energy (a.u.): -0.00002528  energy (kcal/mol): -0.01586062 
 

nocv_5 pair eigenvalue: -0.01320908  energy (a.u.): -0.00011630 energy (kcal/mol): -0.07297776  
nocv_-5     eigenvalue: -0.01320908  energy (a.u.): 0.00066628 energy (kcal/mol): 0.41809987  
nocv_+5      eigenvalue: 0.01320908  energy (a.u.): -0.00078258  energy (kcal/mol): -0.49107762 
 

nocv_6 pair eigenvalue: -0.01320908  energy (a.u.): -0.00011630 energy (kcal/mol): -0.07297776  
nocv_-6     eigenvalue: -0.01320908  energy (a.u.): 0.00066628 energy (kcal/mol): 0.41809987  
nocv_+6      eigenvalue: 0.01320908  energy (a.u.): -0.00078258  energy (kcal/mol): -0.49107762 
 

nocv_7 pair eigenvalue: -0.01256564  energy (a.u.): -0.00007932 energy (kcal/mol): -0.04977392  
nocv_-7     eigenvalue: -0.01256564  energy (a.u.): 0.00011155 energy (kcal/mol): 0.06999794  
nocv_+7      eigenvalue: 0.01256564  energy (a.u.): -0.00019087  energy (kcal/mol): -0.11977186 
 

nocv_8 pair eigenvalue: -0.01256564  energy (a.u.): -0.00007932 energy (kcal/mol): -0.04977392  
nocv_-8     eigenvalue: -0.01256564  energy (a.u.): 0.00011155 energy (kcal/mol): 0.06999794  
nocv_+8      eigenvalue: 0.01256564  energy (a.u.): -0.00019087  energy (kcal/mol): -0.11977186 
 

nocv_9 pair eigenvalue: -0.00888354  energy (a.u.): -0.00006025 energy (kcal/mol): -0.03780830  
nocv_-9     eigenvalue: -0.00888354  energy (a.u.): 0.00112437 energy (kcal/mol): 0.70555213  
nocv_+9      eigenvalue: 0.00888354  energy (a.u.): -0.00118462  energy (kcal/mol): -0.74336043 
 

nocv_10 pair eigenvalue: -0.00888354  energy (a.u.): -0.00006025 energy (kcal/mol): -0.03780830  
nocv_-10     eigenvalue: -0.00888354  energy (a.u.): 0.00112437 energy (kcal/mol): 0.70555213  
nocv_+10      eigenvalue: 0.00888354  energy (a.u.): -0.00118462  energy (kcal/mol): -0.74336043 
 

nocv_11 pair eigenvalue: -0.00803499  energy (a.u.): -0.00005051 energy (kcal/mol): -0.03169808  
nocv_-11     eigenvalue: -0.00803499  energy (a.u.): 0.00034644 energy (kcal/mol): 0.21739386  
nocv_+11      eigenvalue: 0.00803499  energy (a.u.): -0.00039695  energy (kcal/mol): -0.24909193 
 

nocv_12 pair eigenvalue: -0.00803499  energy (a.u.): -0.00005051 energy (kcal/mol): -0.03169808  
nocv_-12     eigenvalue: -0.00803499  energy (a.u.): 0.00034644 energy (kcal/mol): 0.21739386  
nocv_+12      eigenvalue: 0.00803499  energy (a.u.): -0.00039695  energy (kcal/mol): -0.24909193 
 
