 Initialze the atomic densities on each center
 Done
 Iteration            1
  total electronic energy   =      -5443.2659635590
  nuclear repulsion energy  =        167.7652114370
  total energy              =      -5275.5007521220
  maxdiff in density matrix =      0.2069807200E+00 (  94.059%) 
 Iteration            2
  total electronic energy   =      -5563.0338681366
  nuclear repulsion energy  =        167.7652114370
  total energy              =      -5395.2686566997
  maxdiff in density matrix =      0.2708393384E-01 (  28.011%) 
 Iteration            3
  total electronic energy   =      -5563.0705842875
  nuclear repulsion energy  =        167.7652114370
  total energy              =      -5395.3053728505
  maxdiff in density matrix =      0.1192380242E-01 (  25.945%) 
 Iteration            4
  total electronic energy   =      -5563.0797030608
  nuclear repulsion energy  =        167.7652114370
  total energy              =      -5395.3144916239
  maxdiff in density matrix =      0.8353355760E-02 (  14.891%) 
 Iteration            5
  total electronic energy   =      -5563.0833029999
  nuclear repulsion energy  =        167.7652114370
  total energy              =      -5395.3180915629
  maxdiff in density matrix =      0.6209797010E-02 (   9.798%) 
 Iteration            6
  total electronic energy   =      -5563.0851288548
  nuclear repulsion energy  =        167.7652114370
  total energy              =      -5395.3199174179
  maxdiff in density matrix =      0.4570442991E-02 (   6.646%) 
 Iteration            7
  total electronic energy   =      -5563.0861906973
  nuclear repulsion energy  =        167.7652114370
  total energy              =      -5395.3209792604
  maxdiff in density matrix =      0.3417621560E-02 (   4.697%) 
 Iteration            8
  total electronic energy   =      -5563.0868593380
  nuclear repulsion energy  =        167.7652114370
  total energy              =      -5395.3216479011
  maxdiff in density matrix =      0.2403391972E-02 (   3.176%) 
 Iteration            9
  total electronic energy   =      -5563.0873009707
  nuclear repulsion energy  =        167.7652114370
  total energy              =      -5395.3220895337
  maxdiff in density matrix =      0.1926219477E-02 (   2.475%) 
 Iteration           10
  total electronic energy   =      -5563.0876045048
  nuclear repulsion energy  =        167.7652114370
  total energy              =      -5395.3223930678
  maxdiff in density matrix =      0.1428165475E-02 (   1.796%) 
 Iteration           11
  total electronic energy   =      -5563.0878192450
  nuclear repulsion energy  =        167.7652114370
  total energy              =      -5395.3226078081
  maxdiff in density matrix =      0.1860704859E-02 (  66.990%) 
 Iteration           12
  total electronic energy   =      -5563.0879720236
  nuclear repulsion energy  =        167.7652114370
  total energy              =      -5395.3227605867
  maxdiff in density matrix =      0.1253744731E-02 (  28.584%) 
 Iteration           13
  total electronic energy   =      -5563.0880865962
  nuclear repulsion energy  =        167.7652114370
  total energy              =      -5395.3228751592
  maxdiff in density matrix =      0.2139008708E-02 (  52.800%) 
 Iteration           14
  total electronic energy   =      -5563.0881668313
  nuclear repulsion energy  =        167.7652114370
  total energy              =      -5395.3229553943
  maxdiff in density matrix =      0.1292549997E-02 (  28.888%) 
 Iteration           15
  total electronic energy   =      -5563.0882281312
  nuclear repulsion energy  =        167.7652114370
  total energy              =      -5395.3230166943
  maxdiff in density matrix =      0.5495543350E-03 (   0.451%) 
 Iteration           16
  total electronic energy   =      -5563.0882753879
  nuclear repulsion energy  =        167.7652114370
  total energy              =      -5395.3230639509
  maxdiff in density matrix =      0.4995692979E-03 (   0.593%) 
 Iteration           17
  total electronic energy   =      -5563.0883107964
  nuclear repulsion energy  =        167.7652114370
  total energy              =      -5395.3230993594
  maxdiff in density matrix =      0.5067854946E-03 (  13.922%) 
 Iteration           18
  total electronic energy   =      -5563.0883373549
  nuclear repulsion energy  =        167.7652114370
  total energy              =      -5395.3231259179
  maxdiff in density matrix =      0.3025331395E-03 (   7.480%) 
 Iteration           19
  total electronic energy   =      -5563.0883595436
  nuclear repulsion energy  =        167.7652114370
  total energy              =      -5395.3231481066
  maxdiff in density matrix =      0.1127752640E-02 (  23.693%) 
 Iteration           20
  total electronic energy   =      -5563.0883750946
  nuclear repulsion energy  =        167.7652114370
  total energy              =      -5395.3231636576
  maxdiff in density matrix =      0.3788452756E-03 (  10.311%) 
 Iteration           21
  total electronic energy   =      -5563.0883883713
  nuclear repulsion energy  =        167.7652114370
  total energy              =      -5395.3231769344
  maxdiff in density matrix =      0.3703443716E-03 (   3.739%) 
 Iteration           22
  total electronic energy   =      -5563.0883990205
  nuclear repulsion energy  =        167.7652114370
  total energy              =      -5395.3231875835
  maxdiff in density matrix =      0.3254052313E-03 (   1.454%) 
 Iteration           23
  total electronic energy   =      -5563.0884070466
  nuclear repulsion energy  =        167.7652114370
  total energy              =      -5395.3231956096
  maxdiff in density matrix =      0.2531795565E-03 (  12.781%) 
 Iteration           24
  total electronic energy   =      -5563.0884134994
  nuclear repulsion energy  =        167.7652114370
  total energy              =      -5395.3232020624
  maxdiff in density matrix =      0.2345055322E-03 (   1.032%) 
 Iteration           25
  total electronic energy   =      -5563.0884185788
  nuclear repulsion energy  =        167.7652114370
  total energy              =      -5395.3232071418
  maxdiff in density matrix =      0.1241421862E-03 (   0.144%) 
 Iteration           26
  total electronic energy   =      -5563.0884227039
  nuclear repulsion energy  =        167.7652114370
  total energy              =      -5395.3232112669
  maxdiff in density matrix =      0.1503596631E-03 (   0.174%) 
 Iteration           27
  total electronic energy   =      -5563.0884353007
  nuclear repulsion energy  =        167.7652114370
  total energy              =      -5395.3232238637
  maxdiff in density matrix =      0.1609445569E-02 (  51.864%) 
 Iteration           28
  total electronic energy   =      -5563.0884304306
  nuclear repulsion energy  =        167.7652114370
  total energy              =      -5395.3232189936
  maxdiff in density matrix =      0.1990688095E-02 (  55.925%) 
 Iteration           29
  total electronic energy   =      -5563.0884316251
  nuclear repulsion energy  =        167.7652114370
  total energy              =      -5395.3232201881
  maxdiff in density matrix =      0.3836439044E-03 (  11.967%) 
 Iteration           30
  total electronic energy   =      -5563.0884333460
  nuclear repulsion energy  =        167.7652114370
  total energy              =      -5395.3232219090
  maxdiff in density matrix =      0.4944243342E-03 (  15.968%) 
 Iteration           31
  total electronic energy   =      -5563.0884349324
  nuclear repulsion energy  =        167.7652114370
  total energy              =      -5395.3232234955
  maxdiff in density matrix =      0.3344576068E-03 (  10.822%) 
 Iteration           32
  total electronic energy   =      -5563.0884359844
  nuclear repulsion energy  =        167.7652114370
  total energy              =      -5395.3232245474
  maxdiff in density matrix =      0.2590019001E-03 (   9.370%) 
 Iteration           33
  total electronic energy   =      -5563.0884371473
  nuclear repulsion energy  =        167.7652114370
  total energy              =      -5395.3232257104
  maxdiff in density matrix =      0.3947481288E-03 (   4.162%) 
 Iteration           34
  total electronic energy   =      -5563.0884380448
  nuclear repulsion energy  =        167.7652114370
  total energy              =      -5395.3232266078
  maxdiff in density matrix =      0.3016794845E-03 (  10.031%) 
 Iteration           35
  total electronic energy   =      -5563.0884392941
  nuclear repulsion energy  =        167.7652114370
  total energy              =      -5395.3232278572
  maxdiff in density matrix =      0.8874526432E-03 (  36.778%) 
 Iteration           36
  total electronic energy   =      -5563.0884392296
  nuclear repulsion energy  =        167.7652114370
  total energy              =      -5395.3232277926
  maxdiff in density matrix =      0.3360883794E-03 (   3.404%) 
 Iteration           37
  total electronic energy   =      -5563.0884397787
  nuclear repulsion energy  =        167.7652114370
  total energy              =      -5395.3232283418
  maxdiff in density matrix =      0.3872246908E-03 (  16.300%) 
 Iteration           38
  total electronic energy   =      -5563.0884401225
  nuclear repulsion energy  =        167.7652114370
  total energy              =      -5395.3232286855
  maxdiff in density matrix =      0.2755279338E-03 (   2.915%) 
 Iteration           39
  total electronic energy   =      -5563.0884408210
  nuclear repulsion energy  =        167.7652114370
  total energy              =      -5395.3232293841
  maxdiff in density matrix =      0.7691620533E-03 (  32.967%) 
 Iteration           40
  total electronic energy   =      -5563.0884409144
  nuclear repulsion energy  =        167.7652114370
  total energy              =      -5395.3232294774
  maxdiff in density matrix =      0.3385226896E-03 (  15.985%) 
 Iteration           41
  total electronic energy   =      -5563.0884411202
  nuclear repulsion energy  =        167.7652114370
  total energy              =      -5395.3232296832
  maxdiff in density matrix =      0.3293358055E-03 (  13.433%) 
 Iteration           42
  total electronic energy   =      -5563.0884414041
  nuclear repulsion energy  =        167.7652114370
  total energy              =      -5395.3232299672
  maxdiff in density matrix =      0.5501037826E-03 (  19.025%) 
 Iteration           43
  total electronic energy   =      -5563.0884414560
  nuclear repulsion energy  =        167.7652114370
  total energy              =      -5395.3232300190
Options: 
berthamodpath  =  /home/belp/BERTHAEDA/pybertha_private/src
cube  =  False
debug  =  False
deltax  =  0.2
deltay  =  0.2
deltaz  =  0.2
dumpfiles  =  False
energyconverter  =  1.0
fitcoefffile  =  fitcoeff.txt
fittfile  =  fitt2.inp
info_fragA  =  info_eda_nocv_fragA.json
info_fragB  =  info_eda_nocv_fragB.json
inputfile  =  input.inp
lmargin  =  10.0
npairs  =  12
ovapfile  =  ovap.txt
thresh  =  1e-11
vctfile  =  vct.txt
verbosity  =  -1
wrapperso  =  /home/belp/BERTHAEDA/pybertha_private/lib/bertha_wrapper.so


Verbosity       :  -1
Dumpfiles       :  0

Matrix dimension:  1764
            nocc:  60
          nshift:  882
           nopen:  0
     level shift:  -2.0

Totaltime:     341.58116126060486  (CPU time:  1802.295808469 ) s 
MainRun Time:  340.92339301109314  (CPU time:  1801.498134528 ) s 

Final results 
eigenvalue     1        -930.72810490
eigenvalue     2        -930.72810489
eigenvalue     3        -137.21972164
eigenvalue     4        -137.21972164
eigenvalue     5        -127.53875389
eigenvalue     6        -127.53875389
eigenvalue     7        -121.09322451
eigenvalue     8        -121.09322451
eigenvalue     9        -121.09261211
eigenvalue    10        -121.09261211
eigenvalue    11         -25.36762264
eigenvalue    12         -25.36762264
eigenvalue    13         -21.51622033
eigenvalue    14         -21.51622033
eigenvalue    15         -20.38000901
eigenvalue    16         -20.38000901
eigenvalue    17         -20.37770865
eigenvalue    18         -20.37770865
eigenvalue    19         -13.56106658
eigenvalue    20         -13.56106658
eigenvalue    21         -13.55892343
eigenvalue    22         -13.55892343
eigenvalue    23         -13.33242043
eigenvalue    24         -13.33242043
eigenvalue    25         -13.33091694
eigenvalue    26         -13.33091694
eigenvalue    27         -13.32960195
eigenvalue    28         -13.32960195
eigenvalue    29         -10.16180282
eigenvalue    30         -10.16180282
eigenvalue    31         -10.16002641
eigenvalue    32         -10.16002641
eigenvalue    33          -3.75024164
eigenvalue    34          -3.75024164
eigenvalue    35          -2.53922084
eigenvalue    36          -2.53922084
eigenvalue    37          -2.35341086
eigenvalue    38          -2.35341086
eigenvalue    39          -2.35053755
eigenvalue    40          -2.35053755
eigenvalue    41          -0.93271323
eigenvalue    42          -0.93271323
eigenvalue    43          -0.73764257
eigenvalue    44          -0.73764257
eigenvalue    45          -0.67005016
eigenvalue    46          -0.67005016
eigenvalue    47          -0.56968970
eigenvalue    48          -0.56968970
eigenvalue    49          -0.54422869
eigenvalue    50          -0.54422869
eigenvalue    51          -0.54202314
eigenvalue    52          -0.54202314
eigenvalue    53          -0.52773333
eigenvalue    54          -0.52773333
eigenvalue    55          -0.51935800
eigenvalue    56          -0.51935800
eigenvalue    57          -0.49041106
eigenvalue    58          -0.49041106
eigenvalue    59          -0.48150810
eigenvalue    60          -0.48150810
      lumo                -0.33553045
      SUMEIGEN         -3259.51501025

Total electronic energy  =       -5563.08844146
Nuclear repulsion energy =         167.76521144
Total energy             =       -5395.32323002

Compute density matrix 
Trace (       60.0000000000,         0.0000000000i)

MOLECULAR PROPERTIES:...
  
Dipole Moment: 
Axis   electronic dipole (a.u.)    nuclear dipole (a.u.)      Total dipole (a.u.)      Total dipole (Debye) 
 x             0.0000753758            0.0000000000             0.0000753758              0.0001915735 
 y             0.0000352572            0.0000000000             0.0000352572              0.0000896089 
 z           -59.5083430501           60.8542791400             1.3459360899              3.4208042474 
  
Molecular dipole module:          1.3459360925 (a.u.)          3.4208042540 (Debye) 
Etotal fragA: -5317.86754051
Exc    fragA: -150.30567747
Etotal fragB: -77.39304273
Exc    fragB: -11.47107113
NOCV orthonormal: True

trace of nocv_-1 : 1.00000000

trace of nocv_+1 : 1.00000000

trace of nocv_-2 : 1.00000000

trace of nocv_+2 : 1.00000000

trace of nocv_-3 : 1.00000000

trace of nocv_+3 : 1.00000000

trace of nocv_-4 : 1.00000000

trace of nocv_+4 : 1.00000000

trace of nocv_-5 : 1.00000000

trace of nocv_+5 : 1.00000000

trace of nocv_-6 : 1.00000000

trace of nocv_+6 : 1.00000000

trace of nocv_-7 : 1.00000000

trace of nocv_+7 : 1.00000000

trace of nocv_-8 : 1.00000000

trace of nocv_+8 : 1.00000000

trace of nocv_-9 : 1.00000000

trace of nocv_+9 : 1.00000000

trace of nocv_-10 : 1.00000000

trace of nocv_+10 : 1.00000000

trace of nocv_-11 : 1.00000000

trace of nocv_+11 : 1.00000000

trace of nocv_-12 : 1.00000000

trace of nocv_+12 : 1.00000000

Density_0 --> Fock --> energy
 total electronic energy  =          -5563.023790350614945
 nuclear repulsion energy =            167.765211436968656
 total energy             =          -5395.258578913646488
 coulomb energy           =           4704.074806810192058
 Exc     energy           =           -161.861359514918263
Density_A+B --> Fock --> energy
 total electronic energy  =          -5563.157562394540037
 nuclear repulsion energy =            167.765211436968656
 total energy             =          -5395.392350957571580
 coulomb energy           =           4702.670325152576879
 Exc     energy           =           -161.823162504472748
Density --> Fock --> energy
 total electronic energy  =          -5563.088441375003640
 nuclear repulsion energy =            167.765211436968656
 total energy             =          -5395.323229938035183
 coulomb energy           =           4704.532354682568439
 Exc     energy           =           -161.779178306677608

Total interaction  energy                                    [DE_int]: -0.06264670

tilde Pauli exact                                     [DE_tildePauli]: 0.13377204                                 
tilde Pauli from ETS (corrected up to third order): 0.13373708
Delta_Exc = exc - exc_fragA - exc_fragB                         [DEexc]: -0.04641391

Pauli defined as in ADF. (tilde Pauli (exact) + Delta_Exc   [DEpauli]: 0.08735813

Electrostatic int E_A+B - Delta_Exc                         [DEelect]:  -0.08535381         

Orbital energy (exact)                                        [DEorb]: -0.06465102
Orbital energy from ETS  (corrected up to third order): -0.06464041
Orbital energy from ETS using Ziegler formula (corrected up to fifth order): -0.06459409

nocv_1 pair eigenvalue: -0.25098568  energy (a.u.): -0.01941635 energy (kcal/mol): -12.18394315  
nocv_-1     eigenvalue: -0.25098568  energy (a.u.): 0.08834953 energy (kcal/mol): 55.44018217  
nocv_+1      eigenvalue: 0.25098568  energy (a.u.): -0.10776588  energy (kcal/mol): -67.62412531 
 

nocv_2 pair eigenvalue: -0.25098568  energy (a.u.): -0.01941635 energy (kcal/mol): -12.18394314  
nocv_-2     eigenvalue: -0.25098568  energy (a.u.): 0.08834953 energy (kcal/mol): 55.44018205  
nocv_+2      eigenvalue: 0.25098568  energy (a.u.): -0.10776588  energy (kcal/mol): -67.62412519 
 

nocv_3 pair eigenvalue: -0.12564536  energy (a.u.): -0.00575312 energy (kcal/mol): -3.61013758  
nocv_-3     eigenvalue: -0.12564536  energy (a.u.): 0.04830453 energy (kcal/mol): 30.31155773  
nocv_+3      eigenvalue: 0.12564536  energy (a.u.): -0.05405765  energy (kcal/mol): -33.92169531 
 

nocv_4 pair eigenvalue: -0.12564536  energy (a.u.): -0.00575312 energy (kcal/mol): -3.61013758  
nocv_-4     eigenvalue: -0.12564536  energy (a.u.): 0.04830453 energy (kcal/mol): 30.31155773  
nocv_+4      eigenvalue: 0.12564536  energy (a.u.): -0.05405765  energy (kcal/mol): -33.92169530 
 

nocv_5 pair eigenvalue: -0.06687008  energy (a.u.): -0.00283732 energy (kcal/mol): -1.78044638  
nocv_-5     eigenvalue: -0.06687008  energy (a.u.): 0.01576994 energy (kcal/mol): 9.89578779  
nocv_+5      eigenvalue: 0.06687008  energy (a.u.): -0.01860726  energy (kcal/mol): -11.67623417 
 

nocv_6 pair eigenvalue: -0.06687008  energy (a.u.): -0.00283732 energy (kcal/mol): -1.78044638  
nocv_-6     eigenvalue: -0.06687008  energy (a.u.): 0.01576994 energy (kcal/mol): 9.89578779  
nocv_+6      eigenvalue: 0.06687008  energy (a.u.): -0.01860726  energy (kcal/mol): -11.67623417 
 

nocv_7 pair eigenvalue: -0.05073021  energy (a.u.): -0.00205280 energy (kcal/mol): -1.28815024  
nocv_-7     eigenvalue: -0.05073021  energy (a.u.): 0.01162048 energy (kcal/mol): 7.29196065  
nocv_+7      eigenvalue: 0.05073021  energy (a.u.): -0.01367327  energy (kcal/mol): -8.58011090 
 

nocv_8 pair eigenvalue: -0.05073021  energy (a.u.): -0.00205280 energy (kcal/mol): -1.28815024  
nocv_-8     eigenvalue: -0.05073021  energy (a.u.): 0.01162048 energy (kcal/mol): 7.29196065  
nocv_+8      eigenvalue: 0.05073021  energy (a.u.): -0.01367327  energy (kcal/mol): -8.58011089 
 

nocv_9 pair eigenvalue: -0.03637775  energy (a.u.): -0.00096062 energy (kcal/mol): -0.60280105  
nocv_-9     eigenvalue: -0.03637775  energy (a.u.): 0.01185024 energy (kcal/mol): 7.43614167  
nocv_+9      eigenvalue: 0.03637775  energy (a.u.): -0.01281087  energy (kcal/mol): -8.03894272 
 

nocv_10 pair eigenvalue: -0.03637775  energy (a.u.): -0.00096062 energy (kcal/mol): -0.60280105  
nocv_-10     eigenvalue: -0.03637775  energy (a.u.): 0.01185024 energy (kcal/mol): 7.43614166  
nocv_+10      eigenvalue: 0.03637775  energy (a.u.): -0.01281087  energy (kcal/mol): -8.03894272 
 

nocv_11 pair eigenvalue: -0.02795235  energy (a.u.): -0.00026615 energy (kcal/mol): -0.16701190  
nocv_-11     eigenvalue: -0.02795235  energy (a.u.): 0.00923838 energy (kcal/mol): 5.79717471  
nocv_+11      eigenvalue: 0.02795235  energy (a.u.): -0.00950453  energy (kcal/mol): -5.96418661 
 

nocv_12 pair eigenvalue: -0.02795235  energy (a.u.): -0.00026615 energy (kcal/mol): -0.16701190  
nocv_-12     eigenvalue: -0.02795235  energy (a.u.): 0.00923838 energy (kcal/mol): 5.79717471  
nocv_+12      eigenvalue: 0.02795235  energy (a.u.): -0.00950453  energy (kcal/mol): -5.96418661 
 
